{
  "app": "spatial_rayjoin",
  "backend": "optix",
  "benchmark_track": "primitive_first_rt_count_or_parity",
  "claim_boundary": {
    "canonical_harness": true,
    "native_engine_customization": false,
    "paper_reproduction_claim_authorized": false,
    "public_speedup_claim_authorized": false,
    "row_overlay_continuation_deferred_tier_b": true,
    "rtdl_beats_rayjoin_claim_authorized": false,
    "tier_a_count_or_parity_only": true,
    "triton_speedup_claim_authorized": false,
    "true_zero_copy_claim_authorized": false,
    "whole_app_speedup_claim_authorized": false
  },
  "elapsed_sec": 1.4745805959682912,
  "execution_route": "prepared_optix",
  "goal": "Goal2799",
  "gpu": "NVIDIA RTX A5000, 570.211.01",
  "harness_version": "rtdl.goal2799.spatial_rayjoin_v2_5_prepared_count_harness.v1",
  "include_rows": false,
  "repeat": 7,
  "result_mode": "count",
  "row_count": 3,
  "rows": [
    {
      "backend": "optix",
      "cpu_output_contract": "point_to_polygon_positive_hit_rows",
      "dataset": "tests/fixtures/rayjoin/br_county_subset.cdb",
      "dataset_note": "County subset probe points against deterministic chain-derived polygons.",
      "elapsed_sec": 0.8470093258656561,
      "execution_route": "prepared_optix",
      "expected_count": 6,
      "generic_primitive": "POINT_CLOSED_SHAPE_MEMBERSHIP_2D",
      "include_rows": false,
      "matches_cpu_reference": true,
      "native_engine_boundary": "The native engine sees generic prepared point/shape, segment-pair, or shape-pair contracts; RayJoin workload interpretation stays in Python.",
      "observed_count": 6,
      "observed_counts": [
        6,
        6,
        6,
        6,
        6,
        6,
        6
      ],
      "phase_max_ms": {
        "prepare_static_scene_sec": 0.17282809130847454,
        "prepared_query_sec": 0.14406489208340645,
        "query_pack_sec": 0.008514849469065666,
        "static_shape_pack_sec": 0.02584001049399376
      },
      "phase_medians_ms": {
        "prepare_static_scene_sec": 0.15554996207356453,
        "prepared_query_sec": 0.13014813885092735,
        "query_pack_sec": 0.007777940481901169,
        "static_shape_pack_sec": 0.02080388367176056
      },
      "phase_min_ms": {
        "prepare_static_scene_sec": 0.1532591413706541,
        "prepared_query_sec": 0.12626289390027523,
        "query_pack_sec": 0.0075569842010736465,
        "static_shape_pack_sec": 0.0188478734344244
      },
      "prepared_output_contract": "point_to_shape_positive_hit_count",
      "prepared_query_times_ms": [
        0.13694283552467823,
        0.13014813885092735,
        0.1292338129132986,
        0.12954603880643845,
        0.13053789734840393,
        0.14406489208340645,
        0.12626289390027523
      ],
      "repeat": 7,
      "result_mode": "count",
      "status": "pass",
      "uses_prepared_optix_rt_backend": true,
      "warmup": 2,
      "workload": "pip"
    },
    {
      "backend": "optix",
      "cpu_output_contract": "segment_segment_intersection_rows",
      "dataset": "tests/fixtures/rayjoin/br_county_subset.cdb",
      "dataset_note": "Deterministic county-subset segment slice chosen to preserve CPU/Embree parity.",
      "elapsed_sec": 0.30391044495627284,
      "execution_route": "prepared_optix",
      "expected_count": 1,
      "generic_primitive": "SEGMENT_PAIR_INTERSECTION_2D",
      "include_rows": false,
      "matches_cpu_reference": true,
      "native_engine_boundary": "The native engine sees generic prepared point/shape, segment-pair, or shape-pair contracts; RayJoin workload interpretation stays in Python.",
      "observed_count": 1,
      "observed_counts": [
        1,
        1,
        1,
        1,
        1,
        1,
        1
      ],
      "phase_max_ms": {
        "prepare_static_scene_sec": 0.17810799181461334,
        "prepared_query_sec": 0.16472907736897469,
        "query_pack_sec": 0.029625138267874718
      },
      "phase_medians_ms": {
        "prepare_static_scene_sec": 0.17450004816055298,
        "prepared_query_sec": 0.16109785065054893,
        "query_pack_sec": 0.024458859115839005
      },
      "phase_min_ms": {
        "prepare_static_scene_sec": 0.16805902123451233,
        "prepared_query_sec": 0.15542516484856606,
        "query_pack_sec": 0.022409018129110336
      },
      "prepared_output_contract": "segment_segment_intersection_count",
      "prepared_query_times_ms": [
        0.1646089367568493,
        0.15542516484856606,
        0.16472907736897469,
        0.16109785065054893,
        0.15610014088451862,
        0.15621120110154152,
        0.16302987933158875
      ],
      "repeat": 7,
      "result_mode": "count",
      "status": "pass",
      "uses_prepared_optix_rt_backend": true,
      "warmup": 2,
      "workload": "lsi"
    },
    {
      "backend": "optix",
      "cpu_output_contract": "overlay_pair_dependency_rows_with_lsi_pip_flags",
      "dataset": "tests/fixtures/rayjoin/br_county_subset.cdb + tests/fixtures/rayjoin/br_soil_subset.cdb",
      "dataset_note": "County and soil subset chain-derived polygons for overlay seed generation.",
      "elapsed_sec": 0.3236352389212698,
      "execution_route": "prepared_optix",
      "expected_count": 0,
      "generic_primitive": "SHAPE_PAIR_RELATION_FLAGS_2D",
      "include_rows": false,
      "matches_cpu_reference": true,
      "native_engine_boundary": "The native engine sees generic prepared point/shape, segment-pair, or shape-pair contracts; RayJoin workload interpretation stays in Python.",
      "observed_count": 0,
      "observed_counts": [
        0,
        0,
        0,
        0,
        0,
        0,
        0
      ],
      "phase_max_ms": {
        "prepare_static_scene_sec": 0.01660897396504879,
        "prepared_query_sec": 0.009787967428565025,
        "query_pack_sec": 0.03337697125971317,
        "static_shape_pack_sec": 0.008458038792014122
      },
      "phase_medians_ms": {
        "prepare_static_scene_sec": 0.00861799344420433,
        "prepared_query_sec": 0.007350929081439972,
        "query_pack_sec": 0.021924031898379326,
        "static_shape_pack_sec": 0.003974884748458862
      },
      "phase_min_ms": {
        "prepare_static_scene_sec": 0.008048024028539658,
        "prepared_query_sec": 0.006362097337841988,
        "query_pack_sec": 0.021023908630013466,
        "static_shape_pack_sec": 0.00331108458340168
      },
      "prepared_output_contract": "overlay_pair_dependency_count",
      "prepared_query_times_ms": [
        0.009787967428565025,
        0.008034054189920425,
        0.007350929081439972,
        0.006839865818619728,
        0.009194016456604004,
        0.007044058293104172,
        0.006362097337841988
      ],
      "repeat": 7,
      "result_mode": "count",
      "status": "pass",
      "uses_prepared_optix_rt_backend": true,
      "warmup": 2,
      "workload": "overlay_seed"
    }
  ],
  "source_commit": "b4b8d7a6c6554b84870d9a5e67ffd16ebb8b76e8",
  "source_dirty": [],
  "status": "pass",
  "warmup": 2,
  "workloads": [
    "pip",
    "lsi",
    "overlay_seed"
  ]
}
