[goal2348] RTDL batched 3D start backend=optix queries=65536 search=65536 batch_size=65536 batches=1 result_mode=ranked-summary-aggregate-prepared-query-batch-graph-float32
[goal2348] RTDL batched 3D repeat 1/9 ok=True sec=0.000384
[goal2348] RTDL batched 3D repeat 2/9 ok=True sec=0.000153
[goal2348] RTDL batched 3D repeat 3/9 ok=True sec=0.000128
[goal2348] RTDL batched 3D repeat 4/9 ok=True sec=0.000121
[goal2348] RTDL batched 3D repeat 5/9 ok=True sec=0.000120
[goal2348] RTDL batched 3D repeat 6/9 ok=True sec=0.000119
[goal2348] RTDL batched 3D repeat 7/9 ok=True sec=0.000118
[goal2348] RTDL batched 3D repeat 8/9 ok=True sec=0.000121
[goal2348] RTDL batched 3D repeat 9/9 ok=True sec=0.000119
[goal2348] CuPy grid 3D ranked summary start queries=65536 search=65536 grid=52x51x51 occupied_cells=51018 k=50
[goal2348] CuPy grid 3D ranked summary repeat 1/9 ok=True sec=0.000265
[goal2348] CuPy grid 3D ranked summary repeat 2/9 ok=True sec=0.000171
[goal2348] CuPy grid 3D ranked summary repeat 3/9 ok=True sec=0.000146
[goal2348] CuPy grid 3D ranked summary repeat 4/9 ok=True sec=0.000139
[goal2348] CuPy grid 3D ranked summary repeat 5/9 ok=True sec=0.000138
[goal2348] CuPy grid 3D ranked summary repeat 6/9 ok=True sec=0.000138
[goal2348] CuPy grid 3D ranked summary repeat 7/9 ok=True sec=0.000136
[goal2348] CuPy grid 3D ranked summary repeat 8/9 ok=True sec=0.000137
[goal2348] CuPy grid 3D ranked summary repeat 9/9 ok=True sec=0.000137
[goal2348] RTDL batched 3D start backend=optix queries=65536 search=65536 batch_size=65536 batches=1 result_mode=ranked-summary-aggregate-prepared-query-batch-graph-float32
[goal2348] RTDL batched 3D repeat 1/9 ok=True sec=0.017508
[goal2348] RTDL batched 3D repeat 2/9 ok=True sec=0.017299
[goal2348] RTDL batched 3D repeat 3/9 ok=True sec=0.017280
[goal2348] RTDL batched 3D repeat 4/9 ok=True sec=0.017264
[goal2348] RTDL batched 3D repeat 5/9 ok=True sec=0.017272
[goal2348] RTDL batched 3D repeat 6/9 ok=True sec=0.017264
[goal2348] RTDL batched 3D repeat 7/9 ok=True sec=0.017247
[goal2348] RTDL batched 3D repeat 8/9 ok=True sec=0.017238
[goal2348] RTDL batched 3D repeat 9/9 ok=True sec=0.017260
[goal2348] CuPy grid 3D ranked summary start queries=65536 search=65536 grid=38x50x50 occupied_cells=5931 k=50
[goal2348] CuPy grid 3D ranked summary repeat 1/9 ok=True sec=0.047178
[goal2348] CuPy grid 3D ranked summary repeat 2/9 ok=True sec=0.047220
[goal2348] CuPy grid 3D ranked summary repeat 3/9 ok=True sec=0.047028
[goal2348] CuPy grid 3D ranked summary repeat 4/9 ok=True sec=0.047068
[goal2348] CuPy grid 3D ranked summary repeat 5/9 ok=True sec=0.047174
[goal2348] CuPy grid 3D ranked summary repeat 6/9 ok=True sec=0.047084
[goal2348] CuPy grid 3D ranked summary repeat 7/9 ok=True sec=0.047063
[goal2348] CuPy grid 3D ranked summary repeat 8/9 ok=True sec=0.047019
[goal2348] CuPy grid 3D ranked summary repeat 9/9 ok=True sec=0.047055
[goal2348] RTDL batched 3D start backend=optix queries=65536 search=65536 batch_size=65536 batches=1 result_mode=ranked-summary-aggregate-prepared-query-batch-graph-float32
[goal2348] RTDL batched 3D repeat 1/9 ok=True sec=0.000602
[goal2348] RTDL batched 3D repeat 2/9 ok=True sec=0.000374
[goal2348] RTDL batched 3D repeat 3/9 ok=True sec=0.000360
[goal2348] RTDL batched 3D repeat 4/9 ok=True sec=0.000352
[goal2348] RTDL batched 3D repeat 5/9 ok=True sec=0.000354
[goal2348] RTDL batched 3D repeat 6/9 ok=True sec=0.000356
[goal2348] RTDL batched 3D repeat 7/9 ok=True sec=0.000354
[goal2348] RTDL batched 3D repeat 8/9 ok=True sec=0.000358
[goal2348] RTDL batched 3D repeat 9/9 ok=True sec=0.000356
[goal2348] CuPy grid 3D ranked summary start queries=65536 search=65536 grid=43x44x43 occupied_cells=19194 k=50
[goal2348] CuPy grid 3D ranked summary repeat 1/9 ok=True sec=0.002755
[goal2348] CuPy grid 3D ranked summary repeat 2/9 ok=True sec=0.002728
[goal2348] CuPy grid 3D ranked summary repeat 3/9 ok=True sec=0.002716
[goal2348] CuPy grid 3D ranked summary repeat 4/9 ok=True sec=0.002746
[goal2348] CuPy grid 3D ranked summary repeat 5/9 ok=True sec=0.002724
[goal2348] CuPy grid 3D ranked summary repeat 6/9 ok=True sec=0.002725
[goal2348] CuPy grid 3D ranked summary repeat 7/9 ok=True sec=0.002718
[goal2348] CuPy grid 3D ranked summary repeat 8/9 ok=True sec=0.002719
[goal2348] CuPy grid 3D ranked summary repeat 9/9 ok=True sec=0.002733
{
  "app": "rtnn",
  "benchmark_track": "tier_b_live_exact_fixed_radius_ranked_summary",
  "claim_boundary": {
    "broad_rt_core_speedup_claim_authorized": false,
    "canonical_live_harness": true,
    "native_engine_customization": false,
    "paper_reproduction_claim_authorized": false,
    "public_speedup_claim_authorized": false,
    "rtdl_beats_cupy_grid_claim_authorized": false,
    "rtdl_beats_rtnn_claim_authorized": false,
    "tier_b_same_contract_opponent": true,
    "triton_speedup_claim_authorized": false,
    "whole_app_speedup_claim_authorized": false
  },
  "distributions": [
    "uniform",
    "clustered",
    "shell"
  ],
  "elapsed_sec": 4.776601945050061,
  "goal": "Goal2800",
  "gpu": "NVIDIA RTX A5000, 570.211.01",
  "harness_version": "rtdl.goal2800.rtnn_v2_5_live_ranked_summary_harness.v8.scale65536_repeat9_graph_replay",
  "k_max": 50,
  "point_count": 65536,
  "query_batch_size": 65536,
  "radius": 0.02,
  "repeat": 9,
  "row_count": 3,
  "rows": [
    {
      "candidate_count_delta": 0,
      "candidate_count_matches_cupy_grid": true,
      "candidate_count_tolerance": 2,
      "candidate_count_within_tolerance": true,
      "claim_boundary": {
        "broad_rt_core_speedup_claim_authorized": false,
        "canonical_live_harness": true,
        "native_engine_customization": false,
        "paper_reproduction_claim_authorized": false,
        "public_speedup_claim_authorized": false,
        "rtdl_beats_cupy_grid_claim_authorized": false,
        "rtdl_beats_rtnn_claim_authorized": false,
        "tier_b_same_contract_opponent": true,
        "triton_speedup_claim_authorized": false,
        "whole_app_speedup_claim_authorized": false
      },
      "contract": {
        "bounded_k": 50,
        "exact": false,
        "family": "fixed_radius_neighbors_3d",
        "mode": "ranked-summary-aggregate-prepared-query-batch-graph-float32",
        "precision": "float32",
        "prepared_query_points": true,
        "same_contract_opponent": "cupy_grid_exact_ranked_summary_3d"
      },
      "cupy_grid_bounded_neighbor_count": 206446,
      "cupy_grid_elapsed_runs_sec": [
        0.00026526511646807194,
        0.00017089187167584896,
        0.00014577084220945835,
        0.0001388518139719963,
        0.00013818801380693913,
        0.00013750791549682617,
        0.00013627996668219566,
        0.00013698101975023746,
        0.0001367451623082161
      ],
      "cupy_grid_elapsed_sec": 0.00013818801380693913,
      "cupy_grid_elapsed_statistic": "median",
      "cupy_grid_ok": true,
      "cupy_grid_over_rtdl_elapsed_ratio": 1.1454308250202159,
      "cupy_grid_summary": {
        "bounded_neighbor_count": 206446,
        "kth_id_checksum": 2152173198,
        "nearest_id_checksum": 2147450880,
        "row_count": 65536,
        "sum_distance": 2112.1991681938525
      },
      "distribution": "uniform",
      "elapsed_sec": 3.042312803911045,
      "generated": {
        "dimension": 3,
        "format": "rtnn_csv_xyz",
        "path": "/tmp/goal2959_current_packet_after_rtnn_chunk/_work/goal2800/uniform_65536.csv",
        "point_count": 65536,
        "seed": 2800
      },
      "query_count": 65536,
      "ranked_aggregate_matches_cupy_grid": true,
      "rtdl_elapsed_runs_sec": [
        0.000384374987334013,
        0.0001527650747448206,
        0.00012774812057614326,
        0.000120911980047822,
        0.00012037600390613079,
        0.00011883699335157871,
        0.00011779996566474438,
        0.00012064282782375813,
        0.00011936388909816742
      ],
      "rtdl_elapsed_sec": 0.00012064282782375813,
      "rtdl_elapsed_statistic": "median",
      "rtdl_input_pack_sec": 0.03836332121863961,
      "rtdl_ok": true,
      "rtdl_phase_summary": {
        "batch_count": 1,
        "candidate_count_pass_sec": 8.3606e-05,
        "modes": [
          "prepared_query_uniform_cell_ranked_summary_aggregate_f32_batch_cuda_graph_replay"
        ],
        "raw_candidate_count": 206446,
        "row_download_sec": 1.554e-05,
        "upload_sec": 0.0
      },
      "rtdl_prepare_sec": 1.9405803510453552,
      "rtdl_ranked_aggregate_summary": {
        "bounded_neighbor_count": 206446,
        "kth_id_checksum": 2152173198,
        "nearest_id_checksum": 2147450880,
        "row_count": 65536,
        "sum_distance": 2112.1991674860474
      },
      "rtdl_raw_candidate_count": 206446,
      "rtdl_row_count": 65536,
      "search_count": 65536,
      "status": "pass"
    },
    {
      "candidate_count_delta": 0,
      "candidate_count_matches_cupy_grid": true,
      "candidate_count_tolerance": 2,
      "candidate_count_within_tolerance": true,
      "claim_boundary": {
        "broad_rt_core_speedup_claim_authorized": false,
        "canonical_live_harness": true,
        "native_engine_customization": false,
        "paper_reproduction_claim_authorized": false,
        "public_speedup_claim_authorized": false,
        "rtdl_beats_cupy_grid_claim_authorized": false,
        "rtdl_beats_rtnn_claim_authorized": false,
        "tier_b_same_contract_opponent": true,
        "triton_speedup_claim_authorized": false,
        "whole_app_speedup_claim_authorized": false
      },
      "contract": {
        "bounded_k": 50,
        "exact": false,
        "family": "fixed_radius_neighbors_3d",
        "mode": "ranked-summary-aggregate-prepared-query-batch-graph-float32",
        "precision": "float32",
        "prepared_query_points": true,
        "same_contract_opponent": "cupy_grid_exact_ranked_summary_3d"
      },
      "cupy_grid_bounded_neighbor_count": 2914109,
      "cupy_grid_elapsed_runs_sec": [
        0.04717790405265987,
        0.04722022591158748,
        0.04702793410979211,
        0.047068459913134575,
        0.04717360809445381,
        0.0470835599116981,
        0.04706280794925988,
        0.04701859503984451,
        0.04705525212921202
      ],
      "cupy_grid_elapsed_sec": 0.047068459913134575,
      "cupy_grid_elapsed_statistic": "median",
      "cupy_grid_ok": true,
      "cupy_grid_over_rtdl_elapsed_ratio": 2.726406126041795,
      "cupy_grid_summary": {
        "bounded_neighbor_count": 2914109,
        "kth_id_checksum": 2144378896,
        "nearest_id_checksum": 2147450880,
        "row_count": 65536,
        "sum_distance": 31343.765593762975
      },
      "distribution": "clustered",
      "elapsed_sec": 1.1442758170887828,
      "generated": {
        "cluster_count": 8,
        "cluster_stddev": 0.035,
        "dimension": 3,
        "distribution": "clustered",
        "format": "rtnn_csv_xyz",
        "path": "/tmp/goal2959_current_packet_after_rtnn_chunk/_work/goal2800/clustered_65536.csv",
        "point_count": 65536,
        "seed": 2801
      },
      "query_count": 65536,
      "ranked_aggregate_matches_cupy_grid": true,
      "rtdl_elapsed_runs_sec": [
        0.01750815799459815,
        0.017298633931204677,
        0.01728022308088839,
        0.017263665795326233,
        0.017271633958444,
        0.017263920977711678,
        0.017247071024030447,
        0.017238005995750427,
        0.017260050168260932
      ],
      "rtdl_elapsed_sec": 0.017263920977711678,
      "rtdl_elapsed_statistic": "median",
      "rtdl_input_pack_sec": 0.03321605105884373,
      "rtdl_ok": true,
      "rtdl_phase_summary": {
        "batch_count": 1,
        "candidate_count_pass_sec": 0.017213703,
        "modes": [
          "prepared_query_uniform_cell_ranked_summary_aggregate_f32_batch_cuda_graph_replay"
        ],
        "raw_candidate_count": 2914109,
        "row_download_sec": 1.9304e-05,
        "upload_sec": 0.0
      },
      "rtdl_prepare_sec": 0.007828996982425451,
      "rtdl_ranked_aggregate_summary": {
        "bounded_neighbor_count": 2914109,
        "kth_id_checksum": 2144378896,
        "nearest_id_checksum": 2147450880,
        "row_count": 65536,
        "sum_distance": 31343.765581409214
      },
      "rtdl_raw_candidate_count": 2914109,
      "rtdl_row_count": 65536,
      "search_count": 65536,
      "status": "pass"
    },
    {
      "candidate_count_delta": 0,
      "candidate_count_matches_cupy_grid": true,
      "candidate_count_tolerance": 2,
      "candidate_count_within_tolerance": true,
      "claim_boundary": {
        "broad_rt_core_speedup_claim_authorized": false,
        "canonical_live_harness": true,
        "native_engine_customization": false,
        "paper_reproduction_claim_authorized": false,
        "public_speedup_claim_authorized": false,
        "rtdl_beats_cupy_grid_claim_authorized": false,
        "rtdl_beats_rtnn_claim_authorized": false,
        "tier_b_same_contract_opponent": true,
        "triton_speedup_claim_authorized": false,
        "whole_app_speedup_claim_authorized": false
      },
      "contract": {
        "bounded_k": 50,
        "exact": false,
        "family": "fixed_radius_neighbors_3d",
        "mode": "ranked-summary-aggregate-prepared-query-batch-graph-float32",
        "precision": "float32",
        "prepared_query_points": true,
        "same_contract_opponent": "cupy_grid_exact_ranked_summary_3d"
      },
      "cupy_grid_bounded_neighbor_count": 1158438,
      "cupy_grid_elapsed_runs_sec": [
        0.002754912944510579,
        0.002727607963606715,
        0.0027156281284987926,
        0.0027464760933071375,
        0.002724339021369815,
        0.002724661957472563,
        0.0027182798366993666,
        0.0027190002147108316,
        0.0027326650451868773
      ],
      "cupy_grid_elapsed_sec": 0.002724661957472563,
      "cupy_grid_elapsed_statistic": "median",
      "cupy_grid_ok": true,
      "cupy_grid_over_rtdl_elapsed_ratio": 7.652255395725793,
      "cupy_grid_summary": {
        "bounded_neighbor_count": 1158438,
        "kth_id_checksum": 2149724424,
        "nearest_id_checksum": 2147450880,
        "row_count": 65536,
        "sum_distance": 16341.84431558894
      },
      "distribution": "shell",
      "elapsed_sec": 0.5149436339270324,
      "generated": {
        "cluster_count": null,
        "cluster_stddev": null,
        "dimension": 3,
        "distribution": "shell",
        "format": "rtnn_csv_xyz",
        "path": "/tmp/goal2959_current_packet_after_rtnn_chunk/_work/goal2800/shell_65536.csv",
        "point_count": 65536,
        "seed": 2802
      },
      "query_count": 65536,
      "ranked_aggregate_matches_cupy_grid": true,
      "rtdl_elapsed_runs_sec": [
        0.0006019200664013624,
        0.00037351110950112343,
        0.00036026397719979286,
        0.0003518550656735897,
        0.0003537251614034176,
        0.00035583903081715107,
        0.00035438197664916515,
        0.00035794987343251705,
        0.0003560599870979786
      ],
      "rtdl_elapsed_sec": 0.0003560599870979786,
      "rtdl_elapsed_statistic": "median",
      "rtdl_input_pack_sec": 0.03682777704671025,
      "rtdl_ok": true,
      "rtdl_phase_summary": {
        "batch_count": 1,
        "candidate_count_pass_sec": 0.000318554,
        "modes": [
          "prepared_query_uniform_cell_ranked_summary_aggregate_f32_batch_cuda_graph_replay"
        ],
        "raw_candidate_count": 1158438,
        "row_download_sec": 1.4424e-05,
        "upload_sec": 0.0
      },
      "rtdl_prepare_sec": 0.01705517782829702,
      "rtdl_ranked_aggregate_summary": {
        "bounded_neighbor_count": 1158438,
        "kth_id_checksum": 2149724424,
        "nearest_id_checksum": 2147450880,
        "row_count": 65536,
        "sum_distance": 16341.844321162382
      },
      "rtdl_raw_candidate_count": 1158438,
      "rtdl_row_count": 65536,
      "search_count": 65536,
      "status": "pass"
    }
  ],
  "run_cupy_grid": true,
  "source_commit": "b4b8d7a6c6554b84870d9a5e67ffd16ebb8b76e8",
  "source_dirty": [],
  "status": "pass"
}
