{
  "app": "hausdorff_xhd",
  "baseline": {
    "elapsed_runs_sec": [
      0.008288060780614614,
      0.008299119072034955,
      0.00830472493544221,
      0.008320950902998447,
      0.008283443050459027,
      0.008272822247818112,
      0.0082644980866462,
      0.010042755864560604,
      0.008276459062471986
    ],
    "elapsed_sec": 0.008288060780614614,
    "exact_value": true,
    "median_elapsed_sec": 0.008288060780614614,
    "method": "cupy_grouped_grid_rawkernel",
    "result": {
      "direction": "a_to_b",
      "distance": 0.12003618286664636,
      "elapsed_sec": 0.008288060780614614,
      "method": "cupy_grouped_grid_rawkernel",
      "source_index": 8034,
      "target_index": 3950
    },
    "uses_rt_cores": false,
    "uses_rtdl": false,
    "warmup_elapsed_sec": 0.5586577418725938,
    "wrapper_elapsed_sec": 0.13907408504746854
  },
  "benchmark_track": "canonical_exact_hausdorff_entrypoint",
  "claim_boundary": {
    "broad_rt_core_speedup_claim_authorized": false,
    "canonical_entrypoint": true,
    "native_engine_customization": false,
    "paper_reproduction_claim_authorized": false,
    "public_speedup_claim_authorized": false,
    "rtdl_beats_cupy_grid_claim_authorized": false,
    "rtdl_beats_xhd_claim_authorized": false,
    "triton_speedup_claim_authorized": false,
    "whole_app_speedup_claim_authorized": false
  },
  "distance_error": 0.0,
  "elapsed_sec": 1.7572308599483222,
  "entrypoint_version": "rtdl.goal2801.hausdorff_xhd_v2_5_canonical_entrypoint.v3.reduced_target8192",
  "goal": "Goal2801",
  "gpu": "NVIDIA RTX A5000, 570.211.01",
  "matches_exact_baseline": true,
  "rtdl": {
    "adaptive_growth_factor": null,
    "adaptive_target_points_per_group": null,
    "elapsed_runs_sec": [
      0.009646933060139418,
      0.007253193994984031,
      0.007192217046394944,
      0.007166158873587847,
      0.007186747156083584,
      0.008212192915380001,
      0.007444375194609165,
      0.0077841130550950766,
      0.009280588012188673
    ],
    "elapsed_sec": 0.007444375194609165,
    "exact_value": true,
    "median_elapsed_sec": 0.007444375194609165,
    "method": "rtdl_rt_grouped_reduced_nearest_witness",
    "reduced_seed_with_threshold": false,
    "reduced_target_points_per_group": 8192,
    "result": {
      "backend": "optix",
      "direction": "a_to_b",
      "distance": 0.12003618286664636,
      "elapsed_sec": 0.007444375194609165,
      "exact_value": true,
      "method": "rtdl_rt_grouped_reduced_nearest_witness",
      "radius_strategy": "bbox_upper_bound",
      "rt_core_accelerated": true,
      "source_index": 8034,
      "target_index": 3950,
      "threshold_iterations": 0,
      "witness_radius": 3.5219852211130083
    },
    "uses_rt_cores": true,
    "uses_rtdl": true,
    "warmup_elapsed_sec": 0.8969316319562495,
    "wrapper_elapsed_sec": 0.0728850201703608
  },
  "rtdl_over_cupy_grid_elapsed_ratio": 0.898204705740239,
  "scenario": {
    "exact_tolerance": 1e-09,
    "offset_x": 0.08,
    "offset_y": -0.06,
    "points_a": 8192,
    "points_b": 8192,
    "repeat": 9,
    "rtdl_warmup": 1,
    "seed_a": 11,
    "seed_b": 29
  },
  "source_commit": "b4b8d7a6c6554b84870d9a5e67ffd16ebb8b76e8",
  "source_dirty": [],
  "status": "pass"
}
