[goal2348] RTDL batched 3D start backend=optix queries=65536 search=65536 batch_size=65536 batches=1 result_mode=ranked-summary-aggregate-prepared-query-float32
[goal2348] RTDL batched 3D repeat 1/9 ok=True sec=0.000376
[goal2348] RTDL batched 3D repeat 2/9 ok=True sec=0.000156
[goal2348] RTDL batched 3D repeat 3/9 ok=True sec=0.000131
[goal2348] RTDL batched 3D repeat 4/9 ok=True sec=0.000123
[goal2348] RTDL batched 3D repeat 5/9 ok=True sec=0.000121
[goal2348] RTDL batched 3D repeat 6/9 ok=True sec=0.000117
[goal2348] RTDL batched 3D repeat 7/9 ok=True sec=0.000118
[goal2348] RTDL batched 3D repeat 8/9 ok=True sec=0.000117
[goal2348] RTDL batched 3D repeat 9/9 ok=True sec=0.000116
[goal2348] CuPy grid 3D ranked summary start queries=65536 search=65536 grid=52x51x51 occupied_cells=51018 k=50
[goal2348] CuPy grid 3D ranked summary repeat 1/9 ok=True sec=0.000213
[goal2348] CuPy grid 3D ranked summary repeat 2/9 ok=True sec=0.000173
[goal2348] CuPy grid 3D ranked summary repeat 3/9 ok=True sec=0.000144
[goal2348] CuPy grid 3D ranked summary repeat 4/9 ok=True sec=0.000138
[goal2348] CuPy grid 3D ranked summary repeat 5/9 ok=True sec=0.000140
[goal2348] CuPy grid 3D ranked summary repeat 6/9 ok=True sec=0.000138
[goal2348] CuPy grid 3D ranked summary repeat 7/9 ok=True sec=0.000138
[goal2348] CuPy grid 3D ranked summary repeat 8/9 ok=True sec=0.000137
[goal2348] CuPy grid 3D ranked summary repeat 9/9 ok=True sec=0.000139
[goal2348] RTDL batched 3D start backend=optix queries=65536 search=65536 batch_size=65536 batches=1 result_mode=ranked-summary-aggregate-prepared-query-float32
[goal2348] RTDL batched 3D repeat 1/9 ok=True sec=0.019089
[goal2348] RTDL batched 3D repeat 2/9 ok=True sec=0.018775
[goal2348] RTDL batched 3D repeat 3/9 ok=True sec=0.018676
[goal2348] RTDL batched 3D repeat 4/9 ok=True sec=0.018696
[goal2348] RTDL batched 3D repeat 5/9 ok=True sec=0.018641
[goal2348] RTDL batched 3D repeat 6/9 ok=True sec=0.023798
[goal2348] RTDL batched 3D repeat 7/9 ok=True sec=0.021183
[goal2348] RTDL batched 3D repeat 8/9 ok=True sec=0.022743
[goal2348] RTDL batched 3D repeat 9/9 ok=True sec=0.021281
[goal2348] CuPy grid 3D ranked summary start queries=65536 search=65536 grid=38x50x50 occupied_cells=5931 k=50
[goal2348] CuPy grid 3D ranked summary repeat 1/9 ok=True sec=0.047154
[goal2348] CuPy grid 3D ranked summary repeat 2/9 ok=True sec=0.047061
[goal2348] CuPy grid 3D ranked summary repeat 3/9 ok=True sec=0.047764
[goal2348] CuPy grid 3D ranked summary repeat 4/9 ok=True sec=0.047118
[goal2348] CuPy grid 3D ranked summary repeat 5/9 ok=True sec=0.047012
[goal2348] CuPy grid 3D ranked summary repeat 6/9 ok=True sec=0.046978
[goal2348] CuPy grid 3D ranked summary repeat 7/9 ok=True sec=0.047038
[goal2348] CuPy grid 3D ranked summary repeat 8/9 ok=True sec=0.046797
[goal2348] CuPy grid 3D ranked summary repeat 9/9 ok=True sec=0.046983
[goal2348] RTDL batched 3D start backend=optix queries=65536 search=65536 batch_size=65536 batches=1 result_mode=ranked-summary-aggregate-prepared-query-float32
[goal2348] RTDL batched 3D repeat 1/9 ok=True sec=0.000524
[goal2348] RTDL batched 3D repeat 2/9 ok=True sec=0.000365
[goal2348] RTDL batched 3D repeat 3/9 ok=True sec=0.000352
[goal2348] RTDL batched 3D repeat 4/9 ok=True sec=0.000354
[goal2348] RTDL batched 3D repeat 5/9 ok=True sec=0.000357
[goal2348] RTDL batched 3D repeat 6/9 ok=True sec=0.000346
[goal2348] RTDL batched 3D repeat 7/9 ok=True sec=0.000356
[goal2348] RTDL batched 3D repeat 8/9 ok=True sec=0.000351
[goal2348] RTDL batched 3D repeat 9/9 ok=True sec=0.000358
[goal2348] CuPy grid 3D ranked summary start queries=65536 search=65536 grid=43x44x43 occupied_cells=19194 k=50
[goal2348] CuPy grid 3D ranked summary repeat 1/9 ok=True sec=0.002733
[goal2348] CuPy grid 3D ranked summary repeat 2/9 ok=True sec=0.002707
[goal2348] CuPy grid 3D ranked summary repeat 3/9 ok=True sec=0.002717
[goal2348] CuPy grid 3D ranked summary repeat 4/9 ok=True sec=0.002709
[goal2348] CuPy grid 3D ranked summary repeat 5/9 ok=True sec=0.002732
[goal2348] CuPy grid 3D ranked summary repeat 6/9 ok=True sec=0.002717
[goal2348] CuPy grid 3D ranked summary repeat 7/9 ok=True sec=0.002720
[goal2348] CuPy grid 3D ranked summary repeat 8/9 ok=True sec=0.002716
[goal2348] CuPy grid 3D ranked summary repeat 9/9 ok=True sec=0.002717
{
  "app": "rtnn",
  "benchmark_track": "tier_b_live_exact_fixed_radius_ranked_summary",
  "claim_boundary": {
    "broad_rt_core_speedup_claim_authorized": false,
    "canonical_live_harness": true,
    "native_engine_customization": false,
    "paper_reproduction_claim_authorized": false,
    "public_speedup_claim_authorized": false,
    "rtdl_beats_cupy_grid_claim_authorized": false,
    "rtdl_beats_rtnn_claim_authorized": false,
    "tier_b_same_contract_opponent": true,
    "triton_speedup_claim_authorized": false,
    "whole_app_speedup_claim_authorized": false
  },
  "distributions": [
    "uniform",
    "clustered",
    "shell"
  ],
  "elapsed_sec": 4.66388382203877,
  "goal": "Goal2800",
  "gpu": "NVIDIA RTX A5000, 570.211.01",
  "harness_version": "rtdl.goal2800.rtnn_v2_5_live_ranked_summary_harness.v7.scale65536_repeat9",
  "k_max": 50,
  "point_count": 65536,
  "query_batch_size": 65536,
  "radius": 0.02,
  "repeat": 9,
  "row_count": 3,
  "rows": [
    {
      "candidate_count_delta": 0,
      "candidate_count_matches_cupy_grid": true,
      "candidate_count_tolerance": 2,
      "candidate_count_within_tolerance": true,
      "claim_boundary": {
        "broad_rt_core_speedup_claim_authorized": false,
        "canonical_live_harness": true,
        "native_engine_customization": false,
        "paper_reproduction_claim_authorized": false,
        "public_speedup_claim_authorized": false,
        "rtdl_beats_cupy_grid_claim_authorized": false,
        "rtdl_beats_rtnn_claim_authorized": false,
        "tier_b_same_contract_opponent": true,
        "triton_speedup_claim_authorized": false,
        "whole_app_speedup_claim_authorized": false
      },
      "contract": {
        "bounded_k": 50,
        "exact": false,
        "family": "fixed_radius_neighbors_3d",
        "mode": "ranked-summary-aggregate-prepared-query-float32",
        "precision": "float32",
        "prepared_query_points": true,
        "same_contract_opponent": "cupy_grid_exact_ranked_summary_3d"
      },
      "cupy_grid_bounded_neighbor_count": 206446,
      "cupy_grid_elapsed_runs_sec": [
        0.0002131389919668436,
        0.00017318804748356342,
        0.00014380691573023796,
        0.00013797683641314507,
        0.00014033704064786434,
        0.00013769394718110561,
        0.00013847113586962223,
        0.0001369379460811615,
        0.00013905088417232037
      ],
      "cupy_grid_elapsed_sec": 0.00013905088417232037,
      "cupy_grid_elapsed_statistic": "median",
      "cupy_grid_ok": true,
      "cupy_grid_over_rtdl_elapsed_ratio": 1.1503231087783503,
      "cupy_grid_summary": {
        "bounded_neighbor_count": 206446,
        "kth_id_checksum": 2152173198,
        "nearest_id_checksum": 2147450880,
        "row_count": 65536,
        "sum_distance": 2112.1991681938525
      },
      "distribution": "uniform",
      "elapsed_sec": 2.926599655067548,
      "generated": {
        "dimension": 3,
        "format": "rtnn_csv_xyz",
        "path": "/tmp/goal2942_current_packet_after_row_columns/_work/goal2800/uniform_65536.csv",
        "point_count": 65536,
        "seed": 2800
      },
      "query_count": 65536,
      "ranked_aggregate_matches_cupy_grid": true,
      "rtdl_elapsed_runs_sec": [
        0.00037592812441289425,
        0.00015645683743059635,
        0.00013124989345669746,
        0.0001228370238095522,
        0.00012087984941899776,
        0.00011736107990145683,
        0.00011769193224608898,
        0.00011700903996825218,
        0.0001157259102910757
      ],
      "rtdl_elapsed_sec": 0.00012087984941899776,
      "rtdl_elapsed_statistic": "median",
      "rtdl_input_pack_sec": 0.041392436949536204,
      "rtdl_ok": true,
      "rtdl_phase_summary": {
        "batch_count": 1,
        "candidate_count_pass_sec": 8.2394e-05,
        "modes": [
          "prepared_query_uniform_cell_ranked_summary_aggregate_f32_block_partials"
        ],
        "raw_candidate_count": 206446,
        "row_download_sec": 1.5437e-05,
        "upload_sec": 0.0
      },
      "rtdl_prepare_sec": 1.8207788029685616,
      "rtdl_ranked_aggregate_summary": {
        "bounded_neighbor_count": 206446,
        "kth_id_checksum": 2152173198,
        "nearest_id_checksum": 2147450880,
        "row_count": 65536,
        "sum_distance": 2112.1991674860474
      },
      "rtdl_raw_candidate_count": 206446,
      "rtdl_row_count": 65536,
      "search_count": 65536,
      "status": "pass"
    },
    {
      "candidate_count_delta": 0,
      "candidate_count_matches_cupy_grid": true,
      "candidate_count_tolerance": 2,
      "candidate_count_within_tolerance": true,
      "claim_boundary": {
        "broad_rt_core_speedup_claim_authorized": false,
        "canonical_live_harness": true,
        "native_engine_customization": false,
        "paper_reproduction_claim_authorized": false,
        "public_speedup_claim_authorized": false,
        "rtdl_beats_cupy_grid_claim_authorized": false,
        "rtdl_beats_rtnn_claim_authorized": false,
        "tier_b_same_contract_opponent": true,
        "triton_speedup_claim_authorized": false,
        "whole_app_speedup_claim_authorized": false
      },
      "contract": {
        "bounded_k": 50,
        "exact": false,
        "family": "fixed_radius_neighbors_3d",
        "mode": "ranked-summary-aggregate-prepared-query-float32",
        "precision": "float32",
        "prepared_query_points": true,
        "same_contract_opponent": "cupy_grid_exact_ranked_summary_3d"
      },
      "cupy_grid_bounded_neighbor_count": 2914109,
      "cupy_grid_elapsed_runs_sec": [
        0.0471538829151541,
        0.0470607487950474,
        0.04776375787332654,
        0.047117786947637796,
        0.047011927934363484,
        0.04697789694182575,
        0.04703789693303406,
        0.04679684713482857,
        0.046983394073322415
      ],
      "cupy_grid_elapsed_sec": 0.04703789693303406,
      "cupy_grid_elapsed_statistic": "median",
      "cupy_grid_ok": true,
      "cupy_grid_over_rtdl_elapsed_ratio": 2.4641105473096223,
      "cupy_grid_summary": {
        "bounded_neighbor_count": 2914109,
        "kth_id_checksum": 2144378896,
        "nearest_id_checksum": 2147450880,
        "row_count": 65536,
        "sum_distance": 31343.765593762975
      },
      "distribution": "clustered",
      "elapsed_sec": 1.1760150399059057,
      "generated": {
        "cluster_count": 8,
        "cluster_stddev": 0.035,
        "dimension": 3,
        "distribution": "clustered",
        "format": "rtnn_csv_xyz",
        "path": "/tmp/goal2942_current_packet_after_row_columns/_work/goal2800/clustered_65536.csv",
        "point_count": 65536,
        "seed": 2801
      },
      "query_count": 65536,
      "ranked_aggregate_matches_cupy_grid": true,
      "rtdl_elapsed_runs_sec": [
        0.019089199136942625,
        0.01877468917518854,
        0.018676304956898093,
        0.018696347950026393,
        0.01864080992527306,
        0.02379821497015655,
        0.02118277200497687,
        0.02274280204437673,
        0.021281195105984807
      ],
      "rtdl_elapsed_sec": 0.019089199136942625,
      "rtdl_elapsed_statistic": "median",
      "rtdl_input_pack_sec": 0.03389157308265567,
      "rtdl_ok": true,
      "rtdl_phase_summary": {
        "batch_count": 1,
        "candidate_count_pass_sec": 0.020089589,
        "modes": [
          "prepared_query_uniform_cell_ranked_summary_aggregate_f32"
        ],
        "raw_candidate_count": 2914109,
        "row_download_sec": 2.4409e-05,
        "upload_sec": 0.0
      },
      "rtdl_prepare_sec": 0.0073343501426279545,
      "rtdl_ranked_aggregate_summary": {
        "bounded_neighbor_count": 2914109,
        "kth_id_checksum": 2144378896,
        "nearest_id_checksum": 2147450880,
        "row_count": 65536,
        "sum_distance": 31343.765581409214
      },
      "rtdl_raw_candidate_count": 2914109,
      "rtdl_row_count": 65536,
      "search_count": 65536,
      "status": "pass"
    },
    {
      "candidate_count_delta": 0,
      "candidate_count_matches_cupy_grid": true,
      "candidate_count_tolerance": 2,
      "candidate_count_within_tolerance": true,
      "claim_boundary": {
        "broad_rt_core_speedup_claim_authorized": false,
        "canonical_live_harness": true,
        "native_engine_customization": false,
        "paper_reproduction_claim_authorized": false,
        "public_speedup_claim_authorized": false,
        "rtdl_beats_cupy_grid_claim_authorized": false,
        "rtdl_beats_rtnn_claim_authorized": false,
        "tier_b_same_contract_opponent": true,
        "triton_speedup_claim_authorized": false,
        "whole_app_speedup_claim_authorized": false
      },
      "contract": {
        "bounded_k": 50,
        "exact": false,
        "family": "fixed_radius_neighbors_3d",
        "mode": "ranked-summary-aggregate-prepared-query-float32",
        "precision": "float32",
        "prepared_query_points": true,
        "same_contract_opponent": "cupy_grid_exact_ranked_summary_3d"
      },
      "cupy_grid_bounded_neighbor_count": 1158438,
      "cupy_grid_elapsed_runs_sec": [
        0.0027332990430295467,
        0.0027066320180892944,
        0.0027171089313924313,
        0.002709246939048171,
        0.0027324138209223747,
        0.002717339899390936,
        0.0027202358469367027,
        0.002716497052460909,
        0.002717074006795883
      ],
      "cupy_grid_elapsed_sec": 0.0027171089313924313,
      "cupy_grid_elapsed_statistic": "median",
      "cupy_grid_ok": true,
      "cupy_grid_over_rtdl_elapsed_ratio": 7.640145236093762,
      "cupy_grid_summary": {
        "bounded_neighbor_count": 1158438,
        "kth_id_checksum": 2149724424,
        "nearest_id_checksum": 2147450880,
        "row_count": 65536,
        "sum_distance": 16341.84431558894
      },
      "distribution": "shell",
      "elapsed_sec": 0.47924591694027185,
      "generated": {
        "cluster_count": null,
        "cluster_stddev": null,
        "dimension": 3,
        "distribution": "shell",
        "format": "rtnn_csv_xyz",
        "path": "/tmp/goal2942_current_packet_after_row_columns/_work/goal2800/shell_65536.csv",
        "point_count": 65536,
        "seed": 2802
      },
      "query_count": 65536,
      "ranked_aggregate_matches_cupy_grid": true,
      "rtdl_elapsed_runs_sec": [
        0.0005241760518401861,
        0.0003652859013527632,
        0.0003523128107190132,
        0.0003543009515851736,
        0.00035685510374605656,
        0.000345687847584486,
        0.00035563576966524124,
        0.00035117892548441887,
        0.0003575149457901716
      ],
      "rtdl_elapsed_sec": 0.00035563576966524124,
      "rtdl_elapsed_statistic": "median",
      "rtdl_input_pack_sec": 0.03252043714746833,
      "rtdl_ok": true,
      "rtdl_phase_summary": {
        "batch_count": 1,
        "candidate_count_pass_sec": 0.000318099,
        "modes": [
          "prepared_query_uniform_cell_ranked_summary_aggregate_f32_block_partials"
        ],
        "raw_candidate_count": 1158438,
        "row_download_sec": 1.6912e-05,
        "upload_sec": 0.0
      },
      "rtdl_prepare_sec": 0.005830379901453853,
      "rtdl_ranked_aggregate_summary": {
        "bounded_neighbor_count": 1158438,
        "kth_id_checksum": 2149724424,
        "nearest_id_checksum": 2147450880,
        "row_count": 65536,
        "sum_distance": 16341.844321162382
      },
      "rtdl_raw_candidate_count": 1158438,
      "rtdl_row_count": 65536,
      "search_count": 65536,
      "status": "pass"
    }
  ],
  "run_cupy_grid": true,
  "source_commit": "74f6c66ef9cb44b0af0cec8c8c67113dffac2831",
  "source_dirty": [],
  "status": "pass"
}
