{
  "app": "barnes_hut_force_app",
  "backend": "optix",
  "body_count": 65536,
  "boundary": "Node-coverage decision only; this is not Barnes-Hut opening-rule evaluation, not force-vector reduction, and not a fully native N-body solver.",
  "matches_oracle": true,
  "node_count": 4,
  "node_coverage": {
    "all_bodies_have_node_candidate": true,
    "body_count": 65536,
    "covered_body_count": 65536,
    "identity_parity_available": true,
    "radius": 10.0,
    "row_count": null,
    "summary_mode": "scalar_threshold_count",
    "uncovered_body_ids": []
  },
  "node_radius": 10.0,
  "optix_performance": {
    "class": "optix_traversal_prepared_summary",
    "note": "Default candidate rows use fixed-radius candidate generation and native C++ continuation for compact candidate summaries. Explicit node_coverage_prepared mode uses prepared OptiX fixed-radius threshold traversal for node-coverage decisions only. Python opening-rule and force reduction remain outside the claim."
  },
  "optix_summary_mode": "node_coverage_prepared",
  "oracle_decision_matches": true,
  "oracle_identity_matches": true,
  "oracle_node_coverage": {
    "all_bodies_have_node_candidate": true,
    "body_count": 65536,
    "covered_body_count": 65536,
    "max_candidate_count": 4,
    "min_candidate_count": 4,
    "radius": 10.0,
    "threshold": 1,
    "uncovered_body_ids": []
  },
  "output_mode": "candidate_summary",
  "rt_core_accelerated": true,
  "rtdl_role": "RTDL/OptiX uses prepared fixed-radius threshold traversal to answer the bounded Barnes-Hut node-coverage decision: every body has at least one quadtree node candidate within the discovery radius.",
  "theta": 0.75
}
