{
  "app": "hausdorff_distance",
  "backend": "optix",
  "copies": 65536,
  "directed_a_to_b": {
    "covered_source_count": 262144,
    "identity_parity_available": true,
    "label": "a_to_b",
    "radius": 0.4,
    "row_count": null,
    "run_phases": {
      "optix_prepare_sec": 1.2109961211681366,
      "optix_query_sec": 0.6602743491530418
    },
    "source_count": 262144,
    "summary_mode": "scalar_threshold_count",
    "violating_source_ids": [],
    "within_threshold": true
  },
  "directed_b_to_a": {
    "covered_source_count": 262144,
    "identity_parity_available": true,
    "label": "b_to_a",
    "radius": 0.4,
    "row_count": null,
    "run_phases": {
      "optix_prepare_sec": 0.43506088107824326,
      "optix_query_sec": 0.5449896454811096
    },
    "source_count": 262144,
    "summary_mode": "scalar_threshold_count",
    "violating_source_ids": [],
    "within_threshold": true
  },
  "embree_result_mode": null,
  "hausdorff_distance": null,
  "hausdorff_threshold": 0.4,
  "matches_oracle": true,
  "native_continuation_active": true,
  "native_continuation_backend": "optix_threshold_count",
  "optix_performance": {
    "class": "optix_traversal_prepared_summary",
    "note": "Default exact-distance mode uses KNN rows through CUDA-style kernels; explicit directed_threshold_prepared mode uses prepared OptiX fixed-radius threshold traversal for Hausdorff <= radius decisions only."
  },
  "optix_summary_mode": "directed_threshold_prepared",
  "oracle": {
    "directed_a_to_b": {
      "distance": 0.30000000000000004,
      "distance_reduction_rows": [
        {
          "directed_distance": 0.30000000000000004
        }
      ],
      "row_count": 262144,
      "source_id": 3,
      "target_id": 103
    },
    "directed_b_to_a": {
      "distance": 0.30000000000000004,
      "distance_reduction_rows": [
        {
          "directed_distance": 0.30000000000000004
        }
      ],
      "row_count": 262144,
      "source_id": 103,
      "target_id": 3
    },
    "hausdorff_distance": 0.30000000000000004,
    "witness_direction": "b_to_a"
  },
  "oracle_decision_matches": true,
  "oracle_identity_matches": true,
  "oracle_within_threshold": true,
  "point_count_a": 262144,
  "point_count_b": 262144,
  "rt_core_accelerated": true,
  "rtdl_role": "RTDL/OptiX uses prepared fixed-radius threshold traversal to answer the Hausdorff decision subproblem: every source point has at least one target within the threshold. Python combines the two directed decisions and validates against the deterministic oracle.",
  "run_phases": {
    "input_construction_sec": 0.807134672999382,
    "optix_prepare_sec": 1.6460570022463799,
    "optix_query_sec": 1.2052639946341515,
    "python_postprocess_sec": 1.5944242477416992e-06,
    "validation_sec": 0.0001777559518814087
  },
  "within_threshold": true
}
