[goal2348] RTDL batched 3D start backend=optix queries=65536 search=65536 batch_size=65536 batches=1 result_mode=ranked-summary-raw
[goal2348] RTDL batched 3D repeat 1/3 ok=True sec=0.005095
[goal2348] RTDL batched 3D repeat 2/3 ok=True sec=0.002968
[goal2348] RTDL batched 3D repeat 3/3 ok=True sec=0.002396
[goal2348] CuPy grid 3D ranked summary start queries=65536 search=65536 grid=52x51x51 occupied_cells=51018 k=50
[goal2348] CuPy grid 3D ranked summary repeat 1/3 ok=True sec=0.000205
[goal2348] CuPy grid 3D ranked summary repeat 2/3 ok=True sec=0.000160
[goal2348] CuPy grid 3D ranked summary repeat 3/3 ok=True sec=0.000143
[goal2348] RTDL batched 3D start backend=optix queries=65536 search=65536 batch_size=65536 batches=1 result_mode=ranked-summary-raw
[goal2348] RTDL batched 3D repeat 1/3 ok=True sec=0.098258
[goal2348] RTDL batched 3D repeat 2/3 ok=True sec=0.098051
[goal2348] RTDL batched 3D repeat 3/3 ok=True sec=0.096271
[goal2348] CuPy grid 3D ranked summary start queries=65536 search=65536 grid=38x50x50 occupied_cells=5931 k=50
[goal2348] CuPy grid 3D ranked summary repeat 1/3 ok=True sec=0.047045
[goal2348] CuPy grid 3D ranked summary repeat 2/3 ok=True sec=0.046920
[goal2348] CuPy grid 3D ranked summary repeat 3/3 ok=True sec=0.046990
[goal2348] RTDL batched 3D start backend=optix queries=65536 search=65536 batch_size=65536 batches=1 result_mode=ranked-summary-raw
[goal2348] RTDL batched 3D repeat 1/3 ok=True sec=0.006103
[goal2348] RTDL batched 3D repeat 2/3 ok=True sec=0.005877
[goal2348] RTDL batched 3D repeat 3/3 ok=True sec=0.005706
[goal2348] CuPy grid 3D ranked summary start queries=65536 search=65536 grid=43x44x43 occupied_cells=19194 k=50
[goal2348] CuPy grid 3D ranked summary repeat 1/3 ok=True sec=0.002755
[goal2348] CuPy grid 3D ranked summary repeat 2/3 ok=True sec=0.002736
[goal2348] CuPy grid 3D ranked summary repeat 3/3 ok=True sec=0.002730
{
  "app": "rtnn",
  "benchmark_track": "tier_b_live_exact_fixed_radius_ranked_summary",
  "claim_boundary": {
    "broad_rt_core_speedup_claim_authorized": false,
    "canonical_live_harness": true,
    "native_engine_customization": false,
    "paper_reproduction_claim_authorized": false,
    "public_speedup_claim_authorized": false,
    "rtdl_beats_cupy_grid_claim_authorized": false,
    "rtdl_beats_rtnn_claim_authorized": false,
    "tier_b_same_contract_opponent": true,
    "triton_speedup_claim_authorized": false,
    "whole_app_speedup_claim_authorized": false
  },
  "distributions": [
    "uniform",
    "clustered",
    "shell"
  ],
  "elapsed_sec": 3.7788857058621943,
  "goal": "Goal2800",
  "harness_version": "rtdl.goal2800.rtnn_v2_5_live_ranked_summary_harness.v1",
  "k_max": 50,
  "point_count": 65536,
  "query_batch_size": 65536,
  "radius": 0.02,
  "repeat": 3,
  "row_count": 3,
  "rows": [
    {
      "candidate_count_delta": 0,
      "candidate_count_matches_cupy_grid": true,
      "candidate_count_tolerance": 2,
      "candidate_count_within_tolerance": true,
      "claim_boundary": {
        "broad_rt_core_speedup_claim_authorized": false,
        "canonical_live_harness": true,
        "native_engine_customization": false,
        "paper_reproduction_claim_authorized": false,
        "public_speedup_claim_authorized": false,
        "rtdl_beats_cupy_grid_claim_authorized": false,
        "rtdl_beats_rtnn_claim_authorized": false,
        "tier_b_same_contract_opponent": true,
        "triton_speedup_claim_authorized": false,
        "whole_app_speedup_claim_authorized": false
      },
      "contract": {
        "bounded_k": 50,
        "exact": true,
        "family": "fixed_radius_neighbors_3d",
        "mode": "ranked-summary",
        "same_contract_opponent": "cupy_grid_exact_ranked_summary_3d"
      },
      "cupy_grid_bounded_neighbor_count": 206446,
      "cupy_grid_elapsed_runs_sec": [
        0.00020456104539334774,
        0.00016033509746193886,
        0.00014294800348579884
      ],
      "cupy_grid_elapsed_sec": 0.00014294800348579884,
      "cupy_grid_ok": true,
      "cupy_grid_over_rtdl_elapsed_ratio": 0.05965612732714058,
      "cupy_grid_summary": {
        "bounded_neighbor_count": 206446,
        "kth_id_checksum": 2152173198,
        "nearest_id_checksum": 2147450880,
        "row_count": 65536,
        "sum_distance": 2112.1991681938525
      },
      "distribution": "uniform",
      "elapsed_sec": 2.345449656015262,
      "generated": {
        "dimension": 3,
        "format": "rtnn_csv_xyz",
        "path": "/tmp/goal2800_clean/uniform_65536.csv",
        "point_count": 65536,
        "seed": 2800
      },
      "query_count": 65536,
      "rtdl_elapsed_runs_sec": [
        0.00509457103908062,
        0.0029678051359951496,
        0.0023961998522281647
      ],
      "rtdl_elapsed_sec": 0.0023961998522281647,
      "rtdl_input_pack_sec": 0.039234261959791183,
      "rtdl_ok": true,
      "rtdl_phase_summary": {
        "batch_count": 1,
        "candidate_count_pass_sec": 0.000369115,
        "modes": [
          "prepared_uniform_cell_ranked_summary_rows"
        ],
        "raw_candidate_count": 206446,
        "row_download_sec": 0.000599874,
        "upload_sec": 0.000625604
      },
      "rtdl_prepare_sec": 1.2647807840257883,
      "rtdl_raw_candidate_count": 206446,
      "rtdl_row_count": 65536,
      "search_count": 65536,
      "status": "pass"
    },
    {
      "candidate_count_delta": 1,
      "candidate_count_matches_cupy_grid": false,
      "candidate_count_tolerance": 2,
      "candidate_count_within_tolerance": true,
      "claim_boundary": {
        "broad_rt_core_speedup_claim_authorized": false,
        "canonical_live_harness": true,
        "native_engine_customization": false,
        "paper_reproduction_claim_authorized": false,
        "public_speedup_claim_authorized": false,
        "rtdl_beats_cupy_grid_claim_authorized": false,
        "rtdl_beats_rtnn_claim_authorized": false,
        "tier_b_same_contract_opponent": true,
        "triton_speedup_claim_authorized": false,
        "whole_app_speedup_claim_authorized": false
      },
      "contract": {
        "bounded_k": 50,
        "exact": true,
        "family": "fixed_radius_neighbors_3d",
        "mode": "ranked-summary",
        "same_contract_opponent": "cupy_grid_exact_ranked_summary_3d"
      },
      "cupy_grid_bounded_neighbor_count": 2914109,
      "cupy_grid_elapsed_runs_sec": [
        0.04704508394934237,
        0.046919574961066246,
        0.04699013801291585
      ],
      "cupy_grid_elapsed_sec": 0.04699013801291585,
      "cupy_grid_ok": true,
      "cupy_grid_over_rtdl_elapsed_ratio": 0.48810138234357076,
      "cupy_grid_summary": {
        "bounded_neighbor_count": 2914109,
        "kth_id_checksum": 2144378896,
        "nearest_id_checksum": 2147450880,
        "row_count": 65536,
        "sum_distance": 31343.765593762975
      },
      "distribution": "clustered",
      "elapsed_sec": 0.9663869158830494,
      "generated": {
        "cluster_count": 8,
        "cluster_stddev": 0.035,
        "dimension": 3,
        "distribution": "clustered",
        "format": "rtnn_csv_xyz",
        "path": "/tmp/goal2800_clean/clustered_65536.csv",
        "point_count": 65536,
        "seed": 2801
      },
      "query_count": 65536,
      "rtdl_elapsed_runs_sec": [
        0.09825770021416247,
        0.09805129398591816,
        0.09627126599662006
      ],
      "rtdl_elapsed_sec": 0.09627126599662006,
      "rtdl_input_pack_sec": 0.030381149845197797,
      "rtdl_ok": true,
      "rtdl_phase_summary": {
        "batch_count": 1,
        "candidate_count_pass_sec": 0.09435691,
        "modes": [
          "prepared_uniform_cell_ranked_summary_rows"
        ],
        "raw_candidate_count": 2914108,
        "row_download_sec": 0.000250556,
        "upload_sec": 0.000980259
      },
      "rtdl_prepare_sec": 0.00898486003279686,
      "rtdl_raw_candidate_count": 2914108,
      "rtdl_row_count": 65536,
      "search_count": 65536,
      "status": "pass"
    },
    {
      "candidate_count_delta": 2,
      "candidate_count_matches_cupy_grid": false,
      "candidate_count_tolerance": 2,
      "candidate_count_within_tolerance": true,
      "claim_boundary": {
        "broad_rt_core_speedup_claim_authorized": false,
        "canonical_live_harness": true,
        "native_engine_customization": false,
        "paper_reproduction_claim_authorized": false,
        "public_speedup_claim_authorized": false,
        "rtdl_beats_cupy_grid_claim_authorized": false,
        "rtdl_beats_rtnn_claim_authorized": false,
        "tier_b_same_contract_opponent": true,
        "triton_speedup_claim_authorized": false,
        "whole_app_speedup_claim_authorized": false
      },
      "contract": {
        "bounded_k": 50,
        "exact": true,
        "family": "fixed_radius_neighbors_3d",
        "mode": "ranked-summary",
        "same_contract_opponent": "cupy_grid_exact_ranked_summary_3d"
      },
      "cupy_grid_bounded_neighbor_count": 1158438,
      "cupy_grid_elapsed_runs_sec": [
        0.002755202120169997,
        0.0027359090745449066,
        0.002730156062170863
      ],
      "cupy_grid_elapsed_sec": 0.002730156062170863,
      "cupy_grid_ok": true,
      "cupy_grid_over_rtdl_elapsed_ratio": 0.4785032008608375,
      "cupy_grid_summary": {
        "bounded_neighbor_count": 1158438,
        "kth_id_checksum": 2149724424,
        "nearest_id_checksum": 2147450880,
        "row_count": 65536,
        "sum_distance": 16341.84431558894
      },
      "distribution": "shell",
      "elapsed_sec": 0.46624157298356295,
      "generated": {
        "cluster_count": null,
        "cluster_stddev": null,
        "dimension": 3,
        "distribution": "shell",
        "format": "rtnn_csv_xyz",
        "path": "/tmp/goal2800_clean/shell_65536.csv",
        "point_count": 65536,
        "seed": 2802
      },
      "query_count": 65536,
      "rtdl_elapsed_runs_sec": [
        0.006103388965129852,
        0.005876607960090041,
        0.005705617135390639
      ],
      "rtdl_elapsed_sec": 0.005705617135390639,
      "rtdl_input_pack_sec": 0.029319294029846787,
      "rtdl_ok": true,
      "rtdl_phase_summary": {
        "batch_count": 1,
        "candidate_count_pass_sec": 0.004246022,
        "modes": [
          "prepared_uniform_cell_ranked_summary_rows"
        ],
        "raw_candidate_count": 1158440,
        "row_download_sec": 0.000488702,
        "upload_sec": 0.000406429
      },
      "rtdl_prepare_sec": 0.004635076969861984,
      "rtdl_raw_candidate_count": 1158440,
      "rtdl_row_count": 65536,
      "search_count": 65536,
      "status": "pass"
    }
  ],
  "run_cupy_grid": true,
  "status": "pass"
}
