{
  "app": "hausdorff_xhd",
  "baseline": {
    "elapsed_runs_sec": [
      0.007209415081888437,
      0.007209611125290394,
      0.007327911676838994,
      0.007210348965600133,
      0.007227125111967325,
      0.007203511893749237,
      0.007193288067355752,
      0.007216082885861397,
      0.0072061491664499044
    ],
    "elapsed_sec": 0.007209611125290394,
    "exact_value": true,
    "median_elapsed_sec": 0.007209611125290394,
    "method": "cupy_grouped_grid_rawkernel",
    "result": {
      "direction": "a_to_b",
      "distance": 0.12003618286664636,
      "elapsed_sec": 0.007209611125290394,
      "method": "cupy_grouped_grid_rawkernel",
      "source_index": 8034,
      "target_index": 3950
    },
    "uses_rt_cores": false,
    "uses_rtdl": false,
    "warmup_elapsed_sec": 0.39133579889312387,
    "wrapper_elapsed_sec": 0.1258451589383185
  },
  "benchmark_track": "canonical_exact_hausdorff_entrypoint",
  "claim_boundary": {
    "broad_rt_core_speedup_claim_authorized": false,
    "canonical_entrypoint": true,
    "native_engine_customization": false,
    "paper_reproduction_claim_authorized": false,
    "public_speedup_claim_authorized": false,
    "rtdl_beats_cupy_grid_claim_authorized": false,
    "rtdl_beats_xhd_claim_authorized": false,
    "triton_speedup_claim_authorized": false,
    "whole_app_speedup_claim_authorized": false
  },
  "distance_error": 0.0,
  "elapsed_sec": 1.4027480380609632,
  "entrypoint_version": "rtdl.goal2801.hausdorff_xhd_v2_5_canonical_entrypoint.v2.reduced_target4096",
  "goal": "Goal2801",
  "gpu": "NVIDIA RTX A5000, 570.211.01",
  "matches_exact_baseline": true,
  "rtdl": {
    "adaptive_growth_factor": null,
    "adaptive_target_points_per_group": null,
    "elapsed_runs_sec": [
      0.007585073821246624,
      0.009891794994473457,
      0.007429440040141344,
      0.007440411951392889,
      0.0075066729914397,
      0.007455339888110757,
      0.007533969124779105,
      0.007526417961344123,
      0.007576561998575926
    ],
    "elapsed_sec": 0.007526417961344123,
    "exact_value": true,
    "median_elapsed_sec": 0.007526417961344123,
    "method": "rtdl_rt_grouped_reduced_nearest_witness",
    "reduced_seed_with_threshold": false,
    "reduced_target_points_per_group": 4096,
    "result": {
      "backend": "optix",
      "direction": "a_to_b",
      "distance": 0.12003618286664636,
      "elapsed_sec": 0.007526417961344123,
      "exact_value": true,
      "method": "rtdl_rt_grouped_reduced_nearest_witness",
      "radius_strategy": "bbox_upper_bound",
      "rt_core_accelerated": true,
      "source_index": 8034,
      "target_index": 3045,
      "threshold_iterations": 0,
      "witness_radius": 3.5219852211130083
    },
    "uses_rt_cores": true,
    "uses_rtdl": true,
    "warmup_elapsed_sec": 0.7429430510383099,
    "wrapper_elapsed_sec": 0.07095742714591324
  },
  "rtdl_over_cupy_grid_elapsed_ratio": 1.0439422918307495,
  "scenario": {
    "exact_tolerance": 1e-09,
    "offset_x": 0.08,
    "offset_y": -0.06,
    "points_a": 8192,
    "points_b": 8192,
    "repeat": 9,
    "rtdl_warmup": 1,
    "seed_a": 11,
    "seed_b": 29
  },
  "source_commit": "6ad6314192e9db0f659c76acc58a20767a194697",
  "source_dirty": [],
  "status": "pass"
}
