{
  "app": "robot_collision_screening",
  "authorizes_public_speedup_claim": false,
  "baseline_name": "embree_anyhit_pose_count_or_equivalent_compact_summary",
  "benchmark_scale": {
    "iterations": 3,
    "obstacle_count": 4096,
    "pose_count": 200000,
    "pose_id_start": 1
  },
  "claim_limit": "scalar pose-count collision screening only; not full robot planning, kinematics, CCD, or witness-row output",
  "comparable_metric_scope": "prepared scalar colliding-pose count for the same poses, edges, obstacles, and iteration policy",
  "correctness_parity": null,
  "goal": "Goal839 local baseline artifact writer",
  "notes": [
    "Embree baseline uses prepared RTDL kernel binding and compact pose-count postprocess.",
    "This is an equivalent compact summary baseline, not a native scalar ABI.",
    "CPU oracle validation skipped for timing-only artifact."
  ],
  "path_name": "prepared_pose_flags",
  "phase_seconds": {
    "backend_scene_prepare": 9.15058062900789,
    "native_anyhit_query": 0.5571974560152739,
    "oracle_validation_separate": 0.0,
    "pose_and_obstacle_generation": 2.1705337379826233,
    "pose_index_prepare": 0.0,
    "ray_pack": 0.23525938508100808,
    "scalar_copyback": 0.0
  },
  "phase_separated": true,
  "repeated_runs": 3,
  "required_phase_coverage": [
    "pose_and_obstacle_generation",
    "ray_pack",
    "backend_scene_prepare",
    "pose_index_prepare",
    "native_anyhit_query",
    "scalar_copyback",
    "oracle_validation_separate"
  ],
  "source_backend": "embree",
  "status": "timing_only",
  "summary": {
    "colliding_pose_count": 196875,
    "colliding_pose_ids_sample": [
      2,
      3,
      4,
      5,
      6,
      7,
      8,
      9,
      10,
      11
    ],
    "pose_count": 200000
  },
  "summary_sha256": "ad8eeff35119145d801312643a588ddd8eab1f02a79e0413e00ec7abb6b32e35",
  "validation": {
    "matches_reference": null,
    "method": "skipped timing-only chunk; use separate validation chunks before claim review",
    "skipped": true,
    "worker_count": 8
  }
}
	Command being timed: "env PYTHONPATH=src:. python3 scripts/goal839_robot_pose_count_baseline.py --backend embree --pose-count 200000 --obstacle-count 4096 --iterations 3 --worker-count 8 --pose-id-start 1 --skip-validation --output-json docs/reports/goal1085_robot_chunked_embree_baseline/chunk_0_timing_only.json"
	User time (seconds): 19.52
	System time (seconds): 1.10
	Percent of CPU this job got: 99%
	Elapsed (wall clock) time (h:mm:ss or m:ss): 0:20.63
	Average shared text size (kbytes): 0
	Average unshared data size (kbytes): 0
	Average stack size (kbytes): 0
	Average total size (kbytes): 0
	Maximum resident set size (kbytes): 1191920
	Average resident set size (kbytes): 0
	Major (requiring I/O) page faults: 0
	Minor (reclaiming a frame) page faults: 706886
	Voluntary context switches: 59
	Involuntary context switches: 274
	Swaps: 0
	File system inputs: 8
	File system outputs: 8752
	Socket messages sent: 0
	Socket messages received: 0
	Signals delivered: 0
	Page size (bytes): 4096
	Exit status: 0
