{
  "app": "hausdorff_xhd",
  "baseline": {
    "elapsed_runs_sec": [
      0.015682481229305267,
      0.01947850827127695,
      0.015711501939222217,
      0.015693402849137783,
      0.015730781015008688
    ],
    "elapsed_sec": 0.015711501939222217,
    "exact_value": true,
    "median_elapsed_sec": 0.015711501939222217,
    "method": "cupy_grouped_grid_rawkernel",
    "result": {
      "direction": "a_to_b",
      "distance": 0.11858844621300667,
      "elapsed_sec": 0.015711501939222217,
      "method": "cupy_grouped_grid_rawkernel",
      "source_index": 13024,
      "target_index": 462
    },
    "uses_rt_cores": false,
    "uses_rtdl": false,
    "warmup_elapsed_sec": 0.6006910090800375,
    "wrapper_elapsed_sec": 0.1425857248250395
  },
  "benchmark_track": "canonical_exact_hausdorff_entrypoint",
  "claim_boundary": {
    "broad_rt_core_speedup_claim_authorized": false,
    "canonical_entrypoint": true,
    "native_engine_customization": false,
    "paper_reproduction_claim_authorized": false,
    "public_speedup_claim_authorized": false,
    "rtdl_beats_cupy_grid_claim_authorized": false,
    "rtdl_beats_xhd_claim_authorized": false,
    "triton_speedup_claim_authorized": false,
    "whole_app_speedup_claim_authorized": false
  },
  "distance_error": 0.0,
  "elapsed_sec": 1.7630854859016836,
  "entrypoint_version": "rtdl.goal2801.hausdorff_xhd_v2_5_canonical_entrypoint.v1",
  "goal": "Goal2801",
  "gpu": "NVIDIA RTX A5000, 570.211.01",
  "matches_exact_baseline": true,
  "rtdl": {
    "adaptive_growth_factor": null,
    "adaptive_target_points_per_group": null,
    "elapsed_runs_sec": [
      0.01561289792880416,
      0.014994464116171002,
      0.014939408982172608,
      0.014938706066459417,
      0.014947393909096718
    ],
    "elapsed_sec": 0.014947393909096718,
    "exact_value": true,
    "median_elapsed_sec": 0.014947393909096718,
    "method": "rtdl_rt_grouped_reduced_nearest_witness",
    "reduced_seed_with_threshold": false,
    "reduced_target_points_per_group": 1024,
    "result": {
      "backend": "optix",
      "direction": "a_to_b",
      "distance": 0.11858844621300667,
      "elapsed_sec": 0.014947393909096718,
      "exact_value": true,
      "method": "rtdl_rt_grouped_reduced_nearest_witness",
      "radius_strategy": "bbox_upper_bound",
      "rt_core_accelerated": true,
      "source_index": 13024,
      "target_index": 11530,
      "threshold_iterations": 0,
      "witness_radius": 3.5202286382107038
    },
    "uses_rt_cores": true,
    "uses_rtdl": true,
    "warmup_elapsed_sec": 0.8532722350209951,
    "wrapper_elapsed_sec": 0.07686390914022923
  },
  "rtdl_over_cupy_grid_elapsed_ratio": 0.9513663281154567,
  "scenario": {
    "exact_tolerance": 1e-09,
    "offset_x": 0.08,
    "offset_y": -0.06,
    "points_a": 16384,
    "points_b": 16384,
    "repeat": 5,
    "rtdl_warmup": 1,
    "seed_a": 11,
    "seed_b": 29
  },
  "source_commit": "cc8c7322e8b0f21cd2edd0019e27c3df370cda70",
  "source_dirty": [],
  "status": "pass"
}
