{
  "all_match_v1_8_python_rtdl_oracle": true,
  "candidate_backend": "cupy_extent",
  "claim_boundary": {
    "comparison_is_not_absolutely_fair": true,
    "counts_as_v2_app_version": true,
    "local_linux_gtx1070_is_release_perf_evidence": false,
    "requires_pod_for_release_timing": true,
    "whole_app_speedup_claim_authorized_without_review": false
  },
  "fairness_note": "Per explicit user decision, compare v2 Python+CuPy RawKernel+RTDL against v1.8 Python+RTDL with no user C/C++ extension. This is useful but not absolutely fair.",
  "goal": "Goal1955",
  "gpu_info": {
    "nvidia_smi": [
      "NVIDIA RTX A5000, 570.211.01"
    ]
  },
  "partner": "cupy",
  "results": [
    {
      "app": "database_analytics",
      "candidate_backend": "cupy_extent",
      "copies": 100000,
      "fairness_note": "Compared against v1.8 Python+RTDL without user C/C++ extension; v2 uses Python+partner continuations+RTDL under the explicit user decision.",
      "matches_v1_8_python_rtdl_oracle": true,
      "partner": "cupy",
      "repeats": 3,
      "v1_8_payload_signature": {
        "sha256": "c68fca34a78eba9b5c08bd0cf0c71097de78e10c51acf5e0eddff8c44f87ae44",
        "summary": {
          "regional_dashboard": {
            "open_order_count_by_region": {
              "east": 200000,
              "south": 100000,
              "west": 200000
            },
            "promo_order_count": 400000,
            "web_revenue_by_region": {
              "east": 18000000,
              "west": 24000000
            }
          },
          "sales_risk": {
            "highest_risk_region": "west",
            "risky_order_count": 400000,
            "risky_order_count_by_region": {
              "central": 100000,
              "east": 100000,
              "west": 200000
            },
            "risky_order_ids": {
              "head": [
                2,
                3,
                4,
                6,
                8,
                9,
                10,
                12
              ],
              "list_length": 400000,
              "sha256": "e7e76b02b7eda92f266f1db2f29ee8e1d0ab685d2458f032f06df69292f79226",
              "tail": [
                599990,
                599991,
                599992,
                599994,
                599996,
                599997,
                599998,
                600000
              ]
            },
            "risky_revenue_by_region": {
              "central": 26000000,
              "east": 31000000,
              "west": 43000000
            }
          }
        }
      },
      "v1_8_python_rtdl_wall": {
        "max_s": 6.758942635729909,
        "median_s": 6.717377100139856,
        "min_s": 6.695539025589824
      },
      "v2_payload_signature": {
        "app": "database_analytics",
        "matches_v1_8_python_rtdl_oracle": null,
        "partner": "cupy",
        "sha256": "bac6563ad0173ed1b4881370804b66ce6553f2da9fc5466e7b7db2048f3a9687",
        "summary": {
          "regional_dashboard": {
            "open_order_count_by_region": {
              "east": 200000,
              "south": 100000,
              "west": 200000
            },
            "promo_order_count": 400000,
            "web_revenue_by_region": {
              "east": 18000000,
              "west": 24000000
            }
          },
          "sales_risk": {
            "highest_risk_region": "west",
            "risky_order_count": 400000,
            "risky_order_count_by_region": {
              "central": 100000,
              "east": 100000,
              "west": 200000
            },
            "risky_order_ids": {
              "head": [
                2,
                3,
                4,
                6,
                8,
                9,
                10,
                12
              ],
              "list_length": 400000,
              "sha256": "e7e76b02b7eda92f266f1db2f29ee8e1d0ab685d2458f032f06df69292f79226",
              "tail": [
                599990,
                599991,
                599992,
                599994,
                599996,
                599997,
                599998,
                600000
              ]
            },
            "risky_revenue_by_region": {
              "central": 26000000,
              "east": 31000000,
              "west": 43000000
            }
          }
        }
      },
      "v2_rawkernel_wall": {
        "max_s": 1.6967335622757673,
        "median_s": 1.5772283915430307,
        "min_s": 1.3682452663779259
      },
      "v2_vs_v1_8_ratio": 0.23479825057166923,
      "warmups": 1
    }
  ],
  "source_commit": "",
  "source_commit_label": "936aff2f1b1d83ee0187c0ef5610db91dd80fd40",
  "status": "rawkernel-control-app-perf-smoke"
}
