{
  "app": "rt_dbscan",
  "benchmark_track": "live_grouped_stream_continuation",
  "claim_boundary": {
    "broad_dbscan_speedup_claim_authorized": false,
    "canonical_live_harness": true,
    "native_engine_customization": false,
    "paper_reproduction_claim_authorized": false,
    "paper_speedup_claim_authorized": false,
    "public_speedup_claim_authorized": false,
    "pure_triton_components_claim_authorized": false,
    "whole_app_speedup_claim_authorized": false
  },
  "cuda_nvcc": null,
  "dataset": "clustered3d",
  "elapsed_sec": 25.490412079030648,
  "entrypoint_version": "rtdl.goal2802.rt_dbscan_v2_5_live_grouped_stream_harness.v1",
  "goal": "Goal2802",
  "gpu": "NVIDIA RTX A5000, 570.211.01",
  "grouped_stream_avoids_neighbor_rows_and_full_adjacency_stream": true,
  "grouped_stream_rt_core_accelerated": true,
  "max_grouped_stream_speedup_vs_prepared_cupy_grid": 4.76030818824691,
  "min_grouped_stream_speedup_vs_prepared_cupy_grid": 3.959458771282741,
  "point_counts": [
    32768,
    65536,
    131072
  ],
  "raw_artifacts_retained": true,
  "repeat_count": 3,
  "rows": [
    {
      "dataset": "clustered3d",
      "grouped_stream_materializes_directed_adjacency_stream": false,
      "grouped_stream_materializes_neighbor_rows": false,
      "grouped_stream_native_tail_median_sec": 0.025148225482553244,
      "grouped_stream_rt_core_accelerated": true,
      "grouped_stream_signature_match": true,
      "grouped_stream_speedup_vs_prepared_cupy_grid": 3.959458771282741,
      "grouped_stream_tail_median_sec": 0.04264554812107235,
      "planned_continuation_estimated_directed_edges": 135291470,
      "planned_continuation_full_stream_fits_budget": true,
      "planned_continuation_mode": "optix_rt_core_adjacency_cupy_components_3d",
      "planned_high_level_mode": "partner_cupy_prepared_grid_components_3d",
      "point_count": 32768,
      "prepared_cupy_grid_tail_median_sec": 0.16885328956414014,
      "prepared_cupy_signature_match": true,
      "rt_count_prepared_grid_tail_median_sec": 0.22781994799152017,
      "rt_count_signature_match": true,
      "rt_count_speedup_vs_prepared_cupy_grid": 0.7411699065545618
    },
    {
      "dataset": "clustered3d",
      "grouped_stream_materializes_directed_adjacency_stream": false,
      "grouped_stream_materializes_neighbor_rows": false,
      "grouped_stream_native_tail_median_sec": 0.06579546700231731,
      "grouped_stream_rt_core_accelerated": true,
      "grouped_stream_signature_match": true,
      "grouped_stream_speedup_vs_prepared_cupy_grid": 4.76030818824691,
      "grouped_stream_tail_median_sec": 0.10119645355734974,
      "planned_continuation_estimated_directed_edges": 541165879,
      "planned_continuation_full_stream_fits_budget": false,
      "planned_continuation_mode": "optix_rt_core_grouped_stream_cupy_components_3d",
      "planned_high_level_mode": "optix_rt_core_flags_cupy_prepared_grid_components_3d",
      "point_count": 65536,
      "prepared_cupy_grid_tail_median_sec": 0.4817263064906001,
      "prepared_cupy_signature_match": true,
      "rt_count_prepared_grid_tail_median_sec": 0.4163114269031212,
      "rt_count_signature_match": true,
      "rt_count_speedup_vs_prepared_cupy_grid": 1.1571296759113496
    },
    {
      "dataset": "clustered3d",
      "grouped_stream_materializes_directed_adjacency_stream": false,
      "grouped_stream_materializes_neighbor_rows": false,
      "grouped_stream_native_tail_median_sec": 0.25075779447797686,
      "grouped_stream_rt_core_accelerated": true,
      "grouped_stream_signature_match": true,
      "grouped_stream_speedup_vs_prepared_cupy_grid": 4.653591921571303,
      "grouped_stream_tail_median_sec": 0.3194564924342558,
      "planned_continuation_estimated_directed_edges": 2164663517,
      "planned_continuation_full_stream_fits_budget": false,
      "planned_continuation_mode": "optix_rt_core_grouped_stream_cupy_components_3d",
      "planned_high_level_mode": "optix_rt_core_flags_cupy_prepared_grid_components_3d",
      "point_count": 131072,
      "prepared_cupy_grid_tail_median_sec": 1.486620152485557,
      "prepared_cupy_signature_match": true,
      "rt_count_prepared_grid_tail_median_sec": 1.0155475905630738,
      "rt_count_signature_match": true,
      "rt_count_speedup_vs_prepared_cupy_grid": 1.463860646512189
    }
  ],
  "signatures_match": true,
  "source_commit": "747716c7141341b43a4bed37f66c53d0ff2bcc14",
  "source_dirty": [],
  "status": "pass"
}
