{
  "app": "hausdorff_xhd",
  "baseline": {
    "elapsed_runs_sec": [
      0.008309761993587017,
      0.00834002927877009,
      0.008314742939546704,
      0.008296820102259517,
      0.010797736933454871,
      0.008287730161100626,
      0.008310735924169421,
      0.008302354253828526,
      0.008285478921607137
    ],
    "elapsed_sec": 0.008309761993587017,
    "exact_value": true,
    "median_elapsed_sec": 0.008309761993587017,
    "method": "cupy_grouped_grid_rawkernel",
    "result": {
      "direction": "a_to_b",
      "distance": 0.12003618286664636,
      "elapsed_sec": 0.008309761993587017,
      "method": "cupy_grouped_grid_rawkernel",
      "source_index": 8034,
      "target_index": 3950
    },
    "uses_rt_cores": false,
    "uses_rtdl": false,
    "warmup_elapsed_sec": 0.6003090979065746,
    "wrapper_elapsed_sec": 0.13979164604097605
  },
  "benchmark_track": "canonical_exact_hausdorff_entrypoint",
  "claim_boundary": {
    "broad_rt_core_speedup_claim_authorized": false,
    "canonical_entrypoint": true,
    "native_engine_customization": false,
    "paper_reproduction_claim_authorized": false,
    "public_speedup_claim_authorized": false,
    "rtdl_beats_cupy_grid_claim_authorized": false,
    "rtdl_beats_xhd_claim_authorized": false,
    "triton_speedup_claim_authorized": false,
    "whole_app_speedup_claim_authorized": false
  },
  "distance_error": 0.0,
  "elapsed_sec": 1.8029454189818352,
  "entrypoint_version": "rtdl.goal2801.hausdorff_xhd_v2_5_canonical_entrypoint.v3.reduced_target8192",
  "goal": "Goal2801",
  "gpu": "NVIDIA RTX A5000, 570.211.01",
  "matches_exact_baseline": true,
  "rtdl": {
    "adaptive_growth_factor": null,
    "adaptive_target_points_per_group": null,
    "elapsed_runs_sec": [
      0.007274836068972945,
      0.009384267032146454,
      0.008063690038397908,
      0.00752128497697413,
      0.007252916926518083,
      0.008877190062776208,
      0.007488345960155129,
      0.007183350855484605,
      0.007246040040627122
    ],
    "elapsed_sec": 0.007488345960155129,
    "exact_value": true,
    "median_elapsed_sec": 0.007488345960155129,
    "method": "rtdl_rt_grouped_reduced_nearest_witness",
    "reduced_seed_with_threshold": false,
    "reduced_target_points_per_group": 8192,
    "result": {
      "backend": "optix",
      "direction": "a_to_b",
      "distance": 0.12003618286664636,
      "elapsed_sec": 0.007488345960155129,
      "exact_value": true,
      "method": "rtdl_rt_grouped_reduced_nearest_witness",
      "radius_strategy": "bbox_upper_bound",
      "rt_core_accelerated": true,
      "source_index": 8034,
      "target_index": 3950,
      "threshold_iterations": 0,
      "witness_radius": 3.5219852211130083
    },
    "uses_rt_cores": true,
    "uses_rtdl": true,
    "warmup_elapsed_sec": 0.8922537369653583,
    "wrapper_elapsed_sec": 0.07175969914533198
  },
  "rtdl_over_cupy_grid_elapsed_ratio": 0.9011504740971151,
  "scenario": {
    "exact_tolerance": 1e-09,
    "offset_x": 0.08,
    "offset_y": -0.06,
    "points_a": 8192,
    "points_b": 8192,
    "repeat": 9,
    "rtdl_warmup": 1,
    "seed_a": 11,
    "seed_b": 29
  },
  "source_commit": "747716c7141341b43a4bed37f66c53d0ff2bcc14",
  "source_dirty": [],
  "status": "pass"
}
