[goal2348] RTDL batched 3D start backend=optix queries=65536 search=65536 batch_size=65536 batches=1 result_mode=ranked-summary-aggregate-prepared-query-batch-graph-float32
[goal2348] RTDL batched 3D repeat 1/9 ok=True sec=0.000339
[goal2348] RTDL batched 3D repeat 2/9 ok=True sec=0.000151
[goal2348] RTDL batched 3D repeat 3/9 ok=True sec=0.000128
[goal2348] RTDL batched 3D repeat 4/9 ok=True sec=0.000122
[goal2348] RTDL batched 3D repeat 5/9 ok=True sec=0.000121
[goal2348] RTDL batched 3D repeat 6/9 ok=True sec=0.000119
[goal2348] RTDL batched 3D repeat 7/9 ok=True sec=0.000122
[goal2348] RTDL batched 3D repeat 8/9 ok=True sec=0.000118
[goal2348] RTDL batched 3D repeat 9/9 ok=True sec=0.000117
[goal2348] CuPy grid 3D ranked summary start queries=65536 search=65536 grid=52x51x51 occupied_cells=51018 k=50
[goal2348] CuPy grid 3D ranked summary repeat 1/9 ok=True sec=0.000228
[goal2348] CuPy grid 3D ranked summary repeat 2/9 ok=True sec=0.000189
[goal2348] CuPy grid 3D ranked summary repeat 3/9 ok=True sec=0.000143
[goal2348] CuPy grid 3D ranked summary repeat 4/9 ok=True sec=0.000139
[goal2348] CuPy grid 3D ranked summary repeat 5/9 ok=True sec=0.000139
[goal2348] CuPy grid 3D ranked summary repeat 6/9 ok=True sec=0.000140
[goal2348] CuPy grid 3D ranked summary repeat 7/9 ok=True sec=0.000138
[goal2348] CuPy grid 3D ranked summary repeat 8/9 ok=True sec=0.000136
[goal2348] CuPy grid 3D ranked summary repeat 9/9 ok=True sec=0.000139
[goal2348] RTDL batched 3D start backend=optix queries=65536 search=65536 batch_size=65536 batches=1 result_mode=ranked-summary-aggregate-prepared-query-batch-graph-float32
[goal2348] RTDL batched 3D repeat 1/9 ok=True sec=0.017404
[goal2348] RTDL batched 3D repeat 2/9 ok=True sec=0.017268
[goal2348] RTDL batched 3D repeat 3/9 ok=True sec=0.017264
[goal2348] RTDL batched 3D repeat 4/9 ok=True sec=0.017254
[goal2348] RTDL batched 3D repeat 5/9 ok=True sec=0.017265
[goal2348] RTDL batched 3D repeat 6/9 ok=True sec=0.017277
[goal2348] RTDL batched 3D repeat 7/9 ok=True sec=0.017281
[goal2348] RTDL batched 3D repeat 8/9 ok=True sec=0.017249
[goal2348] RTDL batched 3D repeat 9/9 ok=True sec=0.017265
[goal2348] CuPy grid 3D ranked summary start queries=65536 search=65536 grid=38x50x50 occupied_cells=5931 k=50
[goal2348] CuPy grid 3D ranked summary repeat 1/9 ok=True sec=0.046870
[goal2348] CuPy grid 3D ranked summary repeat 2/9 ok=True sec=0.046990
[goal2348] CuPy grid 3D ranked summary repeat 3/9 ok=True sec=0.047036
[goal2348] CuPy grid 3D ranked summary repeat 4/9 ok=True sec=0.046930
[goal2348] CuPy grid 3D ranked summary repeat 5/9 ok=True sec=0.047040
[goal2348] CuPy grid 3D ranked summary repeat 6/9 ok=True sec=0.047067
[goal2348] CuPy grid 3D ranked summary repeat 7/9 ok=True sec=0.047043
[goal2348] CuPy grid 3D ranked summary repeat 8/9 ok=True sec=0.046969
[goal2348] CuPy grid 3D ranked summary repeat 9/9 ok=True sec=0.046989
[goal2348] RTDL batched 3D start backend=optix queries=65536 search=65536 batch_size=65536 batches=1 result_mode=ranked-summary-aggregate-prepared-query-batch-graph-float32
[goal2348] RTDL batched 3D repeat 1/9 ok=True sec=0.000500
[goal2348] RTDL batched 3D repeat 2/9 ok=True sec=0.000373
[goal2348] RTDL batched 3D repeat 3/9 ok=True sec=0.000364
[goal2348] RTDL batched 3D repeat 4/9 ok=True sec=0.000360
[goal2348] RTDL batched 3D repeat 5/9 ok=True sec=0.000363
[goal2348] RTDL batched 3D repeat 6/9 ok=True sec=0.000362
[goal2348] RTDL batched 3D repeat 7/9 ok=True sec=0.000363
[goal2348] RTDL batched 3D repeat 8/9 ok=True sec=0.000356
[goal2348] RTDL batched 3D repeat 9/9 ok=True sec=0.000367
[goal2348] CuPy grid 3D ranked summary start queries=65536 search=65536 grid=43x44x43 occupied_cells=19194 k=50
[goal2348] CuPy grid 3D ranked summary repeat 1/9 ok=True sec=0.002760
[goal2348] CuPy grid 3D ranked summary repeat 2/9 ok=True sec=0.002729
[goal2348] CuPy grid 3D ranked summary repeat 3/9 ok=True sec=0.002735
[goal2348] CuPy grid 3D ranked summary repeat 4/9 ok=True sec=0.002728
[goal2348] CuPy grid 3D ranked summary repeat 5/9 ok=True sec=0.002726
[goal2348] CuPy grid 3D ranked summary repeat 6/9 ok=True sec=0.002726
[goal2348] CuPy grid 3D ranked summary repeat 7/9 ok=True sec=0.002724
[goal2348] CuPy grid 3D ranked summary repeat 8/9 ok=True sec=0.002716
[goal2348] CuPy grid 3D ranked summary repeat 9/9 ok=True sec=0.002720
{
  "app": "rtnn",
  "benchmark_track": "tier_b_live_exact_fixed_radius_ranked_summary",
  "claim_boundary": {
    "broad_rt_core_speedup_claim_authorized": false,
    "canonical_live_harness": true,
    "native_engine_customization": false,
    "paper_reproduction_claim_authorized": false,
    "public_speedup_claim_authorized": false,
    "rtdl_beats_cupy_grid_claim_authorized": false,
    "rtdl_beats_rtnn_claim_authorized": false,
    "tier_b_same_contract_opponent": true,
    "triton_speedup_claim_authorized": false,
    "whole_app_speedup_claim_authorized": false
  },
  "distributions": [
    "uniform",
    "clustered",
    "shell"
  ],
  "elapsed_sec": 4.692918373038992,
  "goal": "Goal2800",
  "gpu": "NVIDIA RTX A5000, 570.211.01",
  "harness_version": "rtdl.goal2800.rtnn_v2_5_live_ranked_summary_harness.v8.scale65536_repeat9_graph_replay",
  "k_max": 50,
  "point_count": 65536,
  "query_batch_size": 65536,
  "radius": 0.02,
  "repeat": 9,
  "row_count": 3,
  "rows": [
    {
      "candidate_count_delta": 0,
      "candidate_count_matches_cupy_grid": true,
      "candidate_count_tolerance": 2,
      "candidate_count_within_tolerance": true,
      "claim_boundary": {
        "broad_rt_core_speedup_claim_authorized": false,
        "canonical_live_harness": true,
        "native_engine_customization": false,
        "paper_reproduction_claim_authorized": false,
        "public_speedup_claim_authorized": false,
        "rtdl_beats_cupy_grid_claim_authorized": false,
        "rtdl_beats_rtnn_claim_authorized": false,
        "tier_b_same_contract_opponent": true,
        "triton_speedup_claim_authorized": false,
        "whole_app_speedup_claim_authorized": false
      },
      "contract": {
        "bounded_k": 50,
        "exact": false,
        "family": "fixed_radius_neighbors_3d",
        "mode": "ranked-summary-aggregate-prepared-query-batch-graph-float32",
        "precision": "float32",
        "prepared_query_points": true,
        "same_contract_opponent": "cupy_grid_exact_ranked_summary_3d"
      },
      "cupy_grid_bounded_neighbor_count": 206446,
      "cupy_grid_elapsed_runs_sec": [
        0.00022800499573349953,
        0.0001890021376311779,
        0.0001433519646525383,
        0.0001394590362906456,
        0.0001388599630445242,
        0.000139688141644001,
        0.00013800710439682007,
        0.00013612117618322372,
        0.00013926904648542404
      ],
      "cupy_grid_elapsed_sec": 0.0001394590362906456,
      "cupy_grid_elapsed_statistic": "median",
      "cupy_grid_ok": true,
      "cupy_grid_over_rtdl_elapsed_ratio": 1.1468276002037199,
      "cupy_grid_summary": {
        "bounded_neighbor_count": 206446,
        "kth_id_checksum": 2152173198,
        "nearest_id_checksum": 2147450880,
        "row_count": 65536,
        "sum_distance": 2112.1991681938525
      },
      "distribution": "uniform",
      "elapsed_sec": 2.9243380329571664,
      "generated": {
        "dimension": 3,
        "format": "rtnn_csv_xyz",
        "path": "/tmp/goal2955_current_packet_after_rtnn_graph/_work/goal2800/uniform_65536.csv",
        "point_count": 65536,
        "seed": 2800
      },
      "query_count": 65536,
      "ranked_aggregate_matches_cupy_grid": true,
      "rtdl_elapsed_runs_sec": [
        0.0003394419327378273,
        0.0001508248969912529,
        0.00012804707512259483,
        0.00012160418555140495,
        0.00012133200652897358,
        0.00011934689246118069,
        0.00012166518718004227,
        0.00011784909293055534,
        0.00011717691086232662
      ],
      "rtdl_elapsed_sec": 0.00012160418555140495,
      "rtdl_elapsed_statistic": "median",
      "rtdl_input_pack_sec": 0.03425135603174567,
      "rtdl_ok": true,
      "rtdl_phase_summary": {
        "batch_count": 1,
        "candidate_count_pass_sec": 8.2901e-05,
        "modes": [
          "prepared_query_uniform_cell_ranked_summary_aggregate_f32_batch_cuda_graph_replay"
        ],
        "raw_candidate_count": 206446,
        "row_download_sec": 1.4675e-05,
        "upload_sec": 0.0
      },
      "rtdl_prepare_sec": 1.8472357878927141,
      "rtdl_ranked_aggregate_summary": {
        "bounded_neighbor_count": 206446,
        "kth_id_checksum": 2152173198,
        "nearest_id_checksum": 2147450880,
        "row_count": 65536,
        "sum_distance": 2112.1991674860474
      },
      "rtdl_raw_candidate_count": 206446,
      "rtdl_row_count": 65536,
      "search_count": 65536,
      "status": "pass"
    },
    {
      "candidate_count_delta": 0,
      "candidate_count_matches_cupy_grid": true,
      "candidate_count_tolerance": 2,
      "candidate_count_within_tolerance": true,
      "claim_boundary": {
        "broad_rt_core_speedup_claim_authorized": false,
        "canonical_live_harness": true,
        "native_engine_customization": false,
        "paper_reproduction_claim_authorized": false,
        "public_speedup_claim_authorized": false,
        "rtdl_beats_cupy_grid_claim_authorized": false,
        "rtdl_beats_rtnn_claim_authorized": false,
        "tier_b_same_contract_opponent": true,
        "triton_speedup_claim_authorized": false,
        "whole_app_speedup_claim_authorized": false
      },
      "contract": {
        "bounded_k": 50,
        "exact": false,
        "family": "fixed_radius_neighbors_3d",
        "mode": "ranked-summary-aggregate-prepared-query-batch-graph-float32",
        "precision": "float32",
        "prepared_query_points": true,
        "same_contract_opponent": "cupy_grid_exact_ranked_summary_3d"
      },
      "cupy_grid_bounded_neighbor_count": 2914109,
      "cupy_grid_elapsed_runs_sec": [
        0.046870188089087605,
        0.04698967398144305,
        0.04703604010865092,
        0.046930497977882624,
        0.04703960404731333,
        0.04706697887741029,
        0.0470432850997895,
        0.04696905007585883,
        0.046988589223474264
      ],
      "cupy_grid_elapsed_sec": 0.04698967398144305,
      "cupy_grid_elapsed_statistic": "median",
      "cupy_grid_ok": true,
      "cupy_grid_over_rtdl_elapsed_ratio": 2.721626497641168,
      "cupy_grid_summary": {
        "bounded_neighbor_count": 2914109,
        "kth_id_checksum": 2144378896,
        "nearest_id_checksum": 2147450880,
        "row_count": 65536,
        "sum_distance": 31343.765593762975
      },
      "distribution": "clustered",
      "elapsed_sec": 1.1652852960396558,
      "generated": {
        "cluster_count": 8,
        "cluster_stddev": 0.035,
        "dimension": 3,
        "distribution": "clustered",
        "format": "rtnn_csv_xyz",
        "path": "/tmp/goal2955_current_packet_after_rtnn_graph/_work/goal2800/clustered_65536.csv",
        "point_count": 65536,
        "seed": 2801
      },
      "query_count": 65536,
      "ranked_aggregate_matches_cupy_grid": true,
      "rtdl_elapsed_runs_sec": [
        0.01740438607521355,
        0.01726782601326704,
        0.017263941001147032,
        0.017254325095564127,
        0.01726529118604958,
        0.017276600003242493,
        0.017281142994761467,
        0.017249387921765447,
        0.017264981986954808
      ],
      "rtdl_elapsed_sec": 0.01726529118604958,
      "rtdl_elapsed_statistic": "median",
      "rtdl_input_pack_sec": 0.03907470288686454,
      "rtdl_ok": true,
      "rtdl_phase_summary": {
        "batch_count": 1,
        "candidate_count_pass_sec": 0.017211528,
        "modes": [
          "prepared_query_uniform_cell_ranked_summary_aggregate_f32_batch_cuda_graph_replay"
        ],
        "raw_candidate_count": 2914109,
        "row_download_sec": 2.0647e-05,
        "upload_sec": 0.0
      },
      "rtdl_prepare_sec": 0.01262134313583374,
      "rtdl_ranked_aggregate_summary": {
        "bounded_neighbor_count": 2914109,
        "kth_id_checksum": 2144378896,
        "nearest_id_checksum": 2147450880,
        "row_count": 65536,
        "sum_distance": 31343.765581409214
      },
      "rtdl_raw_candidate_count": 2914109,
      "rtdl_row_count": 65536,
      "search_count": 65536,
      "status": "pass"
    },
    {
      "candidate_count_delta": 0,
      "candidate_count_matches_cupy_grid": true,
      "candidate_count_tolerance": 2,
      "candidate_count_within_tolerance": true,
      "claim_boundary": {
        "broad_rt_core_speedup_claim_authorized": false,
        "canonical_live_harness": true,
        "native_engine_customization": false,
        "paper_reproduction_claim_authorized": false,
        "public_speedup_claim_authorized": false,
        "rtdl_beats_cupy_grid_claim_authorized": false,
        "rtdl_beats_rtnn_claim_authorized": false,
        "tier_b_same_contract_opponent": true,
        "triton_speedup_claim_authorized": false,
        "whole_app_speedup_claim_authorized": false
      },
      "contract": {
        "bounded_k": 50,
        "exact": false,
        "family": "fixed_radius_neighbors_3d",
        "mode": "ranked-summary-aggregate-prepared-query-batch-graph-float32",
        "precision": "float32",
        "prepared_query_points": true,
        "same_contract_opponent": "cupy_grid_exact_ranked_summary_3d"
      },
      "cupy_grid_bounded_neighbor_count": 1158438,
      "cupy_grid_elapsed_runs_sec": [
        0.0027602938935160637,
        0.002728865947574377,
        0.002735088812187314,
        0.002727690152823925,
        0.0027261809445917606,
        0.0027257618494331837,
        0.0027243250515311956,
        0.002716242102906108,
        0.0027202321216464043
      ],
      "cupy_grid_elapsed_sec": 0.0027261809445917606,
      "cupy_grid_elapsed_statistic": "median",
      "cupy_grid_ok": true,
      "cupy_grid_over_rtdl_elapsed_ratio": 7.50273963210563,
      "cupy_grid_summary": {
        "bounded_neighbor_count": 1158438,
        "kth_id_checksum": 2149724424,
        "nearest_id_checksum": 2147450880,
        "row_count": 65536,
        "sum_distance": 16341.84431558894
      },
      "distribution": "shell",
      "elapsed_sec": 0.5285840060096234,
      "generated": {
        "cluster_count": null,
        "cluster_stddev": null,
        "dimension": 3,
        "distribution": "shell",
        "format": "rtnn_csv_xyz",
        "path": "/tmp/goal2955_current_packet_after_rtnn_graph/_work/goal2800/shell_65536.csv",
        "point_count": 65536,
        "seed": 2802
      },
      "query_count": 65536,
      "ranked_aggregate_matches_cupy_grid": true,
      "rtdl_elapsed_runs_sec": [
        0.0005004920531064272,
        0.0003726659342646599,
        0.00036370009183883667,
        0.0003597019240260124,
        0.00036335806362330914,
        0.00036192103289067745,
        0.00036326400004327297,
        0.00035550910979509354,
        0.0003667569253593683
      ],
      "rtdl_elapsed_sec": 0.00036335806362330914,
      "rtdl_elapsed_statistic": "median",
      "rtdl_input_pack_sec": 0.0359893839340657,
      "rtdl_ok": true,
      "rtdl_phase_summary": {
        "batch_count": 1,
        "candidate_count_pass_sec": 0.000323336,
        "modes": [
          "prepared_query_uniform_cell_ranked_summary_aggregate_f32_batch_cuda_graph_replay"
        ],
        "raw_candidate_count": 1158438,
        "row_download_sec": 1.8795e-05,
        "upload_sec": 0.0
      },
      "rtdl_prepare_sec": 0.01402070908807218,
      "rtdl_ranked_aggregate_summary": {
        "bounded_neighbor_count": 1158438,
        "kth_id_checksum": 2149724424,
        "nearest_id_checksum": 2147450880,
        "row_count": 65536,
        "sum_distance": 16341.844321162382
      },
      "rtdl_raw_candidate_count": 1158438,
      "rtdl_row_count": 65536,
      "search_count": 65536,
      "status": "pass"
    }
  ],
  "run_cupy_grid": true,
  "source_commit": "747716c7141341b43a4bed37f66c53d0ff2bcc14",
  "source_dirty": [],
  "status": "pass"
}
