{
  "app": "librts_spatial_index",
  "backend": "optix",
  "box_count": 4096,
  "box_query_prepare_sec": 0.0034449039958417416,
  "claim_boundary": {
    "canonical_harness": true,
    "native_engine_customization": false,
    "paper_reproduction_claim_authorized": false,
    "public_speedup_claim_authorized": false,
    "tier_c_no_regression_harness": true,
    "triton_speedup_claim_authorized": false,
    "true_zero_copy_claim_authorized": false,
    "whole_app_speedup_claim_authorized": false
  },
  "cpu_counts": {
    "point_contains": 371793,
    "range_contains": 255739,
    "range_intersects": 553819
  },
  "cpu_reference_sec": 2.0797884459607303,
  "elapsed_sec": 0.43925342010334134,
  "fixture": {
    "box_count": 4096,
    "box_query_count": 2048,
    "dataset": "uniform",
    "paper_equivalent_dataset": false,
    "point_query_count": 2048,
    "seed": 2798
  },
  "generic_primitive": "AABB_INDEX_QUERY_2D",
  "goal": "Goal2798",
  "gpu": "NVIDIA RTX A5000, 570.211.01",
  "harness_version": "rtdl.goal2798.librts_v2_5_warm_median_harness.v1",
  "operations": [
    "point_contains",
    "range_contains",
    "range_intersects"
  ],
  "point_query_prepare_sec": 0.0017542140558362007,
  "query_count": 2048,
  "row_count": 3,
  "rows": [
    {
      "expected_count": 371793,
      "generic_primitive": "AABB_INDEX_QUERY_2D",
      "matches_cpu_reference": true,
      "observed_count": 371793,
      "operation": "point_contains",
      "primitive_contract": "generic_prepared_aabb_index_query_2d",
      "query_max_ms": 0.9576648008078337,
      "query_median_ms": 0.904531916603446,
      "query_min_ms": 0.8576980326324701,
      "query_times_ms": [
        0.8717321325093508,
        0.8576980326324701,
        0.8671830873936415,
        0.9576648008078337,
        0.9484179317951202,
        0.9230910800397396,
        0.9055067785084248,
        0.904531916603446,
        0.87965396232903
      ],
      "repeat": 9,
      "rt_core_accelerated": true,
      "status": "pass",
      "warmup": 3
    },
    {
      "expected_count": 255739,
      "generic_primitive": "AABB_INDEX_QUERY_2D",
      "matches_cpu_reference": true,
      "observed_count": 255739,
      "operation": "range_contains",
      "primitive_contract": "generic_prepared_aabb_index_query_2d",
      "query_max_ms": 0.9050702210515738,
      "query_median_ms": 0.8762229699641466,
      "query_min_ms": 0.8657029829919338,
      "query_times_ms": [
        0.9050702210515738,
        0.8868549484759569,
        0.8795640897005796,
        0.8810500148683786,
        0.8762229699641466,
        0.8657879661768675,
        0.8663428016006947,
        0.8657029829919338,
        0.8735328447073698
      ],
      "repeat": 9,
      "rt_core_accelerated": true,
      "status": "pass",
      "warmup": 3
    },
    {
      "expected_count": 553819,
      "generic_primitive": "AABB_INDEX_QUERY_2D",
      "matches_cpu_reference": true,
      "observed_count": 553819,
      "operation": "range_intersects",
      "primitive_contract": "generic_prepared_aabb_index_query_2d",
      "query_max_ms": 1.6038850881159306,
      "query_median_ms": 1.5806499868631363,
      "query_min_ms": 1.5743959229439497,
      "query_times_ms": [
        1.5743959229439497,
        1.5754099003970623,
        1.578973839059472,
        1.5806499868631363,
        1.582612982019782,
        1.5892020892351866,
        1.6038850881159306,
        1.5855361707508564,
        1.5777028165757656
      ],
      "repeat": 9,
      "rt_core_accelerated": true,
      "status": "pass",
      "warmup": 3
    }
  ],
  "scene_prepare_sec": 0.5280325459316373,
  "seed": 2798,
  "source_commit": "f050d6d51533fed3e32acf19c4668c646236ad5f",
  "source_dirty": [],
  "status": "pass"
}
