[goal2348] RTDL batched 3D start backend=optix queries=32768 search=32768 batch_size=32768 batches=1 result_mode=ranked-summary-aggregate-prepared-query-float32
[goal2348] RTDL batched 3D repeat 1/3 ok=True sec=0.000297
[goal2348] RTDL batched 3D repeat 2/3 ok=True sec=0.000105
[goal2348] RTDL batched 3D repeat 3/3 ok=True sec=0.000077
[goal2348] CuPy grid 3D ranked summary start queries=32768 search=32768 grid=52x51x51 occupied_cells=28880 k=50
[goal2348] CuPy grid 3D ranked summary repeat 1/3 ok=True sec=0.000194
[goal2348] CuPy grid 3D ranked summary repeat 2/3 ok=True sec=0.000124
[goal2348] CuPy grid 3D ranked summary repeat 3/3 ok=True sec=0.000083
[goal2348] RTDL batched 3D start backend=optix queries=32768 search=32768 batch_size=32768 batches=1 result_mode=ranked-summary-aggregate-prepared-query-float32
[goal2348] RTDL batched 3D repeat 1/3 ok=True sec=0.005090
[goal2348] RTDL batched 3D repeat 2/3 ok=True sec=0.004844
[goal2348] RTDL batched 3D repeat 3/3 ok=True sec=0.004821
[goal2348] CuPy grid 3D ranked summary start queries=32768 search=32768 grid=37x50x50 occupied_cells=4841 k=50
[goal2348] CuPy grid 3D ranked summary repeat 1/3 ok=True sec=0.012015
[goal2348] CuPy grid 3D ranked summary repeat 2/3 ok=True sec=0.012032
[goal2348] CuPy grid 3D ranked summary repeat 3/3 ok=True sec=0.011970
[goal2348] RTDL batched 3D start backend=optix queries=32768 search=32768 batch_size=32768 batches=1 result_mode=ranked-summary-aggregate-prepared-query-float32
[goal2348] RTDL batched 3D repeat 1/3 ok=True sec=0.000246
[goal2348] RTDL batched 3D repeat 2/3 ok=True sec=0.000138
[goal2348] RTDL batched 3D repeat 3/3 ok=True sec=0.000125
[goal2348] CuPy grid 3D ranked summary start queries=32768 search=32768 grid=43x44x42 occupied_cells=15226 k=50
[goal2348] CuPy grid 3D ranked summary repeat 1/3 ok=True sec=0.000318
[goal2348] CuPy grid 3D ranked summary repeat 2/3 ok=True sec=0.000272
[goal2348] CuPy grid 3D ranked summary repeat 3/3 ok=True sec=0.000265
{
  "app": "rtnn",
  "benchmark_track": "tier_b_live_exact_fixed_radius_ranked_summary",
  "claim_boundary": {
    "broad_rt_core_speedup_claim_authorized": false,
    "canonical_live_harness": true,
    "native_engine_customization": false,
    "paper_reproduction_claim_authorized": false,
    "public_speedup_claim_authorized": false,
    "rtdl_beats_cupy_grid_claim_authorized": false,
    "rtdl_beats_rtnn_claim_authorized": false,
    "tier_b_same_contract_opponent": true,
    "triton_speedup_claim_authorized": false,
    "whole_app_speedup_claim_authorized": false
  },
  "distributions": [
    "uniform",
    "clustered",
    "shell"
  ],
  "elapsed_sec": 3.285217547090724,
  "goal": "Goal2800",
  "gpu": "NVIDIA RTX A5000, 570.211.01",
  "harness_version": "rtdl.goal2800.rtnn_v2_5_live_ranked_summary_harness.v5.prepared_query_aggregate_float32_median",
  "k_max": 50,
  "point_count": 32768,
  "query_batch_size": 32768,
  "radius": 0.02,
  "repeat": 3,
  "row_count": 3,
  "rows": [
    {
      "candidate_count_delta": 0,
      "candidate_count_matches_cupy_grid": true,
      "candidate_count_tolerance": 2,
      "candidate_count_within_tolerance": true,
      "claim_boundary": {
        "broad_rt_core_speedup_claim_authorized": false,
        "canonical_live_harness": true,
        "native_engine_customization": false,
        "paper_reproduction_claim_authorized": false,
        "public_speedup_claim_authorized": false,
        "rtdl_beats_cupy_grid_claim_authorized": false,
        "rtdl_beats_rtnn_claim_authorized": false,
        "tier_b_same_contract_opponent": true,
        "triton_speedup_claim_authorized": false,
        "whole_app_speedup_claim_authorized": false
      },
      "contract": {
        "bounded_k": 50,
        "exact": false,
        "family": "fixed_radius_neighbors_3d",
        "mode": "ranked-summary-aggregate-prepared-query-float32",
        "precision": "float32",
        "prepared_query_points": true,
        "same_contract_opponent": "cupy_grid_exact_ranked_summary_3d"
      },
      "cupy_grid_bounded_neighbor_count": 68178,
      "cupy_grid_elapsed_runs_sec": [
        0.00019391393288969994,
        0.0001236561220139265,
        8.280109614133835e-05
      ],
      "cupy_grid_elapsed_sec": 0.0001236561220139265,
      "cupy_grid_elapsed_statistic": "median",
      "cupy_grid_ok": true,
      "cupy_grid_over_rtdl_elapsed_ratio": 1.18241929989781,
      "cupy_grid_summary": {
        "bounded_neighbor_count": 68178,
        "kth_id_checksum": 536120173,
        "nearest_id_checksum": 536854528,
        "row_count": 32768,
        "sum_distance": 530.9112822508905
      },
      "distribution": "uniform",
      "elapsed_sec": 2.641481240047142,
      "generated": {
        "dimension": 3,
        "format": "rtnn_csv_xyz",
        "path": "/tmp/goal2902_current_packet/_work/goal2800/uniform_32768.csv",
        "point_count": 32768,
        "seed": 2800
      },
      "query_count": 32768,
      "ranked_aggregate_matches_cupy_grid": true,
      "rtdl_elapsed_runs_sec": [
        0.00029650493524968624,
        0.00010457891039550304,
        7.679592818021774e-05
      ],
      "rtdl_elapsed_sec": 0.00010457891039550304,
      "rtdl_elapsed_statistic": "median",
      "rtdl_input_pack_sec": 0.018822086974978447,
      "rtdl_ok": true,
      "rtdl_phase_summary": {
        "batch_count": 1,
        "candidate_count_pass_sec": 3.918e-05,
        "modes": [
          "prepared_query_uniform_cell_ranked_summary_aggregate_f32_block_partials"
        ],
        "raw_candidate_count": 68178,
        "row_download_sec": 1.1974e-05,
        "upload_sec": 0.0
      },
      "rtdl_prepare_sec": 1.7573923410382122,
      "rtdl_ranked_aggregate_summary": {
        "bounded_neighbor_count": 68178,
        "kth_id_checksum": 536120173,
        "nearest_id_checksum": 536854528,
        "row_count": 32768,
        "sum_distance": 530.9112821479794
      },
      "rtdl_raw_candidate_count": 68178,
      "rtdl_row_count": 32768,
      "search_count": 32768,
      "status": "pass"
    },
    {
      "candidate_count_delta": 0,
      "candidate_count_matches_cupy_grid": true,
      "candidate_count_tolerance": 2,
      "candidate_count_within_tolerance": true,
      "claim_boundary": {
        "broad_rt_core_speedup_claim_authorized": false,
        "canonical_live_harness": true,
        "native_engine_customization": false,
        "paper_reproduction_claim_authorized": false,
        "public_speedup_claim_authorized": false,
        "rtdl_beats_cupy_grid_claim_authorized": false,
        "rtdl_beats_rtnn_claim_authorized": false,
        "tier_b_same_contract_opponent": true,
        "triton_speedup_claim_authorized": false,
        "whole_app_speedup_claim_authorized": false
      },
      "contract": {
        "bounded_k": 50,
        "exact": false,
        "family": "fixed_radius_neighbors_3d",
        "mode": "ranked-summary-aggregate-prepared-query-float32",
        "precision": "float32",
        "prepared_query_points": true,
        "same_contract_opponent": "cupy_grid_exact_ranked_summary_3d"
      },
      "cupy_grid_bounded_neighbor_count": 1287932,
      "cupy_grid_elapsed_runs_sec": [
        0.012014776933938265,
        0.012032331200316548,
        0.011969994055107236
      ],
      "cupy_grid_elapsed_sec": 0.012014776933938265,
      "cupy_grid_elapsed_statistic": "median",
      "cupy_grid_ok": true,
      "cupy_grid_over_rtdl_elapsed_ratio": 2.4801597358421956,
      "cupy_grid_summary": {
        "bounded_neighbor_count": 1287932,
        "kth_id_checksum": 536303594,
        "nearest_id_checksum": 536854528,
        "row_count": 32768,
        "sum_distance": 16023.810639339034
      },
      "distribution": "clustered",
      "elapsed_sec": 0.3247704429086298,
      "generated": {
        "cluster_count": 8,
        "cluster_stddev": 0.035,
        "dimension": 3,
        "distribution": "clustered",
        "format": "rtnn_csv_xyz",
        "path": "/tmp/goal2902_current_packet/_work/goal2800/clustered_32768.csv",
        "point_count": 32768,
        "seed": 2801
      },
      "query_count": 32768,
      "ranked_aggregate_matches_cupy_grid": true,
      "rtdl_elapsed_runs_sec": [
        0.005090080900117755,
        0.004844356095418334,
        0.004820625064894557
      ],
      "rtdl_elapsed_sec": 0.004844356095418334,
      "rtdl_elapsed_statistic": "median",
      "rtdl_input_pack_sec": 0.016402825945988297,
      "rtdl_ok": true,
      "rtdl_phase_summary": {
        "batch_count": 1,
        "candidate_count_pass_sec": 0.004595334,
        "modes": [
          "prepared_query_uniform_cell_ranked_summary_aggregate_f32"
        ],
        "raw_candidate_count": 1287932,
        "row_download_sec": 1.4855e-05,
        "upload_sec": 0.0
      },
      "rtdl_prepare_sec": 0.004172468092292547,
      "rtdl_ranked_aggregate_summary": {
        "bounded_neighbor_count": 1287932,
        "kth_id_checksum": 536303594,
        "nearest_id_checksum": 536854528,
        "row_count": 32768,
        "sum_distance": 16023.81063813626
      },
      "rtdl_raw_candidate_count": 1287932,
      "rtdl_row_count": 32768,
      "search_count": 32768,
      "status": "pass"
    },
    {
      "candidate_count_delta": 0,
      "candidate_count_matches_cupy_grid": true,
      "candidate_count_tolerance": 2,
      "candidate_count_within_tolerance": true,
      "claim_boundary": {
        "broad_rt_core_speedup_claim_authorized": false,
        "canonical_live_harness": true,
        "native_engine_customization": false,
        "paper_reproduction_claim_authorized": false,
        "public_speedup_claim_authorized": false,
        "rtdl_beats_cupy_grid_claim_authorized": false,
        "rtdl_beats_rtnn_claim_authorized": false,
        "tier_b_same_contract_opponent": true,
        "triton_speedup_claim_authorized": false,
        "whole_app_speedup_claim_authorized": false
      },
      "contract": {
        "bounded_k": 50,
        "exact": false,
        "family": "fixed_radius_neighbors_3d",
        "mode": "ranked-summary-aggregate-prepared-query-float32",
        "precision": "float32",
        "prepared_query_points": true,
        "same_contract_opponent": "cupy_grid_exact_ranked_summary_3d"
      },
      "cupy_grid_bounded_neighbor_count": 307566,
      "cupy_grid_elapsed_runs_sec": [
        0.00031798891723155975,
        0.0002723708748817444,
        0.0002646748907864094
      ],
      "cupy_grid_elapsed_sec": 0.0002723708748817444,
      "cupy_grid_elapsed_statistic": "median",
      "cupy_grid_ok": true,
      "cupy_grid_over_rtdl_elapsed_ratio": 1.966632819802433,
      "cupy_grid_summary": {
        "bounded_neighbor_count": 307566,
        "kth_id_checksum": 538505264,
        "nearest_id_checksum": 536854528,
        "row_count": 32768,
        "sum_distance": 4108.110285707051
      },
      "distribution": "shell",
      "elapsed_sec": 0.2373732451815158,
      "generated": {
        "cluster_count": null,
        "cluster_stddev": null,
        "dimension": 3,
        "distribution": "shell",
        "format": "rtnn_csv_xyz",
        "path": "/tmp/goal2902_current_packet/_work/goal2800/shell_32768.csv",
        "point_count": 32768,
        "seed": 2802
      },
      "query_count": 32768,
      "ranked_aggregate_matches_cupy_grid": true,
      "rtdl_elapsed_runs_sec": [
        0.00024570501409471035,
        0.0001384960487484932,
        0.00012533809058368206
      ],
      "rtdl_elapsed_sec": 0.0001384960487484932,
      "rtdl_elapsed_statistic": "median",
      "rtdl_input_pack_sec": 0.016000095987692475,
      "rtdl_ok": true,
      "rtdl_phase_summary": {
        "batch_count": 1,
        "candidate_count_pass_sec": 8.9376e-05,
        "modes": [
          "prepared_query_uniform_cell_ranked_summary_aggregate_f32_block_partials"
        ],
        "raw_candidate_count": 307566,
        "row_download_sec": 1.4905e-05,
        "upload_sec": 0.0
      },
      "rtdl_prepare_sec": 0.0031486221123486757,
      "rtdl_ranked_aggregate_summary": {
        "bounded_neighbor_count": 307566,
        "kth_id_checksum": 538505264,
        "nearest_id_checksum": 536854528,
        "row_count": 32768,
        "sum_distance": 4108.110285904608
      },
      "rtdl_raw_candidate_count": 307566,
      "rtdl_row_count": 32768,
      "search_count": 32768,
      "status": "pass"
    }
  ],
  "run_cupy_grid": true,
  "source_commit": "f050d6d51533fed3e32acf19c4668c646236ad5f",
  "source_dirty": [],
  "status": "pass"
}
