[goal2348] RTDL batched 3D start backend=optix queries=4096 search=4096 batch_size=4096 batches=1 result_mode=ranked-summary-aggregate-prepared-query-float32
[goal2348] RTDL batched 3D repeat 1/3 ok=True sec=0.000317
[goal2348] RTDL batched 3D repeat 2/3 ok=True sec=0.000088
[goal2348] RTDL batched 3D repeat 3/3 ok=True sec=0.000064
[goal2348] CuPy grid 3D ranked summary start queries=4096 search=4096 grid=51x51x51 occupied_cells=4036 k=50
[goal2348] CuPy grid 3D ranked summary repeat 1/3 ok=True sec=0.000105
[goal2348] CuPy grid 3D ranked summary repeat 2/3 ok=True sec=0.000061
[goal2348] CuPy grid 3D ranked summary repeat 3/3 ok=True sec=0.000048
[goal2348] RTDL batched 3D start backend=optix queries=4096 search=4096 batch_size=4096 batches=1 result_mode=ranked-summary-aggregate-prepared-query-float32
[goal2348] RTDL batched 3D repeat 1/3 ok=True sec=0.000177
[goal2348] RTDL batched 3D repeat 2/3 ok=True sec=0.000155
[goal2348] RTDL batched 3D repeat 3/3 ok=True sec=0.000148
[goal2348] CuPy grid 3D ranked summary start queries=4096 search=4096 grid=37x47x47 occupied_cells=2066 k=50
[goal2348] CuPy grid 3D ranked summary repeat 1/3 ok=True sec=0.000457
[goal2348] CuPy grid 3D ranked summary repeat 2/3 ok=True sec=0.000444
[goal2348] CuPy grid 3D ranked summary repeat 3/3 ok=True sec=0.000438
[goal2348] RTDL batched 3D start backend=optix queries=4096 search=4096 batch_size=4096 batches=1 result_mode=ranked-summary-aggregate-prepared-query-float32
[goal2348] RTDL batched 3D repeat 1/3 ok=True sec=0.000091
[goal2348] RTDL batched 3D repeat 2/3 ok=True sec=0.000075
[goal2348] RTDL batched 3D repeat 3/3 ok=True sec=0.000071
[goal2348] CuPy grid 3D ranked summary start queries=4096 search=4096 grid=41x42x42 occupied_cells=3642 k=50
[goal2348] CuPy grid 3D ranked summary repeat 1/3 ok=True sec=0.000082
[goal2348] CuPy grid 3D ranked summary repeat 2/3 ok=True sec=0.000069
[goal2348] CuPy grid 3D ranked summary repeat 3/3 ok=True sec=0.000068
{
  "app": "rtnn",
  "benchmark_track": "tier_b_live_exact_fixed_radius_ranked_summary",
  "claim_boundary": {
    "broad_rt_core_speedup_claim_authorized": false,
    "canonical_live_harness": true,
    "native_engine_customization": false,
    "paper_reproduction_claim_authorized": false,
    "public_speedup_claim_authorized": false,
    "rtdl_beats_cupy_grid_claim_authorized": false,
    "rtdl_beats_rtnn_claim_authorized": false,
    "tier_b_same_contract_opponent": true,
    "triton_speedup_claim_authorized": false,
    "whole_app_speedup_claim_authorized": false
  },
  "distributions": [
    "uniform",
    "clustered",
    "shell"
  ],
  "elapsed_sec": 2.0534997409849893,
  "goal": "Goal2800",
  "gpu": "NVIDIA GeForce GTX 1070, 580.126.09",
  "harness_version": "rtdl.goal2800.rtnn_v2_5_live_ranked_summary_harness.v7.scale65536_repeat9",
  "k_max": 50,
  "point_count": 4096,
  "query_batch_size": 4096,
  "radius": 0.02,
  "repeat": 3,
  "row_count": 3,
  "rows": [
    {
      "candidate_count_delta": 0,
      "candidate_count_matches_cupy_grid": true,
      "candidate_count_tolerance": 2,
      "candidate_count_within_tolerance": true,
      "claim_boundary": {
        "broad_rt_core_speedup_claim_authorized": false,
        "canonical_live_harness": true,
        "native_engine_customization": false,
        "paper_reproduction_claim_authorized": false,
        "public_speedup_claim_authorized": false,
        "rtdl_beats_cupy_grid_claim_authorized": false,
        "rtdl_beats_rtnn_claim_authorized": false,
        "tier_b_same_contract_opponent": true,
        "triton_speedup_claim_authorized": false,
        "whole_app_speedup_claim_authorized": false
      },
      "contract": {
        "bounded_k": 50,
        "exact": false,
        "family": "fixed_radius_neighbors_3d",
        "mode": "ranked-summary-aggregate-prepared-query-float32",
        "precision": "float32",
        "prepared_query_points": true,
        "same_contract_opponent": "cupy_grid_exact_ranked_summary_3d"
      },
      "cupy_grid_bounded_neighbor_count": 4640,
      "cupy_grid_elapsed_runs_sec": [
        0.00010510999709367752,
        6.0641003074124455e-05,
        4.805001663044095e-05
      ],
      "cupy_grid_elapsed_sec": 6.0641003074124455e-05,
      "cupy_grid_elapsed_statistic": "median",
      "cupy_grid_ok": true,
      "cupy_grid_over_rtdl_elapsed_ratio": 0.6865743593461162,
      "cupy_grid_summary": {
        "bounded_neighbor_count": 4640,
        "kth_id_checksum": 8377641,
        "nearest_id_checksum": 8386560,
        "row_count": 4096,
        "sum_distance": 8.250145596917719
      },
      "distribution": "uniform",
      "elapsed_sec": 1.943071529007284,
      "generated": {
        "dimension": 3,
        "format": "rtnn_csv_xyz",
        "path": "/tmp/goal2800_rtnn_2u9hfn0f/uniform_4096.csv",
        "point_count": 4096,
        "seed": 2800
      },
      "query_count": 4096,
      "ranked_aggregate_matches_cupy_grid": true,
      "rtdl_elapsed_runs_sec": [
        0.000317192985676229,
        8.832401363179088e-05,
        6.42700179014355e-05
      ],
      "rtdl_elapsed_sec": 8.832401363179088e-05,
      "rtdl_elapsed_statistic": "median",
      "rtdl_input_pack_sec": 0.0016345600015483797,
      "rtdl_ok": true,
      "rtdl_phase_summary": {
        "batch_count": 1,
        "candidate_count_pass_sec": 3.1567e-05,
        "modes": [
          "prepared_query_uniform_cell_ranked_summary_aggregate_f32_block_partials"
        ],
        "raw_candidate_count": 4640,
        "row_download_sec": 6.965e-06,
        "upload_sec": 0.0
      },
      "rtdl_prepare_sec": 1.4264059359848034,
      "rtdl_ranked_aggregate_summary": {
        "bounded_neighbor_count": 4640,
        "kth_id_checksum": 8377641,
        "nearest_id_checksum": 8386560,
        "row_count": 4096,
        "sum_distance": 8.250145599711686
      },
      "rtdl_raw_candidate_count": 4640,
      "rtdl_row_count": 4096,
      "search_count": 4096,
      "status": "pass"
    },
    {
      "candidate_count_delta": 0,
      "candidate_count_matches_cupy_grid": true,
      "candidate_count_tolerance": 2,
      "candidate_count_within_tolerance": true,
      "claim_boundary": {
        "broad_rt_core_speedup_claim_authorized": false,
        "canonical_live_harness": true,
        "native_engine_customization": false,
        "paper_reproduction_claim_authorized": false,
        "public_speedup_claim_authorized": false,
        "rtdl_beats_cupy_grid_claim_authorized": false,
        "rtdl_beats_rtnn_claim_authorized": false,
        "tier_b_same_contract_opponent": true,
        "triton_speedup_claim_authorized": false,
        "whole_app_speedup_claim_authorized": false
      },
      "contract": {
        "bounded_k": 50,
        "exact": false,
        "family": "fixed_radius_neighbors_3d",
        "mode": "ranked-summary-aggregate-prepared-query-float32",
        "precision": "float32",
        "prepared_query_points": true,
        "same_contract_opponent": "cupy_grid_exact_ranked_summary_3d"
      },
      "cupy_grid_bounded_neighbor_count": 39804,
      "cupy_grid_elapsed_runs_sec": [
        0.00045734099694527686,
        0.0004439530021045357,
        0.00043754599755629897
      ],
      "cupy_grid_elapsed_sec": 0.0004439530021045357,
      "cupy_grid_elapsed_statistic": "median",
      "cupy_grid_ok": true,
      "cupy_grid_over_rtdl_elapsed_ratio": 2.868024797877519,
      "cupy_grid_summary": {
        "bounded_neighbor_count": 39804,
        "kth_id_checksum": 8441982,
        "nearest_id_checksum": 8386560,
        "row_count": 4096,
        "sum_distance": 533.7342513217591
      },
      "distribution": "clustered",
      "elapsed_sec": 0.029910383018432185,
      "generated": {
        "cluster_count": 8,
        "cluster_stddev": 0.035,
        "dimension": 3,
        "distribution": "clustered",
        "format": "rtnn_csv_xyz",
        "path": "/tmp/goal2800_rtnn_2u9hfn0f/clustered_4096.csv",
        "point_count": 4096,
        "seed": 2801
      },
      "query_count": 4096,
      "ranked_aggregate_matches_cupy_grid": true,
      "rtdl_elapsed_runs_sec": [
        0.0001772509713191539,
        0.00015479399007745087,
        0.00014828401617705822
      ],
      "rtdl_elapsed_sec": 0.00015479399007745087,
      "rtdl_elapsed_statistic": "median",
      "rtdl_input_pack_sec": 0.0014057059888727963,
      "rtdl_ok": true,
      "rtdl_phase_summary": {
        "batch_count": 1,
        "candidate_count_pass_sec": 0.000117913,
        "modes": [
          "prepared_query_uniform_cell_ranked_summary_aggregate_f32_block_partials"
        ],
        "raw_candidate_count": 39804,
        "row_download_sec": 6.289e-06,
        "upload_sec": 0.0
      },
      "rtdl_prepare_sec": 0.00044564998825080693,
      "rtdl_ranked_aggregate_summary": {
        "bounded_neighbor_count": 39804,
        "kth_id_checksum": 8441982,
        "nearest_id_checksum": 8386560,
        "row_count": 4096,
        "sum_distance": 533.7342509871814
      },
      "rtdl_raw_candidate_count": 39804,
      "rtdl_row_count": 4096,
      "search_count": 4096,
      "status": "pass"
    },
    {
      "candidate_count_delta": 0,
      "candidate_count_matches_cupy_grid": true,
      "candidate_count_tolerance": 2,
      "candidate_count_within_tolerance": true,
      "claim_boundary": {
        "broad_rt_core_speedup_claim_authorized": false,
        "canonical_live_harness": true,
        "native_engine_customization": false,
        "paper_reproduction_claim_authorized": false,
        "public_speedup_claim_authorized": false,
        "rtdl_beats_cupy_grid_claim_authorized": false,
        "rtdl_beats_rtnn_claim_authorized": false,
        "tier_b_same_contract_opponent": true,
        "triton_speedup_claim_authorized": false,
        "whole_app_speedup_claim_authorized": false
      },
      "contract": {
        "bounded_k": 50,
        "exact": false,
        "family": "fixed_radius_neighbors_3d",
        "mode": "ranked-summary-aggregate-prepared-query-float32",
        "precision": "float32",
        "prepared_query_points": true,
        "same_contract_opponent": "cupy_grid_exact_ranked_summary_3d"
      },
      "cupy_grid_bounded_neighbor_count": 8532,
      "cupy_grid_elapsed_runs_sec": [
        8.237099973484874e-05,
        6.909697549417615e-05,
        6.756398943252861e-05
      ],
      "cupy_grid_elapsed_sec": 6.909697549417615e-05,
      "cupy_grid_elapsed_statistic": "median",
      "cupy_grid_ok": true,
      "cupy_grid_over_rtdl_elapsed_ratio": 0.9223751601133974,
      "cupy_grid_summary": {
        "bounded_neighbor_count": 8532,
        "kth_id_checksum": 8403102,
        "nearest_id_checksum": 8386560,
        "row_count": 4096,
        "sum_distance": 66.27196425269358
      },
      "distribution": "shell",
      "elapsed_sec": 0.024807809997582808,
      "generated": {
        "cluster_count": null,
        "cluster_stddev": null,
        "dimension": 3,
        "distribution": "shell",
        "format": "rtnn_csv_xyz",
        "path": "/tmp/goal2800_rtnn_2u9hfn0f/shell_4096.csv",
        "point_count": 4096,
        "seed": 2802
      },
      "query_count": 4096,
      "ranked_aggregate_matches_cupy_grid": true,
      "rtdl_elapsed_runs_sec": [
        9.13709809537977e-05,
        7.491200813092291e-05,
        7.079797796905041e-05
      ],
      "rtdl_elapsed_sec": 7.491200813092291e-05,
      "rtdl_elapsed_statistic": "median",
      "rtdl_input_pack_sec": 0.0013697649992536753,
      "rtdl_ok": true,
      "rtdl_phase_summary": {
        "batch_count": 1,
        "candidate_count_pass_sec": 4.1715e-05,
        "modes": [
          "prepared_query_uniform_cell_ranked_summary_aggregate_f32_block_partials"
        ],
        "raw_candidate_count": 8532,
        "row_download_sec": 6.272e-06,
        "upload_sec": 0.0
      },
      "rtdl_prepare_sec": 0.00036874497891403735,
      "rtdl_ranked_aggregate_summary": {
        "bounded_neighbor_count": 8532,
        "kth_id_checksum": 8403102,
        "nearest_id_checksum": 8386560,
        "row_count": 4096,
        "sum_distance": 66.27196418354288
      },
      "rtdl_raw_candidate_count": 8532,
      "rtdl_row_count": 4096,
      "search_count": 4096,
      "status": "pass"
    }
  ],
  "run_cupy_grid": true,
  "source_commit": "6ad6314192e9db0f659c76acc58a20767a194697",
  "source_dirty": [],
  "status": "pass"
}
