{
  "boundary": "Prepared DB session profiler compares one-shot app calls with reused prepared sessions. GTX 1070 evidence is backend behavior evidence only, not RTX RT-core speedup evidence.",
  "cloud_claim_contract": {
    "claim_scope": "prepared DB compact-summary sessions only",
    "cloud_policy": "include in the single active RTX batch only after local pre-cloud readiness passes",
    "non_claim": "not SQL, not DBMS behavior, not full row materialization speedup, and not broad RTX app speedup",
    "required_phase_groups": [
      "one_shot_total_sec",
      "prepared_session_prepare_total_sec",
      "prepared_session_warm_query_sec",
      "reported_prepare_phases_sec",
      "reported_run_phases_sec",
      "reported_native_db_phases_sec",
      "reported_run_phase_totals_sec",
      "reported_native_db_phase_totals_sec",
      "db_review_observation"
    ]
  },
  "copies": 300000,
  "iterations": 3,
  "output_mode": "compact_summary",
  "results": [
    {
      "backend": "optix",
      "cloud_claim_contract": {
        "claim_scope": "prepared DB compact-summary sessions only",
        "cloud_policy": "include in the single active RTX batch only after local pre-cloud readiness passes",
        "non_claim": "not SQL, not DBMS behavior, not full row materialization speedup, and not broad RTX app speedup",
        "required_phase_groups": [
          "one_shot_total_sec",
          "prepared_session_prepare_total_sec",
          "prepared_session_warm_query_sec",
          "reported_prepare_phases_sec",
          "reported_run_phases_sec",
          "reported_native_db_phases_sec",
          "reported_run_phase_totals_sec",
          "reported_native_db_phase_totals_sec",
          "db_review_observation"
        ]
      },
      "db_review_observation": {
        "blocker": "None for local shape; compare RTX artifact against baselines before promotion.",
        "compact_summary_operation_count": 3,
        "native_counter_status": "exported",
        "row_materializing_operation_count": 0,
        "status": "phase_clean_candidate_for_rtx_review"
      },
      "one_shot_output": {
        "app": "database_analytics",
        "copies": 300000,
        "data_flow": [
          "application-owned denormalized rows",
          "bounded RTDL DB kernels",
          "scan and grouped aggregate rows",
          "Python-owned dashboard or risk-summary JSON"
        ],
        "execution_mode": "one_shot",
        "honesty_boundary": "Unified app over bounded v0.7 DB kernels; not SQL, indexes, joins, transactions, query planning, or a DBMS.",
        "native_continuation_active": true,
        "native_continuation_backend": "optix_db_compact_summary",
        "optix_performance": {
          "class": "python_interface_dominated",
          "note": "Uses real OptiX DB BVH candidate discovery and native C++ exact filtering/grouping. App-level performance is still limited by Python/ctypes preparation, candidate bitset copy-back, grouped-row decoding, and row materialization unless materialization-free compact_summary is selected; native-continuation metadata is active only for compact DB summaries that avoid row/group materialization."
        },
        "output_mode": "compact_summary",
        "requested_backend": "optix",
        "retired_compatibility_helpers": [
          "examples/rtdl_v0_7_db_app_demo.py",
          "examples/rtdl_sales_risk_screening.py"
        ],
        "rt_core_accelerated": true,
        "rt_core_claim_scope": "partial prepared compact-summary DB traversal only; not a broad DBMS or whole-app speedup claim",
        "scenario": "sales_risk",
        "sections": {
          "sales_risk": {
            "app": "sales_risk_screening",
            "backend": "optix",
            "copies": 300000,
            "execution_mode": "prepared_session",
            "native_continuation_active": true,
            "native_continuation_backend": "optix_db_compact_summary",
            "native_db_phases": {
              "compact_summary_batch": {
                "risky_order_count_by_region": {
                  "bitset_copyback": 0.00014078,
                  "emitted_count": 18,
                  "exact_filter": 0.062608856,
                  "output_pack": 0.061088112,
                  "raw_candidate_count": 1200000,
                  "traversal": 0.394318108
                },
                "risky_revenue_by_region": {
                  "bitset_copyback": 0.000142024,
                  "emitted_count": 18,
                  "exact_filter": 0.060547123,
                  "output_pack": 0.039063189000000005,
                  "raw_candidate_count": 1200000,
                  "traversal": 0.38901813900000004
                },
                "risky_scan_count": {
                  "bitset_copyback": 0.00015734900000000001,
                  "emitted_count": 1200000,
                  "exact_filter": 0.11254115800000002,
                  "output_pack": 3.83e-07,
                  "raw_candidate_count": 1200000,
                  "traversal": 0.44711844199999995
                }
              }
            },
            "output_mode": "compact_summary",
            "prepared_dataset": {
              "chunk_copies": [
                50000,
                50000,
                50000,
                50000,
                50000,
                50000
              ],
              "chunk_count": 6,
              "row_count": 1800000,
              "transfer": "chunked_columnar"
            },
            "row_counts": {
              "grouped_count": 3,
              "grouped_sum": 3,
              "scan": 1200000
            },
            "run_phases": {
              "python_summary_postprocess_sec": 3.1985342502593994e-05,
              "query_compact_summary_batch_sec": 2.002656218595803
            },
            "session": {
              "chunk_copies": [
                50000,
                50000,
                50000,
                50000,
                50000,
                50000
              ],
              "chunk_count": 6,
              "chunked_compact_summary": true,
              "input_construction_sec": 9.243376553058624e-06,
              "prepare_sec": 11.114068035036325
            },
            "summary": {
              "highest_risk_region": "west",
              "risky_order_count": 1200000,
              "risky_order_count_by_region": {
                "central": 300000,
                "east": 300000,
                "west": 600000
              },
              "risky_revenue_by_region": {
                "central": 78000000,
                "east": 93000000,
                "west": 129000000
              }
            }
          }
        }
      },
      "one_shot_total_sec": 13.42788726836443,
      "output_mode": "compact_summary",
      "phase_contract": {
        "db_review_observation": "machine-readable local readiness observation for DB compact-summary RTX review; not a public speedup claim",
        "one_shot_total": "complete public app call including fixture construction, backend selection, native prepare, query, materialization, and summary postprocess",
        "prepared_session_prepare_total": "public app prepare_session call including fixture construction and native prepared dataset creation where available",
        "prepared_session_warm_query": "session.run only: prepared queries plus any required grouped/row output shaping and app summary construction",
        "reported_native_db_phase_totals": "summed native DB counters across sections and operations; counter_status is exported, empty, or absent",
        "reported_native_db_phases": "OptiX prepared DB native counters when exported: traversal, candidate bitset copy-back, exact native filtering/grouping, output packing, raw candidate count, and emitted result count",
        "reported_prepare_phases": "scenario-provided construction/selection/prepare timers embedded in app JSON",
        "reported_run_phase_modes": "per-section classification of scan/grouped_count/grouped_sum as count_summary, group_summary, or row_materializing",
        "reported_run_phase_totals": "summed query/postprocess phase time plus explicit row-materializing versus compact-summary operation counts",
        "reported_run_phases": "scenario-provided per-operation query timers embedded in app JSON; grouped compact-summary fast paths use query_*_summary_sec while row paths use query_*_and_materialize_sec"
      },
      "prepared_session_close_sec": 0.027089528739452362,
      "prepared_session_output": {
        "app": "database_analytics",
        "copies": 300000,
        "data_flow": [
          "application-owned denormalized rows",
          "reused bounded RTDL DB prepared sessions",
          "scan and grouped aggregate rows",
          "Python-owned dashboard or risk-summary JSON"
        ],
        "execution_mode": "prepared_session",
        "honesty_boundary": "Unified app over bounded v0.7 DB kernels; not SQL, indexes, joins, transactions, query planning, or a DBMS.",
        "native_continuation_active": true,
        "native_continuation_backend": "optix_db_compact_summary",
        "optix_performance": {
          "class": "python_interface_dominated",
          "note": "Uses real OptiX DB BVH candidate discovery and native C++ exact filtering/grouping. App-level performance is still limited by Python/ctypes preparation, candidate bitset copy-back, grouped-row decoding, and row materialization unless materialization-free compact_summary is selected; native-continuation metadata is active only for compact DB summaries that avoid row/group materialization."
        },
        "output_mode": "compact_summary",
        "prepared_session": {
          "per_section_run_sec": {
            "sales_risk": 1.5380160799250007
          },
          "prepare_session_sec": 9.6686552753672,
          "scenario_count": 1
        },
        "requested_backend": "optix",
        "retired_compatibility_helpers": [
          "examples/rtdl_v0_7_db_app_demo.py",
          "examples/rtdl_sales_risk_screening.py"
        ],
        "rt_core_accelerated": true,
        "rt_core_claim_scope": "partial prepared compact-summary DB traversal only; not a broad DBMS or whole-app speedup claim",
        "scenario": "sales_risk",
        "sections": {
          "sales_risk": {
            "app": "sales_risk_screening",
            "backend": "optix",
            "copies": 300000,
            "execution_mode": "prepared_session",
            "native_continuation_active": true,
            "native_continuation_backend": "optix_db_compact_summary",
            "native_db_phases": {
              "compact_summary_batch": {
                "risky_order_count_by_region": {
                  "bitset_copyback": 0.000134808,
                  "emitted_count": 18,
                  "exact_filter": 0.062665757,
                  "output_pack": 0.059461773,
                  "raw_candidate_count": 1200000,
                  "traversal": 0.391846255
                },
                "risky_revenue_by_region": {
                  "bitset_copyback": 0.000141048,
                  "emitted_count": 18,
                  "exact_filter": 0.063035043,
                  "output_pack": 0.039817546,
                  "raw_candidate_count": 1200000,
                  "traversal": 0.39198037
                },
                "risky_scan_count": {
                  "bitset_copyback": 0.000139138,
                  "emitted_count": 1200000,
                  "exact_filter": 0.085430061,
                  "output_pack": 1.4599999999999998e-07,
                  "raw_candidate_count": 1200000,
                  "traversal": 0.44053978400000005
                }
              }
            },
            "output_mode": "compact_summary",
            "prepared_dataset": {
              "chunk_copies": [
                50000,
                50000,
                50000,
                50000,
                50000,
                50000
              ],
              "chunk_count": 6,
              "row_count": 1800000,
              "transfer": "chunked_columnar"
            },
            "row_counts": {
              "grouped_count": 3,
              "grouped_sum": 3,
              "scan": 1200000
            },
            "run_phases": {
              "python_summary_postprocess_sec": 2.140924334526062e-05,
              "query_compact_summary_batch_sec": 1.5379260769113898
            },
            "session": {
              "chunk_copies": [
                50000,
                50000,
                50000,
                50000,
                50000,
                50000
              ],
              "chunk_count": 6,
              "chunked_compact_summary": true,
              "input_construction_sec": 9.700655937194824e-06,
              "prepare_sec": 9.668624701909721
            },
            "summary": {
              "highest_risk_region": "west",
              "risky_order_count": 1200000,
              "risky_order_count_by_region": {
                "central": 300000,
                "east": 300000,
                "west": 600000
              },
              "risky_revenue_by_region": {
                "central": 78000000,
                "east": 93000000,
                "west": 129000000
              }
            }
          }
        }
      },
      "prepared_session_prepare_total_sec": 9.668694489635527,
      "prepared_session_warm_query_sec": {
        "max_sec": 1.5459289383143187,
        "median_sec": 1.538033403456211,
        "min_sec": 1.5242949398234487
      },
      "reported_native_db_phase_totals_sec": {
        "bitset_copyback_sec": 0.0,
        "counter_status": "exported",
        "emitted_count": 0,
        "exact_filter_sec": 0.0,
        "operation_count": 1,
        "output_pack_sec": 0.0,
        "raw_candidate_count": 0,
        "sections": {
          "sales_risk": {
            "bitset_copyback_sec": 0.0,
            "emitted_count": 0,
            "exact_filter_sec": 0.0,
            "operation_count": 1,
            "output_pack_sec": 0.0,
            "raw_candidate_count": 0,
            "traversal_sec": 0.0
          }
        },
        "traversal_sec": 0.0
      },
      "reported_native_db_phases_sec": {
        "sales_risk": {
          "compact_summary_batch": {
            "risky_order_count_by_region": {
              "bitset_copyback": 0.000134808,
              "emitted_count": 18,
              "exact_filter": 0.062665757,
              "output_pack": 0.059461773,
              "raw_candidate_count": 1200000,
              "traversal": 0.391846255
            },
            "risky_revenue_by_region": {
              "bitset_copyback": 0.000141048,
              "emitted_count": 18,
              "exact_filter": 0.063035043,
              "output_pack": 0.039817546,
              "raw_candidate_count": 1200000,
              "traversal": 0.39198037
            },
            "risky_scan_count": {
              "bitset_copyback": 0.000139138,
              "emitted_count": 1200000,
              "exact_filter": 0.085430061,
              "output_pack": 1.4599999999999998e-07,
              "raw_candidate_count": 1200000,
              "traversal": 0.44053978400000005
            }
          }
        }
      },
      "reported_prepare_phases_sec": {
        "sales_risk": {
          "chunk_copies": [
            50000,
            50000,
            50000,
            50000,
            50000,
            50000
          ],
          "chunk_count": 6,
          "chunked_compact_summary": true,
          "input_construction_sec": 9.700655937194824e-06,
          "prepare_sec": 9.668624701909721
        },
        "unified_session": {
          "prepare_session_sec": 9.6686552753672,
          "scenario_count": 1
        }
      },
      "reported_run_phase_modes": {
        "sales_risk": {
          "grouped_count": "batch_summary",
          "grouped_sum": "batch_summary",
          "scan": "batch_summary"
        }
      },
      "reported_run_phase_totals_sec": {
        "all_sections_python_summary_postprocess_sec": 2.140924334526062e-05,
        "all_sections_query_sec": 1.5379260769113898,
        "compact_summary_operation_count": 3,
        "row_materializing_operation_count": 0,
        "sections": {
          "sales_risk": {
            "compact_summary_operation_count": 3,
            "python_summary_postprocess_sec": 2.140924334526062e-05,
            "query_sec": 1.5379260769113898,
            "row_materializing_operation_count": 0
          }
        }
      },
      "reported_run_phases_sec": {
        "sales_risk": {
          "python_summary_postprocess_sec": 2.140924334526062e-05,
          "query_compact_summary_batch_sec": 1.5379260769113898
        },
        "unified_session": {
          "per_section_run_sec": {
            "sales_risk": 1.5380160799250007
          }
        }
      },
      "schema_version": "goal921_db_phase_review_contract_v2",
      "speedup_one_shot_over_warm_query_median": 8.73055633134481,
      "status": "ok"
    }
  ],
  "scenario": "sales_risk",
  "schema_version": "goal921_db_phase_review_contract_v2",
  "suite": "goal756_db_prepared_session_perf"
}
