[goal2348] RTDL batched 3D start backend=optix queries=32768 search=32768 batch_size=32768 batches=1 result_mode=ranked-summary-aggregate-prepared-query-batch-float32
[goal2348] RTDL batched 3D repeat 1/9 ok=True sec=0.004939
[goal2348] RTDL batched 3D repeat 2/9 ok=True sec=0.004705
[goal2348] RTDL batched 3D repeat 3/9 ok=True sec=0.004659
[goal2348] RTDL batched 3D repeat 4/9 ok=True sec=0.004620
[goal2348] RTDL batched 3D repeat 5/9 ok=True sec=0.004621
[goal2348] RTDL batched 3D repeat 6/9 ok=True sec=0.004635
[goal2348] RTDL batched 3D repeat 7/9 ok=True sec=0.004673
[goal2348] RTDL batched 3D repeat 8/9 ok=True sec=0.004645
[goal2348] RTDL batched 3D repeat 9/9 ok=True sec=0.004585
{
  "backend": "optix",
  "batch_count": 1,
  "batch_phase_timings": [
    {
      "candidate_count_pass": 0.00451668,
      "candidate_write_pass": 0.0,
      "count_download_and_prefix": 0.0,
      "emitted_count": 32768,
      "exact_refine": 0.0,
      "mode": "prepared_query_uniform_cell_ranked_summary_aggregate_f32_batch_block_partials",
      "prepare": 0.0,
      "raw_candidate_count": 1287932,
      "row_download": 1.4004e-05,
      "row_offset_upload": 0.0,
      "upload": 0.0
    }
  ],
  "claim_boundary": {
    "aggregate_requests_batched": true,
    "broad_rt_core_speedup_claim_authorized": false,
    "device_ranked_summary_aggregate": true,
    "device_ranked_summary_rows": false,
    "device_resident_query_points": true,
    "embree_ranked_summary_rows": false,
    "float32_precision": true,
    "materializes_neighbor_rows": false,
    "paper_equivalent_rtnn_row": false,
    "partitioned_or_batched_like_rtnn": true,
    "prepared_cuda_graph_replay": false,
    "rt_core_neighbor_search_claim_authorized": false,
    "rtdl_speedup_claim_authorized": false,
    "same_stream_partner_consumer": false
  },
  "contract": {
    "aggregate_batch_request_mode": "homogeneous",
    "aggregate_batch_requests": [
      {
        "k_max": 50,
        "radius": 0.02
      }
    ],
    "aggregate_request_count": 1,
    "approximate": false,
    "batched_queries": true,
    "bounded_k": 50,
    "exact": false,
    "execution_path_policy_version": null,
    "family": "fixed_radius_neighbors_3d",
    "mode": "ranked-summary-aggregate-prepared-query-batch-float32",
    "precision": "float32",
    "prepared_cuda_graph_replay": false,
    "prepared_query_points": true,
    "prepared_search_structure": true,
    "same_stream_partner_consumer": false
  },
  "elapsed_runs_sec": [
    0.004939238075166941,
    0.004704589024186134,
    0.004658645950257778,
    0.004619713174179196,
    0.004621346015483141,
    0.004634540062397718,
    0.004672607174143195,
    0.00464461394585669,
    0.004585444927215576
  ],
  "elapsed_sec": 0.004585444927215576,
  "error": "",
  "execution_path_plan": null,
  "execution_prepare_sec": 1.8305890848860145,
  "external": "RTDL current",
  "input_load_sec": 0.0368871099781245,
  "input_pack_sec": 0.0179555828217417,
  "k_max": 50,
  "mode": "current_3d_fixed_radius_neighbors_optix_batched",
  "ok": true,
  "query_batch_size": 32768,
  "query_count": 32768,
  "radius": 0.02,
  "ranked_aggregate_batch_summaries": [
    {
      "bounded_neighbor_count": 1287932,
      "k_max": 50,
      "kth_id_checksum": 536303594,
      "nearest_id_checksum": 536854528,
      "precision": "float32",
      "query_count": 32768,
      "query_resident": true,
      "radius": 0.02,
      "request_index": 0,
      "sum_distance": 16023.81063813626
    }
  ],
  "ranked_aggregate_summary": {
    "bounded_neighbor_count": 1287932,
    "kth_id_checksum": 536303594,
    "nearest_id_checksum": 536854528,
    "row_count": 32768,
    "sum_distance": 16023.81063813626
  },
  "repeat": 9,
  "result_mode": "ranked-summary-aggregate-prepared-query-batch-float32",
  "row": "goal2909_clustered_ranked-summary-aggregate-prepared-query-batch-float32",
  "row_count": 32768,
  "runner": "goal2348_rtnn_v2_2_external_runner",
  "same_stream_entrypoint_metadata": null,
  "search_count": 32768
}
