{
  "app": "rt_dbscan",
  "benchmark_track": "live_grouped_stream_continuation",
  "claim_boundary": {
    "broad_dbscan_speedup_claim_authorized": false,
    "canonical_live_harness": true,
    "native_engine_customization": false,
    "paper_reproduction_claim_authorized": false,
    "paper_speedup_claim_authorized": false,
    "public_speedup_claim_authorized": false,
    "pure_triton_components_claim_authorized": false,
    "whole_app_speedup_claim_authorized": false
  },
  "cuda_nvcc": "Build cuda_12.8.r12.8/compiler.35583870_0",
  "dataset": "clustered3d",
  "elapsed_sec": 23.127625823020935,
  "entrypoint_version": "rtdl.goal2802.rt_dbscan_v2_5_live_grouped_stream_harness.v1",
  "goal": "Goal2802",
  "gpu": "NVIDIA RTX A5000, 570.211.01",
  "grouped_stream_avoids_neighbor_rows_and_full_adjacency_stream": true,
  "grouped_stream_rt_core_accelerated": true,
  "max_grouped_stream_speedup_vs_prepared_cupy_grid": 5.189141006966903,
  "min_grouped_stream_speedup_vs_prepared_cupy_grid": 3.782349294617387,
  "point_counts": [
    32768,
    65536,
    131072
  ],
  "raw_artifacts_retained": true,
  "repeat_count": 3,
  "rows": [
    {
      "dataset": "clustered3d",
      "grouped_stream_materializes_directed_adjacency_stream": false,
      "grouped_stream_materializes_neighbor_rows": false,
      "grouped_stream_native_tail_median_sec": 0.024859599419869483,
      "grouped_stream_rt_core_accelerated": true,
      "grouped_stream_signature_match": true,
      "grouped_stream_speedup_vs_prepared_cupy_grid": 3.782349294617387,
      "grouped_stream_tail_median_sec": 0.04157685744576156,
      "planned_continuation_estimated_directed_edges": 135291470,
      "planned_continuation_full_stream_fits_budget": true,
      "planned_continuation_mode": "optix_rt_core_adjacency_cupy_components_3d",
      "planned_high_level_mode": "partner_cupy_prepared_grid_components_3d",
      "point_count": 32768,
      "prepared_cupy_grid_tail_median_sec": 0.1572581974323839,
      "prepared_cupy_signature_match": true,
      "rt_count_prepared_grid_tail_median_sec": 0.1864379709586501,
      "rt_count_signature_match": true,
      "rt_count_speedup_vs_prepared_cupy_grid": 0.8434880331714296
    },
    {
      "dataset": "clustered3d",
      "grouped_stream_materializes_directed_adjacency_stream": false,
      "grouped_stream_materializes_neighbor_rows": false,
      "grouped_stream_native_tail_median_sec": 0.06622001260984689,
      "grouped_stream_rt_core_accelerated": true,
      "grouped_stream_signature_match": true,
      "grouped_stream_speedup_vs_prepared_cupy_grid": 5.189141006966903,
      "grouped_stream_tail_median_sec": 0.09123500890564173,
      "planned_continuation_estimated_directed_edges": 541165879,
      "planned_continuation_full_stream_fits_budget": false,
      "planned_continuation_mode": "optix_rt_core_grouped_stream_cupy_components_3d",
      "planned_high_level_mode": "optix_rt_core_flags_cupy_prepared_grid_components_3d",
      "point_count": 65536,
      "prepared_cupy_grid_tail_median_sec": 0.4734313259832561,
      "prepared_cupy_signature_match": true,
      "rt_count_prepared_grid_tail_median_sec": 0.38764861645177007,
      "rt_count_signature_match": true,
      "rt_count_speedup_vs_prepared_cupy_grid": 1.2212898637861096
    },
    {
      "dataset": "clustered3d",
      "grouped_stream_materializes_directed_adjacency_stream": false,
      "grouped_stream_materializes_neighbor_rows": false,
      "grouped_stream_native_tail_median_sec": 0.24995891097933054,
      "grouped_stream_rt_core_accelerated": true,
      "grouped_stream_signature_match": true,
      "grouped_stream_speedup_vs_prepared_cupy_grid": 4.824609256385321,
      "grouped_stream_tail_median_sec": 0.30560914194211364,
      "planned_continuation_estimated_directed_edges": 2164663517,
      "planned_continuation_full_stream_fits_budget": false,
      "planned_continuation_mode": "optix_rt_core_grouped_stream_cupy_components_3d",
      "planned_high_level_mode": "optix_rt_core_flags_cupy_prepared_grid_components_3d",
      "point_count": 131072,
      "prepared_cupy_grid_tail_median_sec": 1.4744446950498968,
      "prepared_cupy_signature_match": true,
      "rt_count_prepared_grid_tail_median_sec": 0.9323061329778284,
      "rt_count_signature_match": true,
      "rt_count_speedup_vs_prepared_cupy_grid": 1.5815027305896328
    }
  ],
  "signatures_match": true,
  "source_commit": "1756dce2386cd086aa91edce8e2656ce8d8899f2",
  "source_dirty": [],
  "status": "pass"
}
