[goal2348] RTDL batched 3D start backend=optix queries=32768 search=32768 batch_size=32768 batches=1 result_mode=ranked-summary-aggregate-prepared-query-float32
[goal2348] RTDL batched 3D repeat 1/3 ok=True sec=0.000278
[goal2348] RTDL batched 3D repeat 2/3 ok=True sec=0.000106
[goal2348] RTDL batched 3D repeat 3/3 ok=True sec=0.000079
[goal2348] CuPy grid 3D ranked summary start queries=32768 search=32768 grid=52x51x51 occupied_cells=28880 k=50
[goal2348] CuPy grid 3D ranked summary repeat 1/3 ok=True sec=0.000169
[goal2348] CuPy grid 3D ranked summary repeat 2/3 ok=True sec=0.000104
[goal2348] CuPy grid 3D ranked summary repeat 3/3 ok=True sec=0.000072
[goal2348] RTDL batched 3D start backend=optix queries=32768 search=32768 batch_size=32768 batches=1 result_mode=ranked-summary-aggregate-prepared-query-float32
[goal2348] RTDL batched 3D repeat 1/3 ok=True sec=0.005097
[goal2348] RTDL batched 3D repeat 2/3 ok=True sec=0.004877
[goal2348] RTDL batched 3D repeat 3/3 ok=True sec=0.004829
[goal2348] CuPy grid 3D ranked summary start queries=32768 search=32768 grid=37x50x50 occupied_cells=4841 k=50
[goal2348] CuPy grid 3D ranked summary repeat 1/3 ok=True sec=0.011977
[goal2348] CuPy grid 3D ranked summary repeat 2/3 ok=True sec=0.012031
[goal2348] CuPy grid 3D ranked summary repeat 3/3 ok=True sec=0.011937
[goal2348] RTDL batched 3D start backend=optix queries=32768 search=32768 batch_size=32768 batches=1 result_mode=ranked-summary-aggregate-prepared-query-float32
[goal2348] RTDL batched 3D repeat 1/3 ok=True sec=0.000216
[goal2348] RTDL batched 3D repeat 2/3 ok=True sec=0.000136
[goal2348] RTDL batched 3D repeat 3/3 ok=True sec=0.000125
[goal2348] CuPy grid 3D ranked summary start queries=32768 search=32768 grid=43x44x42 occupied_cells=15226 k=50
[goal2348] CuPy grid 3D ranked summary repeat 1/3 ok=True sec=0.000310
[goal2348] CuPy grid 3D ranked summary repeat 2/3 ok=True sec=0.000270
[goal2348] CuPy grid 3D ranked summary repeat 3/3 ok=True sec=0.000265
{
  "app": "rtnn",
  "benchmark_track": "tier_b_live_exact_fixed_radius_ranked_summary",
  "claim_boundary": {
    "broad_rt_core_speedup_claim_authorized": false,
    "canonical_live_harness": true,
    "native_engine_customization": false,
    "paper_reproduction_claim_authorized": false,
    "public_speedup_claim_authorized": false,
    "rtdl_beats_cupy_grid_claim_authorized": false,
    "rtdl_beats_rtnn_claim_authorized": false,
    "tier_b_same_contract_opponent": true,
    "triton_speedup_claim_authorized": false,
    "whole_app_speedup_claim_authorized": false
  },
  "distributions": [
    "uniform",
    "clustered",
    "shell"
  ],
  "elapsed_sec": 3.3306132149882615,
  "goal": "Goal2800",
  "gpu": "NVIDIA RTX A5000, 570.211.01",
  "harness_version": "rtdl.goal2800.rtnn_v2_5_live_ranked_summary_harness.v5.prepared_query_aggregate_float32_median",
  "k_max": 50,
  "point_count": 32768,
  "query_batch_size": 32768,
  "radius": 0.02,
  "repeat": 3,
  "row_count": 3,
  "rows": [
    {
      "candidate_count_delta": 0,
      "candidate_count_matches_cupy_grid": true,
      "candidate_count_tolerance": 2,
      "candidate_count_within_tolerance": true,
      "claim_boundary": {
        "broad_rt_core_speedup_claim_authorized": false,
        "canonical_live_harness": true,
        "native_engine_customization": false,
        "paper_reproduction_claim_authorized": false,
        "public_speedup_claim_authorized": false,
        "rtdl_beats_cupy_grid_claim_authorized": false,
        "rtdl_beats_rtnn_claim_authorized": false,
        "tier_b_same_contract_opponent": true,
        "triton_speedup_claim_authorized": false,
        "whole_app_speedup_claim_authorized": false
      },
      "contract": {
        "bounded_k": 50,
        "exact": false,
        "family": "fixed_radius_neighbors_3d",
        "mode": "ranked-summary-aggregate-prepared-query-float32",
        "precision": "float32",
        "prepared_query_points": true,
        "same_contract_opponent": "cupy_grid_exact_ranked_summary_3d"
      },
      "cupy_grid_bounded_neighbor_count": 68178,
      "cupy_grid_elapsed_runs_sec": [
        0.00016921688802540302,
        0.00010375608690083027,
        7.183803245425224e-05
      ],
      "cupy_grid_elapsed_sec": 0.00010375608690083027,
      "cupy_grid_elapsed_statistic": "median",
      "cupy_grid_ok": true,
      "cupy_grid_over_rtdl_elapsed_ratio": 0.9798286290987527,
      "cupy_grid_summary": {
        "bounded_neighbor_count": 68178,
        "kth_id_checksum": 536120173,
        "nearest_id_checksum": 536854528,
        "row_count": 32768,
        "sum_distance": 530.9112822508905
      },
      "distribution": "uniform",
      "elapsed_sec": 2.667435087962076,
      "generated": {
        "dimension": 3,
        "format": "rtnn_csv_xyz",
        "path": "/tmp/goal2906_current_packet_after_partner_selection/_work/goal2800/uniform_32768.csv",
        "point_count": 32768,
        "seed": 2800
      },
      "query_count": 32768,
      "ranked_aggregate_matches_cupy_grid": true,
      "rtdl_elapsed_runs_sec": [
        0.00027824193239212036,
        0.00010589207522571087,
        7.91850034147501e-05
      ],
      "rtdl_elapsed_sec": 0.00010589207522571087,
      "rtdl_elapsed_statistic": "median",
      "rtdl_input_pack_sec": 0.01750945206731558,
      "rtdl_ok": true,
      "rtdl_phase_summary": {
        "batch_count": 1,
        "candidate_count_pass_sec": 4.0335e-05,
        "modes": [
          "prepared_query_uniform_cell_ranked_summary_aggregate_f32_block_partials"
        ],
        "raw_candidate_count": 68178,
        "row_download_sec": 1.3189e-05,
        "upload_sec": 0.0
      },
      "rtdl_prepare_sec": 1.850904090097174,
      "rtdl_ranked_aggregate_summary": {
        "bounded_neighbor_count": 68178,
        "kth_id_checksum": 536120173,
        "nearest_id_checksum": 536854528,
        "row_count": 32768,
        "sum_distance": 530.9112821479794
      },
      "rtdl_raw_candidate_count": 68178,
      "rtdl_row_count": 32768,
      "search_count": 32768,
      "status": "pass"
    },
    {
      "candidate_count_delta": 0,
      "candidate_count_matches_cupy_grid": true,
      "candidate_count_tolerance": 2,
      "candidate_count_within_tolerance": true,
      "claim_boundary": {
        "broad_rt_core_speedup_claim_authorized": false,
        "canonical_live_harness": true,
        "native_engine_customization": false,
        "paper_reproduction_claim_authorized": false,
        "public_speedup_claim_authorized": false,
        "rtdl_beats_cupy_grid_claim_authorized": false,
        "rtdl_beats_rtnn_claim_authorized": false,
        "tier_b_same_contract_opponent": true,
        "triton_speedup_claim_authorized": false,
        "whole_app_speedup_claim_authorized": false
      },
      "contract": {
        "bounded_k": 50,
        "exact": false,
        "family": "fixed_radius_neighbors_3d",
        "mode": "ranked-summary-aggregate-prepared-query-float32",
        "precision": "float32",
        "prepared_query_points": true,
        "same_contract_opponent": "cupy_grid_exact_ranked_summary_3d"
      },
      "cupy_grid_bounded_neighbor_count": 1287932,
      "cupy_grid_elapsed_runs_sec": [
        0.011976603185757995,
        0.01203133212402463,
        0.011936724884435534
      ],
      "cupy_grid_elapsed_sec": 0.011976603185757995,
      "cupy_grid_elapsed_statistic": "median",
      "cupy_grid_ok": true,
      "cupy_grid_over_rtdl_elapsed_ratio": 2.455820798398915,
      "cupy_grid_summary": {
        "bounded_neighbor_count": 1287932,
        "kth_id_checksum": 536303594,
        "nearest_id_checksum": 536854528,
        "row_count": 32768,
        "sum_distance": 16023.810639339034
      },
      "distribution": "clustered",
      "elapsed_sec": 0.332111933035776,
      "generated": {
        "cluster_count": 8,
        "cluster_stddev": 0.035,
        "dimension": 3,
        "distribution": "clustered",
        "format": "rtnn_csv_xyz",
        "path": "/tmp/goal2906_current_packet_after_partner_selection/_work/goal2800/clustered_32768.csv",
        "point_count": 32768,
        "seed": 2801
      },
      "query_count": 32768,
      "ranked_aggregate_matches_cupy_grid": true,
      "rtdl_elapsed_runs_sec": [
        0.005097045097500086,
        0.004876822931692004,
        0.004829374840483069
      ],
      "rtdl_elapsed_sec": 0.004876822931692004,
      "rtdl_elapsed_statistic": "median",
      "rtdl_input_pack_sec": 0.0181442319881171,
      "rtdl_ok": true,
      "rtdl_phase_summary": {
        "batch_count": 1,
        "candidate_count_pass_sec": 0.004600189,
        "modes": [
          "prepared_query_uniform_cell_ranked_summary_aggregate_f32"
        ],
        "raw_candidate_count": 1287932,
        "row_download_sec": 2.0493e-05,
        "upload_sec": 0.0
      },
      "rtdl_prepare_sec": 0.004237666958943009,
      "rtdl_ranked_aggregate_summary": {
        "bounded_neighbor_count": 1287932,
        "kth_id_checksum": 536303594,
        "nearest_id_checksum": 536854528,
        "row_count": 32768,
        "sum_distance": 16023.81063813626
      },
      "rtdl_raw_candidate_count": 1287932,
      "rtdl_row_count": 32768,
      "search_count": 32768,
      "status": "pass"
    },
    {
      "candidate_count_delta": 0,
      "candidate_count_matches_cupy_grid": true,
      "candidate_count_tolerance": 2,
      "candidate_count_within_tolerance": true,
      "claim_boundary": {
        "broad_rt_core_speedup_claim_authorized": false,
        "canonical_live_harness": true,
        "native_engine_customization": false,
        "paper_reproduction_claim_authorized": false,
        "public_speedup_claim_authorized": false,
        "rtdl_beats_cupy_grid_claim_authorized": false,
        "rtdl_beats_rtnn_claim_authorized": false,
        "tier_b_same_contract_opponent": true,
        "triton_speedup_claim_authorized": false,
        "whole_app_speedup_claim_authorized": false
      },
      "contract": {
        "bounded_k": 50,
        "exact": false,
        "family": "fixed_radius_neighbors_3d",
        "mode": "ranked-summary-aggregate-prepared-query-float32",
        "precision": "float32",
        "prepared_query_points": true,
        "same_contract_opponent": "cupy_grid_exact_ranked_summary_3d"
      },
      "cupy_grid_bounded_neighbor_count": 307566,
      "cupy_grid_elapsed_runs_sec": [
        0.00031043984927237034,
        0.0002697140444070101,
        0.0002648578956723213
      ],
      "cupy_grid_elapsed_sec": 0.0002697140444070101,
      "cupy_grid_elapsed_statistic": "median",
      "cupy_grid_ok": true,
      "cupy_grid_over_rtdl_elapsed_ratio": 1.9851611554385675,
      "cupy_grid_summary": {
        "bounded_neighbor_count": 307566,
        "kth_id_checksum": 538505264,
        "nearest_id_checksum": 536854528,
        "row_count": 32768,
        "sum_distance": 4108.110285707051
      },
      "distribution": "shell",
      "elapsed_sec": 0.236142722889781,
      "generated": {
        "cluster_count": null,
        "cluster_stddev": null,
        "dimension": 3,
        "distribution": "shell",
        "format": "rtnn_csv_xyz",
        "path": "/tmp/goal2906_current_packet_after_partner_selection/_work/goal2800/shell_32768.csv",
        "point_count": 32768,
        "seed": 2802
      },
      "query_count": 32768,
      "ranked_aggregate_matches_cupy_grid": true,
      "rtdl_elapsed_runs_sec": [
        0.00021643494255840778,
        0.00013586506247520447,
        0.00012459000572562218
      ],
      "rtdl_elapsed_sec": 0.00013586506247520447,
      "rtdl_elapsed_statistic": "median",
      "rtdl_input_pack_sec": 0.0167498670052737,
      "rtdl_ok": true,
      "rtdl_phase_summary": {
        "batch_count": 1,
        "candidate_count_pass_sec": 8.8398e-05,
        "modes": [
          "prepared_query_uniform_cell_ranked_summary_aggregate_f32_block_partials"
        ],
        "raw_candidate_count": 307566,
        "row_download_sec": 1.4382e-05,
        "upload_sec": 0.0
      },
      "rtdl_prepare_sec": 0.0034991030115634203,
      "rtdl_ranked_aggregate_summary": {
        "bounded_neighbor_count": 307566,
        "kth_id_checksum": 538505264,
        "nearest_id_checksum": 536854528,
        "row_count": 32768,
        "sum_distance": 4108.110285904608
      },
      "rtdl_raw_candidate_count": 307566,
      "rtdl_row_count": 32768,
      "search_count": 32768,
      "status": "pass"
    }
  ],
  "run_cupy_grid": true,
  "source_commit": "1756dce2386cd086aa91edce8e2656ce8d8899f2",
  "source_dirty": [],
  "status": "pass"
}
