[goal2803] starting Barnes-Hut consolidated harness: cases=((512, 16), (2048, 32), (8192, 32)), repeats=3, validate_all_cases=False
[goal2803] membership case 1/3: bodies=512, bucket=16, repeats=3, validate=True
[goal2803] membership case 1/3 progress: backend=embree repeat=1/3 start
[goal2803] membership case 1/3 progress: backend=embree repeat=1/3 done sec=0.819
[goal2803] membership case 1/3 progress: backend=embree repeat=2/3 start
[goal2803] membership case 1/3 progress: backend=embree repeat=2/3 done sec=0.816
[goal2803] membership case 1/3 progress: backend=embree repeat=3/3 start
[goal2803] membership case 1/3 progress: backend=embree repeat=3/3 done sec=0.790
[goal2803] membership case 1/3 progress: backend=optix repeat=1/3 start
[goal2803] membership case 1/3 progress: backend=optix repeat=1/3 done sec=1.651
[goal2803] membership case 1/3 progress: backend=optix repeat=2/3 start
[goal2803] membership case 1/3 progress: backend=optix repeat=2/3 done sec=0.620
[goal2803] membership case 1/3 progress: backend=optix repeat=3/3 start
[goal2803] membership case 1/3 progress: backend=optix repeat=3/3 done sec=0.637
[goal2803] membership case done: bodies=512, rows_match=True, rt_core=True, membership_speedup=7.996x, elapsed=5.52s
[goal2803] membership case 2/3: bodies=2048, bucket=32, repeats=3, validate=False
[goal2803] membership case 2/3 progress: backend=embree repeat=1/3 start
[goal2803] membership case 2/3 progress: backend=embree repeat=1/3 done sec=6.232
[goal2803] membership case 2/3 progress: backend=embree repeat=2/3 start
[goal2803] membership case 2/3 progress: backend=embree repeat=2/3 done sec=6.774
[goal2803] membership case 2/3 progress: backend=embree repeat=3/3 start
[goal2803] membership case 2/3 progress: backend=embree repeat=3/3 done sec=7.078
[goal2803] membership case 2/3 progress: backend=optix repeat=1/3 start
[goal2803] membership case 2/3 progress: backend=optix repeat=1/3 done sec=4.217
[goal2803] membership case 2/3 progress: backend=optix repeat=2/3 start
[goal2803] membership case 2/3 progress: backend=optix repeat=2/3 done sec=4.056
[goal2803] membership case 2/3 progress: backend=optix repeat=3/3 start
[goal2803] membership case 2/3 progress: backend=optix repeat=3/3 done sec=4.410
[goal2803] membership case done: bodies=2048, rows_match=True, rt_core=True, membership_speedup=28.504x, elapsed=32.88s
[goal2803] membership case 3/3: bodies=8192, bucket=32, repeats=3, validate=False
[goal2803] membership case 3/3 progress: backend=embree repeat=1/3 start
[goal2803] membership case 3/3 progress: backend=embree repeat=1/3 done sec=96.753
[goal2803] membership case 3/3 progress: backend=embree repeat=2/3 start
[goal2803] membership case 3/3 progress: backend=embree repeat=2/3 done sec=92.839
[goal2803] membership case 3/3 progress: backend=embree repeat=3/3 start
[goal2803] membership case 3/3 progress: backend=embree repeat=3/3 done sec=93.195
[goal2803] membership case 3/3 progress: backend=optix repeat=1/3 start
[goal2803] membership case 3/3 progress: backend=optix repeat=1/3 done sec=19.600
[goal2803] membership case 3/3 progress: backend=optix repeat=2/3 start
[goal2803] membership case 3/3 progress: backend=optix repeat=2/3 done sec=20.616
[goal2803] membership case 3/3 progress: backend=optix repeat=3/3 start
[goal2803] membership case 3/3 progress: backend=optix repeat=3/3 done sec=18.982
[goal2803] membership case done: bodies=8192, rows_match=True, rt_core=True, membership_speedup=150.232x, elapsed=342.28s
[goal2803] vector-sum probe: groups=8192, rows_per_group=16, repeats=3, warmups=2
[goal2803] vector-sum warmup 1/2
[goal2803] vector-sum warmup 2/2
[goal2803] vector-sum timed repeat 1/3: torch
[goal2803] vector-sum timed repeat 1/3: triton
[goal2803] vector-sum timed repeat 2/3: torch
[goal2803] vector-sum timed repeat 2/3: triton
[goal2803] vector-sum timed repeat 3/3: torch
[goal2803] vector-sum timed repeat 3/3: triton
[goal2803] vector-sum probe done: matches=True, torch=0.000938s, triton=0.004126s, ratio=4.400x
{
  "app": "barnes_hut",
  "benchmark_track": "consolidated_membership_and_vector_sum",
  "cases": [
    {
      "body_count": 512,
      "bucket_size": 16
    },
    {
      "body_count": 2048,
      "bucket_size": 32
    },
    {
      "body_count": 8192,
      "bucket_size": 32
    }
  ],
  "claim_boundary": {
    "authors_code_comparison_authorized": false,
    "canonical_consolidated_harness": true,
    "native_engine_customization": false,
    "paper_reproduction_claim_authorized": false,
    "paper_speedup_claim_authorized": false,
    "public_speedup_claim_authorized": false,
    "triton_vector_sum_auto_selection_authorized": false,
    "whole_app_speedup_claim_authorized": false
  },
  "elapsed_sec": 382.8188725609798,
  "entrypoint_version": "rtdl.goal2803.barnes_hut_v2_5_consolidated_harness.v1",
  "goal": "Goal2803",
  "gpu": "NVIDIA RTX A5000, 570.211.01",
  "max_optix_membership_speedup_vs_embree": 150.2317542315891,
  "membership_rows": [
    {
      "body_count": 512,
      "bucket_size": 16,
      "case_elapsed_sec": 5.5162531898822635,
      "embree_frontier_lowering_sec_median": 0.3106514799874276,
      "embree_membership_wrapper_sec_median": 0.15414310293272138,
      "embree_total_sec_median": 0.7932693718466908,
      "frontier_row_count": 54178,
      "near_zone_candidate_row_count": 13106,
      "optix_frontier_lowering_sec_median": 0.15908509609289467,
      "optix_frontier_lowering_speedup_vs_embree": 1.9527377964182682,
      "optix_membership_wrapper_sec_median": 0.019277371000498533,
      "optix_membership_wrapper_speedup_vs_embree": 7.996064553031379,
      "optix_rt_core_accelerated": true,
      "optix_total_sec_median": 0.6180005841888487,
      "optix_total_speedup_vs_embree": 1.2836061844308604,
      "rows_match_between_backends": true,
      "validation_skipped": false
    },
    {
      "body_count": 2048,
      "bucket_size": 32,
      "case_elapsed_sec": 32.8847177058924,
      "embree_frontier_lowering_sec_median": 3.5691820550709963,
      "embree_membership_wrapper_sec_median": 2.5382681619375944,
      "embree_total_sec_median": 6.636985614197329,
      "frontier_row_count": 514055,
      "near_zone_candidate_row_count": 65400,
      "optix_frontier_lowering_sec_median": 1.0830868429038674,
      "optix_frontier_lowering_speedup_vs_embree": 3.295379385739422,
      "optix_membership_wrapper_sec_median": 0.08905009599402547,
      "optix_membership_wrapper_speedup_vs_embree": 28.50382286065016,
      "optix_rt_core_accelerated": true,
      "optix_total_sec_median": 4.074356151977554,
      "optix_total_speedup_vs_embree": 1.628965501942181,
      "rows_match_between_backends": true,
      "validation_skipped": true
    },
    {
      "body_count": 8192,
      "bucket_size": 32,
      "case_elapsed_sec": 342.27684289216995,
      "embree_frontier_lowering_sec_median": 79.63791992305778,
      "embree_membership_wrapper_sec_median": 74.93181166402064,
      "embree_total_sec_median": 92.33883285522461,
      "frontier_row_count": 2469712,
      "near_zone_candidate_row_count": 381692,
      "optix_frontier_lowering_sec_median": 6.110477729002014,
      "optix_frontier_lowering_speedup_vs_embree": 13.033010421603246,
      "optix_membership_wrapper_sec_median": 0.4987747899722308,
      "optix_membership_wrapper_speedup_vs_embree": 150.2317542315891,
      "optix_rt_core_accelerated": true,
      "optix_total_sec_median": 19.010998100042343,
      "optix_total_speedup_vs_embree": 4.857127036113845,
      "rows_match_between_backends": true,
      "validation_skipped": true
    }
  ],
  "membership_validation_policy": "first_case_reference_validation_plus_all_case_embree_optix_shape_parity",
  "min_optix_membership_speedup_vs_embree": 7.996064553031379,
  "repeats": 3,
  "source_commit": "1756dce2386cd086aa91edce8e2656ce8d8899f2",
  "source_dirty": [],
  "status": "pass",
  "triton_vector_sum_auto_selection_allowed": false,
  "vector_sum": {
    "group_count": 8192,
    "matches_torch": true,
    "row_count": 131072,
    "rows_per_group": 16,
    "selected_partner": "torch",
    "selected_partner_median_sec": 0.0009376588277518749,
    "selected_partner_reason": "torch_scatter_add_wins_same_contract_timing",
    "status": "pass",
    "torch_faster": true,
    "torch_median_sec": 0.0009376588277518749,
    "torch_metadata": {
      "adapter": "grouped_vector_sum_2d_partner_columns",
      "claim_boundary": "Generic grouped vector-sum adapter over partner-owned columns. It does not call native RT traversal, does not authorize true zero-copy wording, and is preview integration evidence only.",
      "direct_device_handoff_authorized": false,
      "group_count": 8192,
      "input_contract": "caller_supplied_grouped_vector_rows_2d",
      "native_engine_row_contract": "not_called_partner_continuation_only",
      "partner": "torch",
      "partner_reference_contract": "generic_grouped_vector_sum_f64x2",
      "row_count": 131072,
      "rt_core_speedup_claim_authorized": false,
      "v2_5_partner_continuation_operation": null,
      "v2_5_release_authorized": false,
      "v2_5_triton_adapter_kernel": null,
      "v2_5_triton_global_atomic_add_used": null,
      "v2_5_triton_offset_groups_per_program": null,
      "v2_5_triton_offset_program_count": null,
      "v2_5_triton_presegmented_offsets_used": false,
      "v2_5_triton_preview_kernel_status": null,
      "v2_5_triton_preview_kernel_used": false,
      "whole_app_speedup_claim_authorized": false
    },
    "triton_median_sec": 0.004125901963561773,
    "triton_metadata": {
      "adapter": "grouped_vector_sum_2d_partner_columns",
      "claim_boundary": "Generic grouped vector-sum adapter over partner-owned columns. It does not call native RT traversal, does not authorize true zero-copy wording, and is preview integration evidence only.",
      "direct_device_handoff_authorized": false,
      "group_count": 8192,
      "input_contract": "caller_supplied_grouped_vector_rows_2d",
      "native_engine_row_contract": "not_called_partner_continuation_only",
      "partner": "triton",
      "partner_reference_contract": "generic_grouped_vector_sum_f64x2",
      "row_count": 131072,
      "rt_core_speedup_claim_authorized": false,
      "v2_5_partner_continuation_operation": "grouped_vector_sum_f64x2",
      "v2_5_release_authorized": false,
      "v2_5_triton_adapter_kernel": "grouped_vector_sum_f64x2_offsets_kernel",
      "v2_5_triton_global_atomic_add_used": false,
      "v2_5_triton_offset_groups_per_program": 1,
      "v2_5_triton_offset_program_count": 8192,
      "v2_5_triton_presegmented_offsets_used": true,
      "v2_5_triton_preview_kernel_status": "preview_not_promoted",
      "v2_5_triton_preview_kernel_used": true,
      "whole_app_speedup_claim_authorized": false
    },
    "triton_over_torch_ratio": 4.4002166261837585,
    "triton_preview_promoted": false,
    "warmups": 2
  },
  "vector_warmups": 2
}
