{"backend": "embree", "output_json": "/tmp/rtdl_goal1108_radius_fix/docs/reports/goal1101_current_contract_non_optix_baselines/barnes_hut_depth8_20m_embree_timing_baseline.json", "query_count": 20000000, "scenario": "barnes_hut_node_coverage"}
	Command being timed: "env PYTHONPATH=src:. python3 scripts/goal1106_barnes_hut_chunked_embree_timing_baseline.py --body-count 20000000 --chunk-size 250000 --iterations 3 --radius 0.1 --barnes-tree-depth 8 --hit-threshold 4 --output-json docs/reports/goal1101_current_contract_non_optix_baselines/barnes_hut_depth8_20m_embree_timing_baseline.json"
	User time (seconds): 361.50
	System time (seconds): 5.31
	Percent of CPU this job got: 114%
	Elapsed (wall clock) time (h:mm:ss or m:ss): 5:20.92
	Average shared text size (kbytes): 0
	Average unshared data size (kbytes): 0
	Average stack size (kbytes): 0
	Average total size (kbytes): 0
	Maximum resident set size (kbytes): 326732
	Average resident set size (kbytes): 0
	Major (requiring I/O) page faults: 0
	Minor (reclaiming a frame) page faults: 3560960
	Voluntary context switches: 940
	Involuntary context switches: 4600
	Swaps: 0
	File system inputs: 0
	File system outputs: 8
	Socket messages sent: 0
	Socket messages received: 0
	Signals delivered: 0
	Page size (bytes): 4096
	Exit status: 0
