{
  "app": "hausdorff_xhd",
  "baseline": {
    "elapsed_runs_sec": [
      0.008333727018907666,
      0.009247700218111277,
      0.008293183986097574,
      0.00831998186185956,
      0.008325730916112661,
      0.0083276960067451,
      0.008292054058983922,
      0.008284928044304252,
      0.008209380088374019
    ],
    "elapsed_sec": 0.00831998186185956,
    "exact_value": true,
    "median_elapsed_sec": 0.00831998186185956,
    "method": "cupy_grouped_grid_rawkernel",
    "result": {
      "direction": "a_to_b",
      "distance": 0.12003618286664636,
      "elapsed_sec": 0.00831998186185956,
      "method": "cupy_grouped_grid_rawkernel",
      "source_index": 8034,
      "target_index": 3950
    },
    "uses_rt_cores": false,
    "uses_rtdl": false,
    "warmup_elapsed_sec": 0.6175518520176411,
    "wrapper_elapsed_sec": 0.14794839499518275
  },
  "benchmark_track": "canonical_exact_hausdorff_entrypoint",
  "claim_boundary": {
    "broad_rt_core_speedup_claim_authorized": false,
    "canonical_entrypoint": true,
    "native_engine_customization": false,
    "paper_reproduction_claim_authorized": false,
    "public_speedup_claim_authorized": false,
    "rtdl_beats_cupy_grid_claim_authorized": false,
    "rtdl_beats_xhd_claim_authorized": false,
    "triton_speedup_claim_authorized": false,
    "whole_app_speedup_claim_authorized": false
  },
  "distance_error": 0.0,
  "elapsed_sec": 1.7810733928345144,
  "entrypoint_version": "rtdl.goal2801.hausdorff_xhd_v2_5_canonical_entrypoint.v1",
  "goal": "Goal2801",
  "gpu": "NVIDIA RTX A5000, 570.211.01",
  "matches_exact_baseline": true,
  "rtdl": {
    "adaptive_growth_factor": null,
    "adaptive_target_points_per_group": null,
    "elapsed_runs_sec": [
      0.008104715030640364,
      0.008316071005538106,
      0.008716126903891563,
      0.009358438896015286,
      0.007885860977694392,
      0.00983916106633842,
      0.010879409033805132,
      0.007668385049328208,
      0.0077164690010249615
    ],
    "elapsed_sec": 0.008316071005538106,
    "exact_value": true,
    "median_elapsed_sec": 0.008316071005538106,
    "method": "rtdl_rt_grouped_reduced_nearest_witness",
    "reduced_seed_with_threshold": false,
    "reduced_target_points_per_group": 2048,
    "result": {
      "backend": "optix",
      "direction": "a_to_b",
      "distance": 0.12003618286664636,
      "elapsed_sec": 0.008316071005538106,
      "exact_value": true,
      "method": "rtdl_rt_grouped_reduced_nearest_witness",
      "radius_strategy": "bbox_upper_bound",
      "rt_core_accelerated": true,
      "source_index": 8034,
      "target_index": 3045,
      "threshold_iterations": 0,
      "witness_radius": 3.5219852211130083
    },
    "uses_rt_cores": true,
    "uses_rtdl": true,
    "warmup_elapsed_sec": 0.8419252841267735,
    "wrapper_elapsed_sec": 0.08008909109048545
  },
  "rtdl_over_cupy_grid_elapsed_ratio": 0.999529944128919,
  "scenario": {
    "exact_tolerance": 1e-09,
    "offset_x": 0.08,
    "offset_y": -0.06,
    "points_a": 8192,
    "points_b": 8192,
    "repeat": 9,
    "rtdl_warmup": 1,
    "seed_a": 11,
    "seed_b": 29
  },
  "source_commit": "1e3c98ffa76e602959f943a83e79fb5b442d9cd1",
  "source_dirty": [],
  "status": "pass"
}
