Command terminated by signal 9
	Command being timed: "python3 scripts/goal1101_current_contract_non_optix_baseline_profiler.py --scenario barnes_hut_node_coverage --backend embree --body-count 20000000 --iterations 3 --radius 0.1 --barnes-tree-depth 8 --hit-threshold 4 --skip-validation --output-json docs/reports/goal1101_current_contract_non_optix_baselines/barnes_hut_depth8_20m_embree_timing_baseline.json"
	User time (seconds): 215.37
	System time (seconds): 72.52
	Percent of CPU this job got: 67%
	Elapsed (wall clock) time (h:mm:ss or m:ss): 7:08.77
	Average shared text size (kbytes): 0
	Average unshared data size (kbytes): 0
	Average stack size (kbytes): 0
	Average total size (kbytes): 0
	Maximum resident set size (kbytes): 15180436
	Average resident set size (kbytes): 0
	Major (requiring I/O) page faults: 691157
	Minor (reclaiming a frame) page faults: 8739797
	Voluntary context switches: 750076
	Involuntary context switches: 139303
	Swaps: 0
	File system inputs: 39475264
	File system outputs: 0
	Socket messages sent: 0
	Socket messages received: 0
	Signals delivered: 0
	Page size (bytes): 4096
	Exit status: 0
