{
  "app": "hausdorff_xhd",
  "baseline": {
    "elapsed_runs_sec": [
      0.007203681161627173,
      0.0072035270277410746,
      0.007194065256044269,
      0.007194150937721133,
      0.007179734064266086,
      0.0071932419668883085,
      0.007302331971004605,
      0.008236992871388793,
      0.008247044868767262
    ],
    "elapsed_sec": 0.0072035270277410746,
    "exact_value": true,
    "median_elapsed_sec": 0.0072035270277410746,
    "method": "cupy_grouped_grid_rawkernel",
    "result": {
      "direction": "a_to_b",
      "distance": 0.12003618286664636,
      "elapsed_sec": 0.0072035270277410746,
      "method": "cupy_grouped_grid_rawkernel",
      "source_index": 8034,
      "target_index": 3950
    },
    "uses_rt_cores": false,
    "uses_rtdl": false,
    "warmup_elapsed_sec": 0.5142224030569196,
    "wrapper_elapsed_sec": 0.1242280111182481
  },
  "benchmark_track": "canonical_exact_hausdorff_entrypoint",
  "claim_boundary": {
    "broad_rt_core_speedup_claim_authorized": false,
    "canonical_entrypoint": true,
    "native_engine_customization": false,
    "paper_reproduction_claim_authorized": false,
    "public_speedup_claim_authorized": false,
    "rtdl_beats_cupy_grid_claim_authorized": false,
    "rtdl_beats_xhd_claim_authorized": false,
    "triton_speedup_claim_authorized": false,
    "whole_app_speedup_claim_authorized": false
  },
  "distance_error": 0.0,
  "elapsed_sec": 1.4885853158775717,
  "entrypoint_version": "rtdl.goal2801.hausdorff_xhd_v2_5_canonical_entrypoint.v1",
  "goal": "Goal2801",
  "gpu": "NVIDIA RTX A5000, 570.211.01",
  "matches_exact_baseline": true,
  "rtdl": {
    "adaptive_growth_factor": null,
    "adaptive_target_points_per_group": null,
    "elapsed_runs_sec": [
      0.007427548058331013,
      0.007244487991556525,
      0.0072903139516711235,
      0.007185792084783316,
      0.0071818651631474495,
      0.007262269966304302,
      0.007234036922454834,
      0.007151345955207944,
      0.0072789599653333426
    ],
    "elapsed_sec": 0.007244487991556525,
    "exact_value": true,
    "median_elapsed_sec": 0.007244487991556525,
    "method": "rtdl_rt_grouped_reduced_nearest_witness",
    "reduced_seed_with_threshold": false,
    "reduced_target_points_per_group": 2048,
    "result": {
      "backend": "optix",
      "direction": "a_to_b",
      "distance": 0.12003618286664636,
      "elapsed_sec": 0.007244487991556525,
      "exact_value": true,
      "method": "rtdl_rt_grouped_reduced_nearest_witness",
      "radius_strategy": "bbox_upper_bound",
      "rt_core_accelerated": true,
      "source_index": 8034,
      "target_index": 3045,
      "threshold_iterations": 0,
      "witness_radius": 3.5219852211130083
    },
    "uses_rt_cores": true,
    "uses_rtdl": true,
    "warmup_elapsed_sec": 0.7099556180182844,
    "wrapper_elapsed_sec": 0.06639249599538743
  },
  "rtdl_over_cupy_grid_elapsed_ratio": 1.0056862372637332,
  "scenario": {
    "exact_tolerance": 1e-09,
    "offset_x": 0.08,
    "offset_y": -0.06,
    "points_a": 8192,
    "points_b": 8192,
    "repeat": 9,
    "rtdl_warmup": 1,
    "seed_a": 11,
    "seed_b": 29
  },
  "source_commit": "b21ff72dbfdb0653cace6cd9e353269ae75bcaf0",
  "source_dirty": [],
  "status": "pass"
}
