[goal2803] starting Barnes-Hut consolidated harness: cases=((512, 16), (2048, 32), (8192, 32)), repeats=3, validate_all_cases=False
[goal2803] membership case 1/3: bodies=512, bucket=16, repeats=3, validate=True
[goal2803] membership case 1/3 progress: backend=embree repeat=1/3 start
[goal2803] membership case 1/3 progress: backend=embree repeat=1/3 done sec=0.850
[goal2803] membership case 1/3 progress: backend=embree repeat=2/3 start
[goal2803] membership case 1/3 progress: backend=embree repeat=2/3 done sec=0.739
[goal2803] membership case 1/3 progress: backend=embree repeat=3/3 start
[goal2803] membership case 1/3 progress: backend=embree repeat=3/3 done sec=0.817
[goal2803] membership case 1/3 progress: backend=optix repeat=1/3 start
[goal2803] membership case 1/3 progress: backend=optix repeat=1/3 done sec=1.657
[goal2803] membership case 1/3 progress: backend=optix repeat=2/3 start
[goal2803] membership case 1/3 progress: backend=optix repeat=2/3 done sec=0.644
[goal2803] membership case 1/3 progress: backend=optix repeat=3/3 start
[goal2803] membership case 1/3 progress: backend=optix repeat=3/3 done sec=0.631
[goal2803] membership case done: bodies=512, rows_match=True, rt_core=True, membership_speedup=6.682x, elapsed=5.51s
[goal2803] membership case 2/3: bodies=2048, bucket=32, repeats=3, validate=False
[goal2803] membership case 2/3 progress: backend=embree repeat=1/3 start
[goal2803] membership case 2/3 progress: backend=embree repeat=1/3 done sec=6.176
[goal2803] membership case 2/3 progress: backend=embree repeat=2/3 start
[goal2803] membership case 2/3 progress: backend=embree repeat=2/3 done sec=5.793
[goal2803] membership case 2/3 progress: backend=embree repeat=3/3 start
[goal2803] membership case 2/3 progress: backend=embree repeat=3/3 done sec=7.037
[goal2803] membership case 2/3 progress: backend=optix repeat=1/3 start
[goal2803] membership case 2/3 progress: backend=optix repeat=1/3 done sec=4.804
[goal2803] membership case 2/3 progress: backend=optix repeat=2/3 start
[goal2803] membership case 2/3 progress: backend=optix repeat=2/3 done sec=4.872
[goal2803] membership case 2/3 progress: backend=optix repeat=3/3 start
[goal2803] membership case 2/3 progress: backend=optix repeat=3/3 done sec=4.940
[goal2803] membership case done: bodies=2048, rows_match=True, rt_core=True, membership_speedup=19.769x, elapsed=33.75s
[goal2803] membership case 3/3: bodies=8192, bucket=32, repeats=3, validate=False
[goal2803] membership case 3/3 progress: backend=embree repeat=1/3 start
[goal2803] membership case 3/3 progress: backend=embree repeat=1/3 done sec=97.464
[goal2803] membership case 3/3 progress: backend=embree repeat=2/3 start
[goal2803] membership case 3/3 progress: backend=embree repeat=2/3 done sec=94.400
[goal2803] membership case 3/3 progress: backend=embree repeat=3/3 start
[goal2803] membership case 3/3 progress: backend=embree repeat=3/3 done sec=96.737
[goal2803] membership case 3/3 progress: backend=optix repeat=1/3 start
[goal2803] membership case 3/3 progress: backend=optix repeat=1/3 done sec=19.309
[goal2803] membership case 3/3 progress: backend=optix repeat=2/3 start
[goal2803] membership case 3/3 progress: backend=optix repeat=2/3 done sec=18.958
[goal2803] membership case 3/3 progress: backend=optix repeat=3/3 start
[goal2803] membership case 3/3 progress: backend=optix repeat=3/3 done sec=18.860
[goal2803] membership case done: bodies=8192, rows_match=True, rt_core=True, membership_speedup=154.046x, elapsed=345.94s
[goal2803] vector-sum probe: groups=8192, rows_per_group=16, repeats=3, warmups=2
[goal2803] vector-sum warmup 1/2
[goal2803] vector-sum warmup 2/2
[goal2803] vector-sum timed repeat 1/3: torch
[goal2803] vector-sum timed repeat 1/3: triton
[goal2803] vector-sum timed repeat 2/3: torch
[goal2803] vector-sum timed repeat 2/3: triton
[goal2803] vector-sum timed repeat 3/3: torch
[goal2803] vector-sum timed repeat 3/3: triton
[goal2803] vector-sum probe done: matches=True, torch=0.001010s, triton=0.004326s, ratio=4.283x
{
  "app": "barnes_hut",
  "benchmark_track": "consolidated_membership_and_vector_sum",
  "cases": [
    {
      "body_count": 512,
      "bucket_size": 16
    },
    {
      "body_count": 2048,
      "bucket_size": 32
    },
    {
      "body_count": 8192,
      "bucket_size": 32
    }
  ],
  "claim_boundary": {
    "authors_code_comparison_authorized": false,
    "canonical_consolidated_harness": true,
    "native_engine_customization": false,
    "paper_reproduction_claim_authorized": false,
    "paper_speedup_claim_authorized": false,
    "public_speedup_claim_authorized": false,
    "triton_vector_sum_auto_selection_authorized": false,
    "whole_app_speedup_claim_authorized": false
  },
  "elapsed_sec": 387.5144857841078,
  "entrypoint_version": "rtdl.goal2803.barnes_hut_v2_5_consolidated_harness.v1",
  "goal": "Goal2803",
  "gpu": "NVIDIA RTX A5000, 570.211.01",
  "max_optix_membership_speedup_vs_embree": 154.04569807356464,
  "membership_rows": [
    {
      "body_count": 512,
      "bucket_size": 16,
      "case_elapsed_sec": 5.514875925844535,
      "embree_frontier_lowering_sec_median": 0.2780229370109737,
      "embree_membership_wrapper_sec_median": 0.15535429888404906,
      "embree_total_sec_median": 0.7994780261069536,
      "frontier_row_count": 54178,
      "near_zone_candidate_row_count": 13106,
      "optix_frontier_lowering_sec_median": 0.16379415104165673,
      "optix_frontier_lowering_speedup_vs_embree": 1.6973923381443936,
      "optix_membership_wrapper_sec_median": 0.023250899044796824,
      "optix_membership_wrapper_speedup_vs_embree": 6.681646958456638,
      "optix_rt_core_accelerated": true,
      "optix_total_sec_median": 0.6247204230166972,
      "optix_total_speedup_vs_embree": 1.279737297920202,
      "rows_match_between_backends": true,
      "validation_skipped": false
    },
    {
      "body_count": 2048,
      "bucket_size": 32,
      "case_elapsed_sec": 33.749530842062086,
      "embree_frontier_lowering_sec_median": 3.494731043931097,
      "embree_membership_wrapper_sec_median": 2.4680256340652704,
      "embree_total_sec_median": 6.063163332175463,
      "frontier_row_count": 514055,
      "near_zone_candidate_row_count": 65400,
      "optix_frontier_lowering_sec_median": 1.4207929628901184,
      "optix_frontier_lowering_speedup_vs_embree": 2.4597046404440652,
      "optix_membership_wrapper_sec_median": 0.12484086095355451,
      "optix_membership_wrapper_speedup_vs_embree": 19.769373706766316,
      "optix_rt_core_accelerated": true,
      "optix_total_sec_median": 4.701965822139755,
      "optix_total_speedup_vs_embree": 1.289495407139361,
      "rows_match_between_backends": true,
      "validation_skipped": true
    },
    {
      "body_count": 8192,
      "bucket_size": 32,
      "case_elapsed_sec": 345.94315900700167,
      "embree_frontier_lowering_sec_median": 82.77124868705869,
      "embree_membership_wrapper_sec_median": 77.39311527111568,
      "embree_total_sec_median": 96.1524268600624,
      "frontier_row_count": 2469712,
      "near_zone_candidate_row_count": 381692,
      "optix_frontier_lowering_sec_median": 5.437518920050934,
      "optix_frontier_lowering_speedup_vs_embree": 15.22224564255555,
      "optix_membership_wrapper_sec_median": 0.5024036129470915,
      "optix_membership_wrapper_speedup_vs_embree": 154.04569807356464,
      "optix_rt_core_accelerated": true,
      "optix_total_sec_median": 18.396304273977876,
      "optix_total_speedup_vs_embree": 5.2267251850184335,
      "rows_match_between_backends": true,
      "validation_skipped": true
    }
  ],
  "membership_validation_policy": "first_case_reference_validation_plus_all_case_embree_optix_shape_parity",
  "min_optix_membership_speedup_vs_embree": 6.681646958456638,
  "repeats": 3,
  "source_commit": "b21ff72dbfdb0653cace6cd9e353269ae75bcaf0",
  "source_dirty": [],
  "status": "pass",
  "triton_vector_sum_auto_selection_allowed": false,
  "vector_sum": {
    "group_count": 8192,
    "matches_torch": true,
    "row_count": 131072,
    "rows_per_group": 16,
    "selected_partner": "torch",
    "selected_partner_median_sec": 0.0010100030340254307,
    "selected_partner_reason": "torch_scatter_add_wins_same_contract_timing",
    "status": "pass",
    "torch_faster": true,
    "torch_median_sec": 0.0010100030340254307,
    "torch_metadata": {
      "adapter": "grouped_vector_sum_2d_partner_columns",
      "claim_boundary": "Generic grouped vector-sum adapter over partner-owned columns. It does not call native RT traversal, does not authorize true zero-copy wording, and is preview integration evidence only.",
      "direct_device_handoff_authorized": false,
      "group_count": 8192,
      "input_contract": "caller_supplied_grouped_vector_rows_2d",
      "native_engine_row_contract": "not_called_partner_continuation_only",
      "partner": "torch",
      "partner_reference_contract": "generic_grouped_vector_sum_f64x2",
      "row_count": 131072,
      "rt_core_speedup_claim_authorized": false,
      "v2_5_partner_continuation_operation": null,
      "v2_5_release_authorized": false,
      "v2_5_triton_adapter_kernel": null,
      "v2_5_triton_global_atomic_add_used": null,
      "v2_5_triton_offset_groups_per_program": null,
      "v2_5_triton_offset_program_count": null,
      "v2_5_triton_presegmented_offsets_used": false,
      "v2_5_triton_preview_kernel_status": null,
      "v2_5_triton_preview_kernel_used": false,
      "whole_app_speedup_claim_authorized": false
    },
    "triton_median_sec": 0.004325683927163482,
    "triton_metadata": {
      "adapter": "grouped_vector_sum_2d_partner_columns",
      "claim_boundary": "Generic grouped vector-sum adapter over partner-owned columns. It does not call native RT traversal, does not authorize true zero-copy wording, and is preview integration evidence only.",
      "direct_device_handoff_authorized": false,
      "group_count": 8192,
      "input_contract": "caller_supplied_grouped_vector_rows_2d",
      "native_engine_row_contract": "not_called_partner_continuation_only",
      "partner": "triton",
      "partner_reference_contract": "generic_grouped_vector_sum_f64x2",
      "row_count": 131072,
      "rt_core_speedup_claim_authorized": false,
      "v2_5_partner_continuation_operation": "grouped_vector_sum_f64x2",
      "v2_5_release_authorized": false,
      "v2_5_triton_adapter_kernel": "grouped_vector_sum_f64x2_offsets_kernel",
      "v2_5_triton_global_atomic_add_used": false,
      "v2_5_triton_offset_groups_per_program": 1,
      "v2_5_triton_offset_program_count": 8192,
      "v2_5_triton_presegmented_offsets_used": true,
      "v2_5_triton_preview_kernel_status": "preview_not_promoted",
      "v2_5_triton_preview_kernel_used": true,
      "whole_app_speedup_claim_authorized": false
    },
    "triton_over_torch_ratio": 4.282842507832076,
    "triton_preview_promoted": false,
    "warmups": 2
  },
  "vector_warmups": 2
}
