{
  "app": "rt_dbscan",
  "benchmark_track": "live_grouped_stream_continuation",
  "claim_boundary": {
    "broad_dbscan_speedup_claim_authorized": false,
    "canonical_live_harness": true,
    "native_engine_customization": false,
    "paper_reproduction_claim_authorized": false,
    "paper_speedup_claim_authorized": false,
    "public_speedup_claim_authorized": false,
    "pure_triton_components_claim_authorized": false,
    "whole_app_speedup_claim_authorized": false
  },
  "cuda_nvcc": null,
  "dataset": "clustered3d",
  "elapsed_sec": 31.988466534996405,
  "entrypoint_version": "rtdl.goal2802.rt_dbscan_v2_5_live_grouped_stream_harness.v1",
  "goal": "Goal2802",
  "gpu": "NVIDIA RTX A5000, 570.211.01",
  "grouped_stream_avoids_neighbor_rows_and_full_adjacency_stream": true,
  "grouped_stream_rt_core_accelerated": true,
  "max_grouped_stream_speedup_vs_prepared_cupy_grid": 4.883398007928283,
  "min_grouped_stream_speedup_vs_prepared_cupy_grid": 4.01905407808413,
  "point_counts": [
    32768,
    65536,
    131072
  ],
  "raw_artifacts_retained": false,
  "repeat_count": 3,
  "rows": [
    {
      "dataset": "clustered3d",
      "grouped_stream_materializes_directed_adjacency_stream": false,
      "grouped_stream_materializes_neighbor_rows": false,
      "grouped_stream_native_tail_median_sec": 0.024991854093968868,
      "grouped_stream_rt_core_accelerated": true,
      "grouped_stream_signature_match": true,
      "grouped_stream_speedup_vs_prepared_cupy_grid": 4.01905407808413,
      "grouped_stream_tail_median_sec": 0.03822298196610063,
      "planned_continuation_estimated_directed_edges": 135291470,
      "planned_continuation_full_stream_fits_budget": true,
      "planned_continuation_mode": "optix_rt_core_adjacency_cupy_components_3d",
      "planned_high_level_mode": "partner_cupy_prepared_grid_components_3d",
      "point_count": 32768,
      "prepared_cupy_grid_tail_median_sec": 0.1536202315473929,
      "prepared_cupy_signature_match": true,
      "rt_count_prepared_grid_tail_median_sec": 0.142829739023,
      "rt_count_signature_match": true,
      "rt_count_speedup_vs_prepared_cupy_grid": 1.0755479397932337
    },
    {
      "dataset": "clustered3d",
      "grouped_stream_materializes_directed_adjacency_stream": false,
      "grouped_stream_materializes_neighbor_rows": false,
      "grouped_stream_native_tail_median_sec": 0.06495431694202125,
      "grouped_stream_rt_core_accelerated": true,
      "grouped_stream_signature_match": true,
      "grouped_stream_speedup_vs_prepared_cupy_grid": 4.883398007928283,
      "grouped_stream_tail_median_sec": 0.09116146294400096,
      "planned_continuation_estimated_directed_edges": 541165879,
      "planned_continuation_full_stream_fits_budget": false,
      "planned_continuation_mode": "optix_rt_core_grouped_stream_cupy_components_3d",
      "planned_high_level_mode": "optix_rt_core_flags_cupy_prepared_grid_components_3d",
      "point_count": 65536,
      "prepared_cupy_grid_tail_median_sec": 0.4451777065405622,
      "prepared_cupy_signature_match": true,
      "rt_count_prepared_grid_tail_median_sec": 0.35007844504434615,
      "rt_count_signature_match": true,
      "rt_count_speedup_vs_prepared_cupy_grid": 1.2716512908533097
    },
    {
      "dataset": "clustered3d",
      "grouped_stream_materializes_directed_adjacency_stream": false,
      "grouped_stream_materializes_neighbor_rows": false,
      "grouped_stream_native_tail_median_sec": 0.2507082059746608,
      "grouped_stream_rt_core_accelerated": true,
      "grouped_stream_signature_match": true,
      "grouped_stream_speedup_vs_prepared_cupy_grid": 4.684348283822043,
      "grouped_stream_tail_median_sec": 0.3176567404298112,
      "planned_continuation_estimated_directed_edges": 2164663517,
      "planned_continuation_full_stream_fits_budget": false,
      "planned_continuation_mode": "optix_rt_core_grouped_stream_cupy_components_3d",
      "planned_high_level_mode": "optix_rt_core_flags_cupy_prepared_grid_components_3d",
      "point_count": 131072,
      "prepared_cupy_grid_tail_median_sec": 1.4880148068768904,
      "prepared_cupy_signature_match": true,
      "rt_count_prepared_grid_tail_median_sec": 0.9777635023929179,
      "rt_count_signature_match": true,
      "rt_count_speedup_vs_prepared_cupy_grid": 1.5218555440402664
    }
  ],
  "signatures_match": true,
  "source_commit": "afcea27599c4738cdee62b111e22c3111598efe8",
  "source_dirty": [
    "?? docs/reports/goal2802_pod_artifacts/",
    "?? scripts/goal2802_rt_dbscan_v25_live_grouped_stream_harness.py"
  ],
  "status": "pass"
}
