[goal2198] 2026-05-17T16:44:36+00:00 begin RayJoin same-query RTX pod run
[goal2198] 2026-05-17T16:44:36+00:00 CUDA major 12 matches cupy-cuda12x
[goal2198] 2026-05-17T16:44:37+00:00 start apt_update
[goal2198] 2026-05-17T16:44:39+00:00 done apt_update
[goal2198] 2026-05-17T16:44:39+00:00 start apt_install
[goal2198] 2026-05-17T16:44:40+00:00 done apt_install
[goal2198] 2026-05-17T16:44:40+00:00 cuda-nvtx-12-8 already installed
[goal2198] 2026-05-17T16:44:40+00:00 start create_python_venv
[goal2198] 2026-05-17T16:44:44+00:00 done create_python_venv
[goal2198] 2026-05-17T16:44:44+00:00 using Python venv /root/goal2198_rayjoin_same_query_pod_r6/.venv
[goal2198] 2026-05-17T16:44:44+00:00 start pip_install_core
[goal2198] 2026-05-17T16:44:47+00:00 done pip_install_core
[goal2198] 2026-05-17T16:44:47+00:00 start pip_install_runtime
[goal2198] 2026-05-17T16:44:53+00:00 done pip_install_runtime
[goal2198] 2026-05-17T16:44:53+00:00 OptiX SDK present at /root/vendor/optix-sdk
[goal2198] 2026-05-17T16:44:53+00:00 start clone_rtdl
[goal2198] 2026-05-17T16:44:59+00:00 done clone_rtdl
[goal2198] 2026-05-17T16:44:59+00:00 start fetch_rtdl
[goal2198] 2026-05-17T16:44:59+00:00 done fetch_rtdl
[goal2198] 2026-05-17T16:44:59+00:00 start checkout_rtdl
[goal2198] 2026-05-17T16:44:59+00:00 done checkout_rtdl
[goal2198] 2026-05-17T16:44:59+00:00 start reset_rtdl
[goal2198] 2026-05-17T16:45:00+00:00 done reset_rtdl
[goal2198] 2026-05-17T16:45:00+00:00 start clone_rayjoin
[goal2198] 2026-05-17T16:45:01+00:00 done clone_rayjoin
[goal2198] 2026-05-17T16:45:01+00:00 start fetch_rayjoin
[goal2198] 2026-05-17T16:45:01+00:00 done fetch_rayjoin
[goal2198] 2026-05-17T16:45:01+00:00 start checkout_rayjoin
[goal2198] 2026-05-17T16:45:01+00:00 done checkout_rayjoin
[goal2198] 2026-05-17T16:45:01+00:00 start clean_rayjoin
[goal2198] 2026-05-17T16:45:01+00:00 done clean_rayjoin
[goal2198] 2026-05-17T16:45:01+00:00 start reset_rayjoin
[goal2198] 2026-05-17T16:45:02+00:00 done reset_rayjoin
[goal2198] 2026-05-17T16:45:02+00:00 start patch_rayjoin_build_compat
[goal2198] 2026-05-17T16:45:02+00:00 done patch_rayjoin_build_compat
[goal2198] 2026-05-17T16:45:02+00:00 start check_goal2195_patch
[goal2198] 2026-05-17T16:45:02+00:00 done check_goal2195_patch
[goal2198] 2026-05-17T16:45:02+00:00 start apply_goal2195_patch
[goal2198] 2026-05-17T16:45:02+00:00 done apply_goal2195_patch
[goal2198] 2026-05-17T16:45:02+00:00 start configure_rayjoin
[goal2198] 2026-05-17T16:45:05+00:00 done configure_rayjoin
[goal2198] 2026-05-17T16:45:05+00:00 start build_rayjoin
[goal2198] 2026-05-17T16:46:22+00:00 done build_rayjoin
[goal2198] 2026-05-17T16:46:22+00:00 start build_rtdl_embree
[goal2198] 2026-05-17T16:46:32+00:00 done build_rtdl_embree
[goal2198] 2026-05-17T16:46:32+00:00 start build_rtdl_optix
[goal2198] 2026-05-17T16:46:50+00:00 done build_rtdl_optix
[goal2198] 2026-05-17T16:46:50+00:00 start rayjoin_lsi_grid
[goal2198] 2026-05-17T16:46:54+00:00 done rayjoin_lsi_grid
[goal2198] 2026-05-17T16:46:54+00:00 start rayjoin_lsi_lbvh
[goal2198] 2026-05-17T16:46:58+00:00 done rayjoin_lsi_lbvh
[goal2198] 2026-05-17T16:46:58+00:00 start rayjoin_lsi_rt
[goal2198] 2026-05-17T16:47:02+00:00 done rayjoin_lsi_rt
[goal2198] 2026-05-17T16:47:02+00:00 start rayjoin_pip_grid
[goal2198] 2026-05-17T16:47:06+00:00 done rayjoin_pip_grid
[goal2198] 2026-05-17T16:47:06+00:00 start rayjoin_pip_lbvh
[goal2198] 2026-05-17T16:47:10+00:00 done rayjoin_pip_lbvh
[goal2198] 2026-05-17T16:47:10+00:00 start rayjoin_pip_rt
[goal2198] 2026-05-17T16:47:14+00:00 done rayjoin_pip_rt
[goal2198] 2026-05-17T16:47:14+00:00 start rtdl_lsi_same_stream
[goal2198] 2026-05-17T16:53:10+00:00 done rtdl_lsi_same_stream
[goal2198] 2026-05-17T16:53:10+00:00 start rtdl_pip_same_stream
[goal2198] 2026-05-17T16:53:49+00:00 done rtdl_pip_same_stream
[goal2198] 2026-05-17T16:53:49+00:00 start write_summary
[goal2198] 2026-05-17T16:53:49+00:00 done write_summary
[goal2198] 2026-05-17T16:53:49+00:00 start write_evidence_report
[goal2198] 2026-05-17T16:53:49+00:00 done write_evidence_report
[goal2198] 2026-05-17T16:53:49+00:00 complete; summary=/root/goal2198_rayjoin_same_query_pod_r6/artifacts/summary.json
