{
  "app": "hausdorff_xhd",
  "baseline": {
    "elapsed_runs_sec": [
      0.008292134152725339,
      0.00829623406752944,
      0.00829270202666521,
      0.008341402979567647,
      0.00835432787425816,
      0.008282876340672374,
      0.00829410320147872,
      0.008278454886749387,
      0.008283305913209915
    ],
    "elapsed_sec": 0.00829270202666521,
    "exact_value": true,
    "median_elapsed_sec": 0.00829270202666521,
    "method": "cupy_grouped_grid_rawkernel",
    "result": {
      "direction": "a_to_b",
      "distance": 0.12003618286664636,
      "elapsed_sec": 0.00829270202666521,
      "method": "cupy_grouped_grid_rawkernel",
      "source_index": 8034,
      "target_index": 3950
    },
    "uses_rt_cores": false,
    "uses_rtdl": false,
    "warmup_elapsed_sec": 0.49948972510173917,
    "wrapper_elapsed_sec": 0.13739296304993331
  },
  "benchmark_track": "canonical_exact_hausdorff_entrypoint",
  "claim_boundary": {
    "broad_rt_core_speedup_claim_authorized": false,
    "canonical_entrypoint": true,
    "native_engine_customization": false,
    "paper_reproduction_claim_authorized": false,
    "public_speedup_claim_authorized": false,
    "rtdl_beats_cupy_grid_claim_authorized": false,
    "rtdl_beats_xhd_claim_authorized": false,
    "triton_speedup_claim_authorized": false,
    "whole_app_speedup_claim_authorized": false
  },
  "distance_error": 0.0,
  "elapsed_sec": 1.7357643900904804,
  "entrypoint_version": "rtdl.goal2801.hausdorff_xhd_v2_5_canonical_entrypoint.v3.reduced_target8192",
  "goal": "Goal2801",
  "gpu": "NVIDIA RTX A5000, 570.211.01",
  "matches_exact_baseline": true,
  "rtdl": {
    "adaptive_growth_factor": null,
    "adaptive_target_points_per_group": null,
    "elapsed_runs_sec": [
      0.008403903106227517,
      0.006748451851308346,
      0.007195514161139727,
      0.00679851695895195,
      0.00665447092615068,
      0.00820607808418572,
      0.007136545842513442,
      0.008386150002479553,
      0.00682860380038619
    ],
    "elapsed_sec": 0.007136545842513442,
    "exact_value": true,
    "median_elapsed_sec": 0.007136545842513442,
    "method": "rtdl_rt_grouped_reduced_nearest_witness",
    "reduced_seed_with_threshold": false,
    "reduced_target_points_per_group": 8192,
    "result": {
      "backend": "optix",
      "direction": "a_to_b",
      "distance": 0.12003618286664636,
      "elapsed_sec": 0.007136545842513442,
      "exact_value": true,
      "method": "rtdl_rt_grouped_reduced_nearest_witness",
      "radius_strategy": "bbox_upper_bound",
      "rt_core_accelerated": true,
      "source_index": 8034,
      "target_index": 3950,
      "threshold_iterations": 0,
      "witness_radius": 3.5219852211130083
    },
    "uses_rt_cores": true,
    "uses_rtdl": true,
    "warmup_elapsed_sec": 0.9036295181140304,
    "wrapper_elapsed_sec": 0.06794764706864953
  },
  "rtdl_over_cupy_grid_elapsed_ratio": 0.8605814871396386,
  "scenario": {
    "exact_tolerance": 1e-09,
    "offset_x": 0.08,
    "offset_y": -0.06,
    "points_a": 8192,
    "points_b": 8192,
    "repeat": 9,
    "rtdl_warmup": 1,
    "seed_a": 11,
    "seed_b": 29
  },
  "source_commit": "63158f6db0a2248d203476633ea9f5171a0b596b",
  "source_dirty": [],
  "status": "pass"
}
