Running robot Embree baseline chunk 0
{
  "app": "robot_collision_screening",
  "authorizes_public_speedup_claim": false,
  "baseline_name": "embree_anyhit_pose_count_or_equivalent_compact_summary",
  "benchmark_scale": {
    "iterations": 3,
    "obstacle_count": 4096,
    "pose_count": 200000,
    "pose_id_start": 1
  },
  "claim_limit": "scalar pose-count collision screening only; not full robot planning, kinematics, CCD, or witness-row output",
  "comparable_metric_scope": "prepared scalar colliding-pose count for the same poses, edges, obstacles, and iteration policy",
  "correctness_parity": null,
  "goal": "Goal839 local baseline artifact writer",
  "notes": [
    "Embree baseline uses prepared RTDL kernel binding and compact pose-count postprocess.",
    "This is an equivalent compact summary baseline, not a native scalar ABI.",
    "CPU oracle validation skipped for timing-only artifact."
  ],
  "path_name": "prepared_pose_flags",
  "phase_seconds": {
    "backend_scene_prepare": 1.5402964509557933,
    "native_anyhit_query": 0.5556354470318183,
    "oracle_validation_separate": 0.0,
    "pose_and_obstacle_generation": 2.155148491030559,
    "pose_index_prepare": 0.0,
    "ray_pack": 0.23188625008333474,
    "scalar_copyback": 0.0
  },
  "phase_separated": true,
  "repeated_runs": 3,
  "required_phase_coverage": [
    "pose_and_obstacle_generation",
    "ray_pack",
    "backend_scene_prepare",
    "pose_index_prepare",
    "native_anyhit_query",
    "scalar_copyback",
    "oracle_validation_separate"
  ],
  "source_backend": "embree",
  "status": "timing_only",
  "summary": {
    "colliding_pose_count": 196875,
    "colliding_pose_ids_sample": [
      2,
      3,
      4,
      5,
      6,
      7,
      8,
      9,
      10,
      11
    ],
    "pose_count": 200000
  },
  "summary_sha256": "ad8eeff35119145d801312643a588ddd8eab1f02a79e0413e00ec7abb6b32e35",
  "validation": {
    "matches_reference": null,
    "method": "skipped timing-only chunk; use separate validation chunks before claim review",
    "skipped": true,
    "worker_count": 8
  }
}
Running robot Embree baseline chunk 1
{
  "app": "robot_collision_screening",
  "authorizes_public_speedup_claim": false,
  "baseline_name": "embree_anyhit_pose_count_or_equivalent_compact_summary",
  "benchmark_scale": {
    "iterations": 3,
    "obstacle_count": 4096,
    "pose_count": 200000,
    "pose_id_start": 200001
  },
  "claim_limit": "scalar pose-count collision screening only; not full robot planning, kinematics, CCD, or witness-row output",
  "comparable_metric_scope": "prepared scalar colliding-pose count for the same poses, edges, obstacles, and iteration policy",
  "correctness_parity": null,
  "goal": "Goal839 local baseline artifact writer",
  "notes": [
    "Embree baseline uses prepared RTDL kernel binding and compact pose-count postprocess.",
    "This is an equivalent compact summary baseline, not a native scalar ABI.",
    "CPU oracle validation skipped for timing-only artifact."
  ],
  "path_name": "prepared_pose_flags",
  "phase_seconds": {
    "backend_scene_prepare": 1.5144693029578775,
    "native_anyhit_query": 0.5568712560925633,
    "oracle_validation_separate": 0.0,
    "pose_and_obstacle_generation": 2.1449123340426013,
    "pose_index_prepare": 0.0,
    "ray_pack": 0.23545168398413807,
    "scalar_copyback": 0.0
  },
  "phase_separated": true,
  "repeated_runs": 3,
  "required_phase_coverage": [
    "pose_and_obstacle_generation",
    "ray_pack",
    "backend_scene_prepare",
    "pose_index_prepare",
    "native_anyhit_query",
    "scalar_copyback",
    "oracle_validation_separate"
  ],
  "source_backend": "embree",
  "status": "timing_only",
  "summary": {
    "colliding_pose_count": 196875,
    "colliding_pose_ids_sample": [
      200002,
      200003,
      200004,
      200005,
      200006,
      200007,
      200008,
      200009,
      200010,
      200011
    ],
    "pose_count": 200000
  },
  "summary_sha256": "bfedc02510a3f60508360465a0c6070035c64a2a86838250ebb1d5ddc6528491",
  "validation": {
    "matches_reference": null,
    "method": "skipped timing-only chunk; use separate validation chunks before claim review",
    "skipped": true,
    "worker_count": 8
  }
}
Running robot Embree baseline chunk 2
{
  "app": "robot_collision_screening",
  "authorizes_public_speedup_claim": false,
  "baseline_name": "embree_anyhit_pose_count_or_equivalent_compact_summary",
  "benchmark_scale": {
    "iterations": 3,
    "obstacle_count": 4096,
    "pose_count": 200000,
    "pose_id_start": 400001
  },
  "claim_limit": "scalar pose-count collision screening only; not full robot planning, kinematics, CCD, or witness-row output",
  "comparable_metric_scope": "prepared scalar colliding-pose count for the same poses, edges, obstacles, and iteration policy",
  "correctness_parity": null,
  "goal": "Goal839 local baseline artifact writer",
  "notes": [
    "Embree baseline uses prepared RTDL kernel binding and compact pose-count postprocess.",
    "This is an equivalent compact summary baseline, not a native scalar ABI.",
    "CPU oracle validation skipped for timing-only artifact."
  ],
  "path_name": "prepared_pose_flags",
  "phase_seconds": {
    "backend_scene_prepare": 1.5068995179608464,
    "native_anyhit_query": 0.5569207040825859,
    "oracle_validation_separate": 0.0,
    "pose_and_obstacle_generation": 2.150743976002559,
    "pose_index_prepare": 0.0,
    "ray_pack": 0.23486094397958368,
    "scalar_copyback": 0.0
  },
  "phase_separated": true,
  "repeated_runs": 3,
  "required_phase_coverage": [
    "pose_and_obstacle_generation",
    "ray_pack",
    "backend_scene_prepare",
    "pose_index_prepare",
    "native_anyhit_query",
    "scalar_copyback",
    "oracle_validation_separate"
  ],
  "source_backend": "embree",
  "status": "timing_only",
  "summary": {
    "colliding_pose_count": 196875,
    "colliding_pose_ids_sample": [
      400002,
      400003,
      400004,
      400005,
      400006,
      400007,
      400008,
      400009,
      400010,
      400011
    ],
    "pose_count": 200000
  },
  "summary_sha256": "05fdb942b322e85a1686e147d1f9ef6268d9ca2699fbb60d919e5d505a6b0eea",
  "validation": {
    "matches_reference": null,
    "method": "skipped timing-only chunk; use separate validation chunks before claim review",
    "skipped": true,
    "worker_count": 8
  }
}
Running robot Embree baseline chunk 3
{
  "app": "robot_collision_screening",
  "authorizes_public_speedup_claim": false,
  "baseline_name": "embree_anyhit_pose_count_or_equivalent_compact_summary",
  "benchmark_scale": {
    "iterations": 3,
    "obstacle_count": 4096,
    "pose_count": 200000,
    "pose_id_start": 600001
  },
  "claim_limit": "scalar pose-count collision screening only; not full robot planning, kinematics, CCD, or witness-row output",
  "comparable_metric_scope": "prepared scalar colliding-pose count for the same poses, edges, obstacles, and iteration policy",
  "correctness_parity": null,
  "goal": "Goal839 local baseline artifact writer",
  "notes": [
    "Embree baseline uses prepared RTDL kernel binding and compact pose-count postprocess.",
    "This is an equivalent compact summary baseline, not a native scalar ABI.",
    "CPU oracle validation skipped for timing-only artifact."
  ],
  "path_name": "prepared_pose_flags",
  "phase_seconds": {
    "backend_scene_prepare": 1.5172053179703653,
    "native_anyhit_query": 0.5590524260187522,
    "oracle_validation_separate": 0.0,
    "pose_and_obstacle_generation": 2.1546075079822913,
    "pose_index_prepare": 0.0,
    "ray_pack": 0.23468746803700924,
    "scalar_copyback": 0.0
  },
  "phase_separated": true,
  "repeated_runs": 3,
  "required_phase_coverage": [
    "pose_and_obstacle_generation",
    "ray_pack",
    "backend_scene_prepare",
    "pose_index_prepare",
    "native_anyhit_query",
    "scalar_copyback",
    "oracle_validation_separate"
  ],
  "source_backend": "embree",
  "status": "timing_only",
  "summary": {
    "colliding_pose_count": 196875,
    "colliding_pose_ids_sample": [
      600002,
      600003,
      600004,
      600005,
      600006,
      600007,
      600008,
      600009,
      600010,
      600011
    ],
    "pose_count": 200000
  },
  "summary_sha256": "3e89cca4289e3cb60ae8587c31bc644a97a2ff1d803520debdbe65c5b4871d01",
  "validation": {
    "matches_reference": null,
    "method": "skipped timing-only chunk; use separate validation chunks before claim review",
    "skipped": true,
    "worker_count": 8
  }
}
Running robot Embree baseline chunk 4
{
  "app": "robot_collision_screening",
  "authorizes_public_speedup_claim": false,
  "baseline_name": "embree_anyhit_pose_count_or_equivalent_compact_summary",
  "benchmark_scale": {
    "iterations": 3,
    "obstacle_count": 4096,
    "pose_count": 200000,
    "pose_id_start": 800001
  },
  "claim_limit": "scalar pose-count collision screening only; not full robot planning, kinematics, CCD, or witness-row output",
  "comparable_metric_scope": "prepared scalar colliding-pose count for the same poses, edges, obstacles, and iteration policy",
  "correctness_parity": null,
  "goal": "Goal839 local baseline artifact writer",
  "notes": [
    "Embree baseline uses prepared RTDL kernel binding and compact pose-count postprocess.",
    "This is an equivalent compact summary baseline, not a native scalar ABI.",
    "CPU oracle validation skipped for timing-only artifact."
  ],
  "path_name": "prepared_pose_flags",
  "phase_seconds": {
    "backend_scene_prepare": 1.5192247480154037,
    "native_anyhit_query": 0.5531584810232744,
    "oracle_validation_separate": 0.0,
    "pose_and_obstacle_generation": 2.149863305967301,
    "pose_index_prepare": 0.0,
    "ray_pack": 0.23672247002832592,
    "scalar_copyback": 0.0
  },
  "phase_separated": true,
  "repeated_runs": 3,
  "required_phase_coverage": [
    "pose_and_obstacle_generation",
    "ray_pack",
    "backend_scene_prepare",
    "pose_index_prepare",
    "native_anyhit_query",
    "scalar_copyback",
    "oracle_validation_separate"
  ],
  "source_backend": "embree",
  "status": "timing_only",
  "summary": {
    "colliding_pose_count": 196875,
    "colliding_pose_ids_sample": [
      800002,
      800003,
      800004,
      800005,
      800006,
      800007,
      800008,
      800009,
      800010,
      800011
    ],
    "pose_count": 200000
  },
  "summary_sha256": "4cc490b5816237f7899b5d0176993c007d4807155ac0e876ae744d64d50c0ba7",
  "validation": {
    "matches_reference": null,
    "method": "skipped timing-only chunk; use separate validation chunks before claim review",
    "skipped": true,
    "worker_count": 8
  }
}
Running robot Embree baseline chunk 5
{
  "app": "robot_collision_screening",
  "authorizes_public_speedup_claim": false,
  "baseline_name": "embree_anyhit_pose_count_or_equivalent_compact_summary",
  "benchmark_scale": {
    "iterations": 3,
    "obstacle_count": 4096,
    "pose_count": 200000,
    "pose_id_start": 1000001
  },
  "claim_limit": "scalar pose-count collision screening only; not full robot planning, kinematics, CCD, or witness-row output",
  "comparable_metric_scope": "prepared scalar colliding-pose count for the same poses, edges, obstacles, and iteration policy",
  "correctness_parity": null,
  "goal": "Goal839 local baseline artifact writer",
  "notes": [
    "Embree baseline uses prepared RTDL kernel binding and compact pose-count postprocess.",
    "This is an equivalent compact summary baseline, not a native scalar ABI.",
    "CPU oracle validation skipped for timing-only artifact."
  ],
  "path_name": "prepared_pose_flags",
  "phase_seconds": {
    "backend_scene_prepare": 1.5426487129880115,
    "native_anyhit_query": 0.554529371089302,
    "oracle_validation_separate": 0.0,
    "pose_and_obstacle_generation": 2.2227658899500966,
    "pose_index_prepare": 0.0,
    "ray_pack": 0.24441451206803322,
    "scalar_copyback": 0.0
  },
  "phase_separated": true,
  "repeated_runs": 3,
  "required_phase_coverage": [
    "pose_and_obstacle_generation",
    "ray_pack",
    "backend_scene_prepare",
    "pose_index_prepare",
    "native_anyhit_query",
    "scalar_copyback",
    "oracle_validation_separate"
  ],
  "source_backend": "embree",
  "status": "timing_only",
  "summary": {
    "colliding_pose_count": 196875,
    "colliding_pose_ids_sample": [
      1000002,
      1000003,
      1000004,
      1000005,
      1000006,
      1000007,
      1000008,
      1000009,
      1000010,
      1000011
    ],
    "pose_count": 200000
  },
  "summary_sha256": "a56c7a606d8a4f965efcbb2e64fb6b31d95d83d8293981cff8b56b88e20df6ab",
  "validation": {
    "matches_reference": null,
    "method": "skipped timing-only chunk; use separate validation chunks before claim review",
    "skipped": true,
    "worker_count": 8
  }
}
Running robot Embree baseline chunk 6
{
  "app": "robot_collision_screening",
  "authorizes_public_speedup_claim": false,
  "baseline_name": "embree_anyhit_pose_count_or_equivalent_compact_summary",
  "benchmark_scale": {
    "iterations": 3,
    "obstacle_count": 4096,
    "pose_count": 200000,
    "pose_id_start": 1200001
  },
  "claim_limit": "scalar pose-count collision screening only; not full robot planning, kinematics, CCD, or witness-row output",
  "comparable_metric_scope": "prepared scalar colliding-pose count for the same poses, edges, obstacles, and iteration policy",
  "correctness_parity": null,
  "goal": "Goal839 local baseline artifact writer",
  "notes": [
    "Embree baseline uses prepared RTDL kernel binding and compact pose-count postprocess.",
    "This is an equivalent compact summary baseline, not a native scalar ABI.",
    "CPU oracle validation skipped for timing-only artifact."
  ],
  "path_name": "prepared_pose_flags",
  "phase_seconds": {
    "backend_scene_prepare": 1.5562612799694762,
    "native_anyhit_query": 0.5589816269930452,
    "oracle_validation_separate": 0.0,
    "pose_and_obstacle_generation": 2.2760713389143348,
    "pose_index_prepare": 0.0,
    "ray_pack": 0.2497655110200867,
    "scalar_copyback": 0.0
  },
  "phase_separated": true,
  "repeated_runs": 3,
  "required_phase_coverage": [
    "pose_and_obstacle_generation",
    "ray_pack",
    "backend_scene_prepare",
    "pose_index_prepare",
    "native_anyhit_query",
    "scalar_copyback",
    "oracle_validation_separate"
  ],
  "source_backend": "embree",
  "status": "timing_only",
  "summary": {
    "colliding_pose_count": 196875,
    "colliding_pose_ids_sample": [
      1200002,
      1200003,
      1200004,
      1200005,
      1200006,
      1200007,
      1200008,
      1200009,
      1200010,
      1200011
    ],
    "pose_count": 200000
  },
  "summary_sha256": "bdff85d241b2afee38217d5fe0d6a08f147e48add4f79775c7e8a4daf6faf509",
  "validation": {
    "matches_reference": null,
    "method": "skipped timing-only chunk; use separate validation chunks before claim review",
    "skipped": true,
    "worker_count": 8
  }
}
Running robot Embree baseline chunk 7
{
  "app": "robot_collision_screening",
  "authorizes_public_speedup_claim": false,
  "baseline_name": "embree_anyhit_pose_count_or_equivalent_compact_summary",
  "benchmark_scale": {
    "iterations": 3,
    "obstacle_count": 4096,
    "pose_count": 200000,
    "pose_id_start": 1400001
  },
  "claim_limit": "scalar pose-count collision screening only; not full robot planning, kinematics, CCD, or witness-row output",
  "comparable_metric_scope": "prepared scalar colliding-pose count for the same poses, edges, obstacles, and iteration policy",
  "correctness_parity": null,
  "goal": "Goal839 local baseline artifact writer",
  "notes": [
    "Embree baseline uses prepared RTDL kernel binding and compact pose-count postprocess.",
    "This is an equivalent compact summary baseline, not a native scalar ABI.",
    "CPU oracle validation skipped for timing-only artifact."
  ],
  "path_name": "prepared_pose_flags",
  "phase_seconds": {
    "backend_scene_prepare": 1.610260238056071,
    "native_anyhit_query": 0.5415530329337344,
    "oracle_validation_separate": 0.0,
    "pose_and_obstacle_generation": 2.2825317110400647,
    "pose_index_prepare": 0.0,
    "ray_pack": 0.24987582699395716,
    "scalar_copyback": 0.0
  },
  "phase_separated": true,
  "repeated_runs": 3,
  "required_phase_coverage": [
    "pose_and_obstacle_generation",
    "ray_pack",
    "backend_scene_prepare",
    "pose_index_prepare",
    "native_anyhit_query",
    "scalar_copyback",
    "oracle_validation_separate"
  ],
  "source_backend": "embree",
  "status": "timing_only",
  "summary": {
    "colliding_pose_count": 196875,
    "colliding_pose_ids_sample": [
      1400002,
      1400003,
      1400004,
      1400005,
      1400006,
      1400007,
      1400008,
      1400009,
      1400010,
      1400011
    ],
    "pose_count": 200000
  },
  "summary_sha256": "4752efe8367afb414540dee54999c126e07e98ce1021d338ac00b530bc44ee13",
  "validation": {
    "matches_reference": null,
    "method": "skipped timing-only chunk; use separate validation chunks before claim review",
    "skipped": true,
    "worker_count": 8
  }
}
Running robot Embree baseline chunk 8
{
  "app": "robot_collision_screening",
  "authorizes_public_speedup_claim": false,
  "baseline_name": "embree_anyhit_pose_count_or_equivalent_compact_summary",
  "benchmark_scale": {
    "iterations": 3,
    "obstacle_count": 4096,
    "pose_count": 200000,
    "pose_id_start": 1600001
  },
  "claim_limit": "scalar pose-count collision screening only; not full robot planning, kinematics, CCD, or witness-row output",
  "comparable_metric_scope": "prepared scalar colliding-pose count for the same poses, edges, obstacles, and iteration policy",
  "correctness_parity": null,
  "goal": "Goal839 local baseline artifact writer",
  "notes": [
    "Embree baseline uses prepared RTDL kernel binding and compact pose-count postprocess.",
    "This is an equivalent compact summary baseline, not a native scalar ABI.",
    "CPU oracle validation skipped for timing-only artifact."
  ],
  "path_name": "prepared_pose_flags",
  "phase_seconds": {
    "backend_scene_prepare": 1.5801350719993934,
    "native_anyhit_query": 0.5454315859824419,
    "oracle_validation_separate": 0.0,
    "pose_and_obstacle_generation": 2.2894972290378064,
    "pose_index_prepare": 0.0,
    "ray_pack": 0.24976737005636096,
    "scalar_copyback": 0.0
  },
  "phase_separated": true,
  "repeated_runs": 3,
  "required_phase_coverage": [
    "pose_and_obstacle_generation",
    "ray_pack",
    "backend_scene_prepare",
    "pose_index_prepare",
    "native_anyhit_query",
    "scalar_copyback",
    "oracle_validation_separate"
  ],
  "source_backend": "embree",
  "status": "timing_only",
  "summary": {
    "colliding_pose_count": 196875,
    "colliding_pose_ids_sample": [
      1600002,
      1600003,
      1600004,
      1600005,
      1600006,
      1600007,
      1600008,
      1600009,
      1600010,
      1600011
    ],
    "pose_count": 200000
  },
  "summary_sha256": "bd32b5f0430c3bab06e4a176bb567d87370d74164a8f248c72a68e0789c37422",
  "validation": {
    "matches_reference": null,
    "method": "skipped timing-only chunk; use separate validation chunks before claim review",
    "skipped": true,
    "worker_count": 8
  }
}
Running robot Embree baseline chunk 9
{
  "app": "robot_collision_screening",
  "authorizes_public_speedup_claim": false,
  "baseline_name": "embree_anyhit_pose_count_or_equivalent_compact_summary",
  "benchmark_scale": {
    "iterations": 3,
    "obstacle_count": 4096,
    "pose_count": 200000,
    "pose_id_start": 1800001
  },
  "claim_limit": "scalar pose-count collision screening only; not full robot planning, kinematics, CCD, or witness-row output",
  "comparable_metric_scope": "prepared scalar colliding-pose count for the same poses, edges, obstacles, and iteration policy",
  "correctness_parity": null,
  "goal": "Goal839 local baseline artifact writer",
  "notes": [
    "Embree baseline uses prepared RTDL kernel binding and compact pose-count postprocess.",
    "This is an equivalent compact summary baseline, not a native scalar ABI.",
    "CPU oracle validation skipped for timing-only artifact."
  ],
  "path_name": "prepared_pose_flags",
  "phase_seconds": {
    "backend_scene_prepare": 1.5513368579559028,
    "native_anyhit_query": 0.5426478079752997,
    "oracle_validation_separate": 0.0,
    "pose_and_obstacle_generation": 2.278990839025937,
    "pose_index_prepare": 0.0,
    "ray_pack": 0.25006876699626446,
    "scalar_copyback": 0.0
  },
  "phase_separated": true,
  "repeated_runs": 3,
  "required_phase_coverage": [
    "pose_and_obstacle_generation",
    "ray_pack",
    "backend_scene_prepare",
    "pose_index_prepare",
    "native_anyhit_query",
    "scalar_copyback",
    "oracle_validation_separate"
  ],
  "source_backend": "embree",
  "status": "timing_only",
  "summary": {
    "colliding_pose_count": 196875,
    "colliding_pose_ids_sample": [
      1800002,
      1800003,
      1800004,
      1800005,
      1800006,
      1800007,
      1800008,
      1800009,
      1800010,
      1800011
    ],
    "pose_count": 200000
  },
  "summary_sha256": "0e949db0d55360c3fe140898f9e2a138dc686180c4f91d9f49680485884378fc",
  "validation": {
    "matches_reference": null,
    "method": "skipped timing-only chunk; use separate validation chunks before claim review",
    "skipped": true,
    "worker_count": 8
  }
}
Running robot Embree baseline chunk 10
{
  "app": "robot_collision_screening",
  "authorizes_public_speedup_claim": false,
  "baseline_name": "embree_anyhit_pose_count_or_equivalent_compact_summary",
  "benchmark_scale": {
    "iterations": 3,
    "obstacle_count": 4096,
    "pose_count": 200000,
    "pose_id_start": 2000001
  },
  "claim_limit": "scalar pose-count collision screening only; not full robot planning, kinematics, CCD, or witness-row output",
  "comparable_metric_scope": "prepared scalar colliding-pose count for the same poses, edges, obstacles, and iteration policy",
  "correctness_parity": null,
  "goal": "Goal839 local baseline artifact writer",
  "notes": [
    "Embree baseline uses prepared RTDL kernel binding and compact pose-count postprocess.",
    "This is an equivalent compact summary baseline, not a native scalar ABI.",
    "CPU oracle validation skipped for timing-only artifact."
  ],
  "path_name": "prepared_pose_flags",
  "phase_seconds": {
    "backend_scene_prepare": 1.5740409509744495,
    "native_anyhit_query": 0.5430177770322189,
    "oracle_validation_separate": 0.0,
    "pose_and_obstacle_generation": 2.2773479749448597,
    "pose_index_prepare": 0.0,
    "ray_pack": 0.24847336497623473,
    "scalar_copyback": 0.0
  },
  "phase_separated": true,
  "repeated_runs": 3,
  "required_phase_coverage": [
    "pose_and_obstacle_generation",
    "ray_pack",
    "backend_scene_prepare",
    "pose_index_prepare",
    "native_anyhit_query",
    "scalar_copyback",
    "oracle_validation_separate"
  ],
  "source_backend": "embree",
  "status": "timing_only",
  "summary": {
    "colliding_pose_count": 196875,
    "colliding_pose_ids_sample": [
      2000002,
      2000003,
      2000004,
      2000005,
      2000006,
      2000007,
      2000008,
      2000009,
      2000010,
      2000011
    ],
    "pose_count": 200000
  },
  "summary_sha256": "7f8ac058b9c4ebb7086fc886e0f113de5ed5f5cc120adfce5b1cf8982fdea31c",
  "validation": {
    "matches_reference": null,
    "method": "skipped timing-only chunk; use separate validation chunks before claim review",
    "skipped": true,
    "worker_count": 8
  }
}
Running robot Embree baseline chunk 11
{
  "app": "robot_collision_screening",
  "authorizes_public_speedup_claim": false,
  "baseline_name": "embree_anyhit_pose_count_or_equivalent_compact_summary",
  "benchmark_scale": {
    "iterations": 3,
    "obstacle_count": 4096,
    "pose_count": 200000,
    "pose_id_start": 2200001
  },
  "claim_limit": "scalar pose-count collision screening only; not full robot planning, kinematics, CCD, or witness-row output",
  "comparable_metric_scope": "prepared scalar colliding-pose count for the same poses, edges, obstacles, and iteration policy",
  "correctness_parity": null,
  "goal": "Goal839 local baseline artifact writer",
  "notes": [
    "Embree baseline uses prepared RTDL kernel binding and compact pose-count postprocess.",
    "This is an equivalent compact summary baseline, not a native scalar ABI.",
    "CPU oracle validation skipped for timing-only artifact."
  ],
  "path_name": "prepared_pose_flags",
  "phase_seconds": {
    "backend_scene_prepare": 1.5518481589388102,
    "native_anyhit_query": 0.5441943750483915,
    "oracle_validation_separate": 0.0,
    "pose_and_obstacle_generation": 2.2737389729591087,
    "pose_index_prepare": 0.0,
    "ray_pack": 0.24946413503494114,
    "scalar_copyback": 0.0
  },
  "phase_separated": true,
  "repeated_runs": 3,
  "required_phase_coverage": [
    "pose_and_obstacle_generation",
    "ray_pack",
    "backend_scene_prepare",
    "pose_index_prepare",
    "native_anyhit_query",
    "scalar_copyback",
    "oracle_validation_separate"
  ],
  "source_backend": "embree",
  "status": "timing_only",
  "summary": {
    "colliding_pose_count": 196875,
    "colliding_pose_ids_sample": [
      2200002,
      2200003,
      2200004,
      2200005,
      2200006,
      2200007,
      2200008,
      2200009,
      2200010,
      2200011
    ],
    "pose_count": 200000
  },
  "summary_sha256": "f754b7a8ee23bcf1e00db1547f20a1ba08e05345604b09c9233b42b4380c5428",
  "validation": {
    "matches_reference": null,
    "method": "skipped timing-only chunk; use separate validation chunks before claim review",
    "skipped": true,
    "worker_count": 8
  }
}
Running robot Embree baseline chunk 12
{
  "app": "robot_collision_screening",
  "authorizes_public_speedup_claim": false,
  "baseline_name": "embree_anyhit_pose_count_or_equivalent_compact_summary",
  "benchmark_scale": {
    "iterations": 3,
    "obstacle_count": 4096,
    "pose_count": 200000,
    "pose_id_start": 2400001
  },
  "claim_limit": "scalar pose-count collision screening only; not full robot planning, kinematics, CCD, or witness-row output",
  "comparable_metric_scope": "prepared scalar colliding-pose count for the same poses, edges, obstacles, and iteration policy",
  "correctness_parity": null,
  "goal": "Goal839 local baseline artifact writer",
  "notes": [
    "Embree baseline uses prepared RTDL kernel binding and compact pose-count postprocess.",
    "This is an equivalent compact summary baseline, not a native scalar ABI.",
    "CPU oracle validation skipped for timing-only artifact."
  ],
  "path_name": "prepared_pose_flags",
  "phase_seconds": {
    "backend_scene_prepare": 1.5931905390461907,
    "native_anyhit_query": 0.545193969970569,
    "oracle_validation_separate": 0.0,
    "pose_and_obstacle_generation": 2.2861868949839845,
    "pose_index_prepare": 0.0,
    "ray_pack": 0.2511020549573004,
    "scalar_copyback": 0.0
  },
  "phase_separated": true,
  "repeated_runs": 3,
  "required_phase_coverage": [
    "pose_and_obstacle_generation",
    "ray_pack",
    "backend_scene_prepare",
    "pose_index_prepare",
    "native_anyhit_query",
    "scalar_copyback",
    "oracle_validation_separate"
  ],
  "source_backend": "embree",
  "status": "timing_only",
  "summary": {
    "colliding_pose_count": 196875,
    "colliding_pose_ids_sample": [
      2400002,
      2400003,
      2400004,
      2400005,
      2400006,
      2400007,
      2400008,
      2400009,
      2400010,
      2400011
    ],
    "pose_count": 200000
  },
  "summary_sha256": "78f2064fb35859e1c5c81db34aa989d8763ea35af8e700dc8812444ddf91fbbd",
  "validation": {
    "matches_reference": null,
    "method": "skipped timing-only chunk; use separate validation chunks before claim review",
    "skipped": true,
    "worker_count": 8
  }
}
Running robot Embree baseline chunk 13
{
  "app": "robot_collision_screening",
  "authorizes_public_speedup_claim": false,
  "baseline_name": "embree_anyhit_pose_count_or_equivalent_compact_summary",
  "benchmark_scale": {
    "iterations": 3,
    "obstacle_count": 4096,
    "pose_count": 200000,
    "pose_id_start": 2600001
  },
  "claim_limit": "scalar pose-count collision screening only; not full robot planning, kinematics, CCD, or witness-row output",
  "comparable_metric_scope": "prepared scalar colliding-pose count for the same poses, edges, obstacles, and iteration policy",
  "correctness_parity": null,
  "goal": "Goal839 local baseline artifact writer",
  "notes": [
    "Embree baseline uses prepared RTDL kernel binding and compact pose-count postprocess.",
    "This is an equivalent compact summary baseline, not a native scalar ABI.",
    "CPU oracle validation skipped for timing-only artifact."
  ],
  "path_name": "prepared_pose_flags",
  "phase_seconds": {
    "backend_scene_prepare": 1.5593016520142555,
    "native_anyhit_query": 0.5440645159687847,
    "oracle_validation_separate": 0.0,
    "pose_and_obstacle_generation": 2.2758732399670407,
    "pose_index_prepare": 0.0,
    "ray_pack": 0.24897289904765785,
    "scalar_copyback": 0.0
  },
  "phase_separated": true,
  "repeated_runs": 3,
  "required_phase_coverage": [
    "pose_and_obstacle_generation",
    "ray_pack",
    "backend_scene_prepare",
    "pose_index_prepare",
    "native_anyhit_query",
    "scalar_copyback",
    "oracle_validation_separate"
  ],
  "source_backend": "embree",
  "status": "timing_only",
  "summary": {
    "colliding_pose_count": 196875,
    "colliding_pose_ids_sample": [
      2600002,
      2600003,
      2600004,
      2600005,
      2600006,
      2600007,
      2600008,
      2600009,
      2600010,
      2600011
    ],
    "pose_count": 200000
  },
  "summary_sha256": "5e31debff833a7aca6d4233ef4d400494e042962b25aa3b02aea9ce14ff82f51",
  "validation": {
    "matches_reference": null,
    "method": "skipped timing-only chunk; use separate validation chunks before claim review",
    "skipped": true,
    "worker_count": 8
  }
}
Running robot Embree baseline chunk 14
{
  "app": "robot_collision_screening",
  "authorizes_public_speedup_claim": false,
  "baseline_name": "embree_anyhit_pose_count_or_equivalent_compact_summary",
  "benchmark_scale": {
    "iterations": 3,
    "obstacle_count": 4096,
    "pose_count": 200000,
    "pose_id_start": 2800001
  },
  "claim_limit": "scalar pose-count collision screening only; not full robot planning, kinematics, CCD, or witness-row output",
  "comparable_metric_scope": "prepared scalar colliding-pose count for the same poses, edges, obstacles, and iteration policy",
  "correctness_parity": null,
  "goal": "Goal839 local baseline artifact writer",
  "notes": [
    "Embree baseline uses prepared RTDL kernel binding and compact pose-count postprocess.",
    "This is an equivalent compact summary baseline, not a native scalar ABI.",
    "CPU oracle validation skipped for timing-only artifact."
  ],
  "path_name": "prepared_pose_flags",
  "phase_seconds": {
    "backend_scene_prepare": 1.5642914100317284,
    "native_anyhit_query": 0.5554095490369946,
    "oracle_validation_separate": 0.0,
    "pose_and_obstacle_generation": 2.271962022059597,
    "pose_index_prepare": 0.0,
    "ray_pack": 0.24980733101256192,
    "scalar_copyback": 0.0
  },
  "phase_separated": true,
  "repeated_runs": 3,
  "required_phase_coverage": [
    "pose_and_obstacle_generation",
    "ray_pack",
    "backend_scene_prepare",
    "pose_index_prepare",
    "native_anyhit_query",
    "scalar_copyback",
    "oracle_validation_separate"
  ],
  "source_backend": "embree",
  "status": "timing_only",
  "summary": {
    "colliding_pose_count": 196875,
    "colliding_pose_ids_sample": [
      2800002,
      2800003,
      2800004,
      2800005,
      2800006,
      2800007,
      2800008,
      2800009,
      2800010,
      2800011
    ],
    "pose_count": 200000
  },
  "summary_sha256": "41bdad28ef436d55d9e9d1438974c91a1caa5eab1cf01f40fcb8e3072f8ecd86",
  "validation": {
    "matches_reference": null,
    "method": "skipped timing-only chunk; use separate validation chunks before claim review",
    "skipped": true,
    "worker_count": 8
  }
}
Running robot Embree baseline chunk 15
{
  "app": "robot_collision_screening",
  "authorizes_public_speedup_claim": false,
  "baseline_name": "embree_anyhit_pose_count_or_equivalent_compact_summary",
  "benchmark_scale": {
    "iterations": 3,
    "obstacle_count": 4096,
    "pose_count": 200000,
    "pose_id_start": 3000001
  },
  "claim_limit": "scalar pose-count collision screening only; not full robot planning, kinematics, CCD, or witness-row output",
  "comparable_metric_scope": "prepared scalar colliding-pose count for the same poses, edges, obstacles, and iteration policy",
  "correctness_parity": null,
  "goal": "Goal839 local baseline artifact writer",
  "notes": [
    "Embree baseline uses prepared RTDL kernel binding and compact pose-count postprocess.",
    "This is an equivalent compact summary baseline, not a native scalar ABI.",
    "CPU oracle validation skipped for timing-only artifact."
  ],
  "path_name": "prepared_pose_flags",
  "phase_seconds": {
    "backend_scene_prepare": 1.5825174279743806,
    "native_anyhit_query": 0.5426983000943437,
    "oracle_validation_separate": 0.0,
    "pose_and_obstacle_generation": 2.2760143919149414,
    "pose_index_prepare": 0.0,
    "ray_pack": 0.24941707903053612,
    "scalar_copyback": 0.0
  },
  "phase_separated": true,
  "repeated_runs": 3,
  "required_phase_coverage": [
    "pose_and_obstacle_generation",
    "ray_pack",
    "backend_scene_prepare",
    "pose_index_prepare",
    "native_anyhit_query",
    "scalar_copyback",
    "oracle_validation_separate"
  ],
  "source_backend": "embree",
  "status": "timing_only",
  "summary": {
    "colliding_pose_count": 196875,
    "colliding_pose_ids_sample": [
      3000002,
      3000003,
      3000004,
      3000005,
      3000006,
      3000007,
      3000008,
      3000009,
      3000010,
      3000011
    ],
    "pose_count": 200000
  },
  "summary_sha256": "601296458e1c2c5daae866a75248f757ed301b46311437946343fa610b95c9c3",
  "validation": {
    "matches_reference": null,
    "method": "skipped timing-only chunk; use separate validation chunks before claim review",
    "skipped": true,
    "worker_count": 8
  }
}
Running robot Embree baseline chunk 16
{
  "app": "robot_collision_screening",
  "authorizes_public_speedup_claim": false,
  "baseline_name": "embree_anyhit_pose_count_or_equivalent_compact_summary",
  "benchmark_scale": {
    "iterations": 3,
    "obstacle_count": 4096,
    "pose_count": 200000,
    "pose_id_start": 3200001
  },
  "claim_limit": "scalar pose-count collision screening only; not full robot planning, kinematics, CCD, or witness-row output",
  "comparable_metric_scope": "prepared scalar colliding-pose count for the same poses, edges, obstacles, and iteration policy",
  "correctness_parity": null,
  "goal": "Goal839 local baseline artifact writer",
  "notes": [
    "Embree baseline uses prepared RTDL kernel binding and compact pose-count postprocess.",
    "This is an equivalent compact summary baseline, not a native scalar ABI.",
    "CPU oracle validation skipped for timing-only artifact."
  ],
  "path_name": "prepared_pose_flags",
  "phase_seconds": {
    "backend_scene_prepare": 1.5758660410065204,
    "native_anyhit_query": 0.5436451360583305,
    "oracle_validation_separate": 0.0,
    "pose_and_obstacle_generation": 2.2667017109924927,
    "pose_index_prepare": 0.0,
    "ray_pack": 0.24822500196751207,
    "scalar_copyback": 0.0
  },
  "phase_separated": true,
  "repeated_runs": 3,
  "required_phase_coverage": [
    "pose_and_obstacle_generation",
    "ray_pack",
    "backend_scene_prepare",
    "pose_index_prepare",
    "native_anyhit_query",
    "scalar_copyback",
    "oracle_validation_separate"
  ],
  "source_backend": "embree",
  "status": "timing_only",
  "summary": {
    "colliding_pose_count": 196875,
    "colliding_pose_ids_sample": [
      3200002,
      3200003,
      3200004,
      3200005,
      3200006,
      3200007,
      3200008,
      3200009,
      3200010,
      3200011
    ],
    "pose_count": 200000
  },
  "summary_sha256": "6df21bb3793de759da5cd01743e4558c5f10dc3c140d55b71049a10027b789b1",
  "validation": {
    "matches_reference": null,
    "method": "skipped timing-only chunk; use separate validation chunks before claim review",
    "skipped": true,
    "worker_count": 8
  }
}
Running robot Embree baseline chunk 17
{
  "app": "robot_collision_screening",
  "authorizes_public_speedup_claim": false,
  "baseline_name": "embree_anyhit_pose_count_or_equivalent_compact_summary",
  "benchmark_scale": {
    "iterations": 3,
    "obstacle_count": 4096,
    "pose_count": 200000,
    "pose_id_start": 3400001
  },
  "claim_limit": "scalar pose-count collision screening only; not full robot planning, kinematics, CCD, or witness-row output",
  "comparable_metric_scope": "prepared scalar colliding-pose count for the same poses, edges, obstacles, and iteration policy",
  "correctness_parity": null,
  "goal": "Goal839 local baseline artifact writer",
  "notes": [
    "Embree baseline uses prepared RTDL kernel binding and compact pose-count postprocess.",
    "This is an equivalent compact summary baseline, not a native scalar ABI.",
    "CPU oracle validation skipped for timing-only artifact."
  ],
  "path_name": "prepared_pose_flags",
  "phase_seconds": {
    "backend_scene_prepare": 1.5722185280174017,
    "native_anyhit_query": 0.5465181769104674,
    "oracle_validation_separate": 0.0,
    "pose_and_obstacle_generation": 2.28145664697513,
    "pose_index_prepare": 0.0,
    "ray_pack": 0.2489426350221038,
    "scalar_copyback": 0.0
  },
  "phase_separated": true,
  "repeated_runs": 3,
  "required_phase_coverage": [
    "pose_and_obstacle_generation",
    "ray_pack",
    "backend_scene_prepare",
    "pose_index_prepare",
    "native_anyhit_query",
    "scalar_copyback",
    "oracle_validation_separate"
  ],
  "source_backend": "embree",
  "status": "timing_only",
  "summary": {
    "colliding_pose_count": 196875,
    "colliding_pose_ids_sample": [
      3400002,
      3400003,
      3400004,
      3400005,
      3400006,
      3400007,
      3400008,
      3400009,
      3400010,
      3400011
    ],
    "pose_count": 200000
  },
  "summary_sha256": "8ae4153eeee6d08956b41f81ce15fae40648acec1f7ae498cd20284c95c0f6f2",
  "validation": {
    "matches_reference": null,
    "method": "skipped timing-only chunk; use separate validation chunks before claim review",
    "skipped": true,
    "worker_count": 8
  }
}
Running robot Embree baseline chunk 18
{
  "app": "robot_collision_screening",
  "authorizes_public_speedup_claim": false,
  "baseline_name": "embree_anyhit_pose_count_or_equivalent_compact_summary",
  "benchmark_scale": {
    "iterations": 3,
    "obstacle_count": 4096,
    "pose_count": 200000,
    "pose_id_start": 3600001
  },
  "claim_limit": "scalar pose-count collision screening only; not full robot planning, kinematics, CCD, or witness-row output",
  "comparable_metric_scope": "prepared scalar colliding-pose count for the same poses, edges, obstacles, and iteration policy",
  "correctness_parity": null,
  "goal": "Goal839 local baseline artifact writer",
  "notes": [
    "Embree baseline uses prepared RTDL kernel binding and compact pose-count postprocess.",
    "This is an equivalent compact summary baseline, not a native scalar ABI.",
    "CPU oracle validation skipped for timing-only artifact."
  ],
  "path_name": "prepared_pose_flags",
  "phase_seconds": {
    "backend_scene_prepare": 1.5618503900477663,
    "native_anyhit_query": 0.5481762740528211,
    "oracle_validation_separate": 0.0,
    "pose_and_obstacle_generation": 2.301075770985335,
    "pose_index_prepare": 0.0,
    "ray_pack": 0.2539269250119105,
    "scalar_copyback": 0.0
  },
  "phase_separated": true,
  "repeated_runs": 3,
  "required_phase_coverage": [
    "pose_and_obstacle_generation",
    "ray_pack",
    "backend_scene_prepare",
    "pose_index_prepare",
    "native_anyhit_query",
    "scalar_copyback",
    "oracle_validation_separate"
  ],
  "source_backend": "embree",
  "status": "timing_only",
  "summary": {
    "colliding_pose_count": 196875,
    "colliding_pose_ids_sample": [
      3600002,
      3600003,
      3600004,
      3600005,
      3600006,
      3600007,
      3600008,
      3600009,
      3600010,
      3600011
    ],
    "pose_count": 200000
  },
  "summary_sha256": "4d3cbb2045b6ac03adeddf8910034c0e04f97c744c2312111d886f6cd00654c3",
  "validation": {
    "matches_reference": null,
    "method": "skipped timing-only chunk; use separate validation chunks before claim review",
    "skipped": true,
    "worker_count": 8
  }
}
Running robot Embree baseline chunk 19
{
  "app": "robot_collision_screening",
  "authorizes_public_speedup_claim": false,
  "baseline_name": "embree_anyhit_pose_count_or_equivalent_compact_summary",
  "benchmark_scale": {
    "iterations": 3,
    "obstacle_count": 4096,
    "pose_count": 200000,
    "pose_id_start": 3800001
  },
  "claim_limit": "scalar pose-count collision screening only; not full robot planning, kinematics, CCD, or witness-row output",
  "comparable_metric_scope": "prepared scalar colliding-pose count for the same poses, edges, obstacles, and iteration policy",
  "correctness_parity": null,
  "goal": "Goal839 local baseline artifact writer",
  "notes": [
    "Embree baseline uses prepared RTDL kernel binding and compact pose-count postprocess.",
    "This is an equivalent compact summary baseline, not a native scalar ABI.",
    "CPU oracle validation skipped for timing-only artifact."
  ],
  "path_name": "prepared_pose_flags",
  "phase_seconds": {
    "backend_scene_prepare": 1.560621081967838,
    "native_anyhit_query": 0.5476156749064103,
    "oracle_validation_separate": 0.0,
    "pose_and_obstacle_generation": 2.274906732956879,
    "pose_index_prepare": 0.0,
    "ray_pack": 0.25340536003932357,
    "scalar_copyback": 0.0
  },
  "phase_separated": true,
  "repeated_runs": 3,
  "required_phase_coverage": [
    "pose_and_obstacle_generation",
    "ray_pack",
    "backend_scene_prepare",
    "pose_index_prepare",
    "native_anyhit_query",
    "scalar_copyback",
    "oracle_validation_separate"
  ],
  "source_backend": "embree",
  "status": "timing_only",
  "summary": {
    "colliding_pose_count": 196875,
    "colliding_pose_ids_sample": [
      3800002,
      3800003,
      3800004,
      3800005,
      3800006,
      3800007,
      3800008,
      3800009,
      3800010,
      3800011
    ],
    "pose_count": 200000
  },
  "summary_sha256": "787172b3774f03321ab41af3c49f9a6b766683689bf872f4a691ca0382653a19",
  "validation": {
    "matches_reference": null,
    "method": "skipped timing-only chunk; use separate validation chunks before claim review",
    "skipped": true,
    "worker_count": 8
  }
}
Running robot Embree baseline chunk 20
{
  "app": "robot_collision_screening",
  "authorizes_public_speedup_claim": false,
  "baseline_name": "embree_anyhit_pose_count_or_equivalent_compact_summary",
  "benchmark_scale": {
    "iterations": 3,
    "obstacle_count": 4096,
    "pose_count": 200000,
    "pose_id_start": 4000001
  },
  "claim_limit": "scalar pose-count collision screening only; not full robot planning, kinematics, CCD, or witness-row output",
  "comparable_metric_scope": "prepared scalar colliding-pose count for the same poses, edges, obstacles, and iteration policy",
  "correctness_parity": null,
  "goal": "Goal839 local baseline artifact writer",
  "notes": [
    "Embree baseline uses prepared RTDL kernel binding and compact pose-count postprocess.",
    "This is an equivalent compact summary baseline, not a native scalar ABI.",
    "CPU oracle validation skipped for timing-only artifact."
  ],
  "path_name": "prepared_pose_flags",
  "phase_seconds": {
    "backend_scene_prepare": 1.570406513987109,
    "native_anyhit_query": 0.5412619980052114,
    "oracle_validation_separate": 0.0,
    "pose_and_obstacle_generation": 2.2718866700306535,
    "pose_index_prepare": 0.0,
    "ray_pack": 0.25112970697227865,
    "scalar_copyback": 0.0
  },
  "phase_separated": true,
  "repeated_runs": 3,
  "required_phase_coverage": [
    "pose_and_obstacle_generation",
    "ray_pack",
    "backend_scene_prepare",
    "pose_index_prepare",
    "native_anyhit_query",
    "scalar_copyback",
    "oracle_validation_separate"
  ],
  "source_backend": "embree",
  "status": "timing_only",
  "summary": {
    "colliding_pose_count": 196875,
    "colliding_pose_ids_sample": [
      4000002,
      4000003,
      4000004,
      4000005,
      4000006,
      4000007,
      4000008,
      4000009,
      4000010,
      4000011
    ],
    "pose_count": 200000
  },
  "summary_sha256": "84181064d8e6779360578161ea930215b32ec8e64b375d0a9e76ffedaf70aae9",
  "validation": {
    "matches_reference": null,
    "method": "skipped timing-only chunk; use separate validation chunks before claim review",
    "skipped": true,
    "worker_count": 8
  }
}
Running robot Embree baseline chunk 21
Traceback (most recent call last):
  File "/tmp/rtdl_goal1114_robot_split/scripts/goal839_robot_pose_count_baseline.py", line 378, in <module>
    raise SystemExit(main())
                     ^^^^^^
  File "/tmp/rtdl_goal1114_robot_split/scripts/goal839_robot_pose_count_baseline.py", line 363, in main
    artifact = build_artifact(
               ^^^^^^^^^^^^^^^
  File "/tmp/rtdl_goal1114_robot_split/scripts/goal839_robot_pose_count_baseline.py", line 341, in build_artifact
    return _embree_artifact(
           ^^^^^^^^^^^^^^^^^
  File "/tmp/rtdl_goal1114_robot_split/scripts/goal839_robot_pose_count_baseline.py", line 258, in _embree_artifact
    last_summary, post_sec = _time_call(
                             ^^^^^^^^^^^
  File "/tmp/rtdl_goal1114_robot_split/scripts/goal839_robot_pose_count_baseline.py", line 33, in _time_call
    value = fn()
            ^^^^
  File "/tmp/rtdl_goal1114_robot_split/scripts/goal839_robot_pose_count_baseline.py", line 259, in <lambda>
    lambda: _summary_from_rows(tuple(last_rows), case["poses"], case["ray_metadata"])
            ^^^^^^^^^^^^^^^^^^^^^^^^^^^^^^^^^^^^^^^^^^^^^^^^^^^^^^^^^^^^^^^^^^^^^^^^^
  File "/tmp/rtdl_goal1114_robot_split/scripts/goal839_robot_pose_count_baseline.py", line 48, in _summary_from_rows
    summary = robot_app._summarize_collisions(rows, poses, ray_metadata)
              ^^^^^^^^^^^^^^^^^^^^^^^^^^^^^^^^^^^^^^^^^^^^^^^^^^^^^^^^^^
  File "/tmp/rtdl_goal1114_robot_split/examples/rtdl_robot_collision_screening_app.py", line 236, in _summarize_collisions
    enriched_rows = _attach_pose_metadata(rows, ray_metadata)
                    ^^^^^^^^^^^^^^^^^^^^^^^^^^^^^^^^^^^^^^^^^
  File "/tmp/rtdl_goal1114_robot_split/examples/rtdl_robot_collision_screening_app.py", line 218, in _attach_pose_metadata
    metadata = ray_metadata[ray_id]
               ~~~~~~~~~~~~^^^^^^^^
KeyError: 714
Command exited with non-zero status 1
	Command being timed: "env RTDL_GOAL1085_TIMING_ONLY=1 RTDL_GOAL1085_SKIP_EXISTING=1 bash scripts/goal1085_robot_chunked_embree_baseline_runner.sh"
	User time (seconds): 257.34
	System time (seconds): 19.07
	Percent of CPU this job got: 100%
	Elapsed (wall clock) time (h:mm:ss or m:ss): 4:36.26
	Average shared text size (kbytes): 0
	Average unshared data size (kbytes): 0
	Average stack size (kbytes): 0
	Average total size (kbytes): 0
	Maximum resident set size (kbytes): 1209520
	Average resident set size (kbytes): 0
	Major (requiring I/O) page faults: 0
	Minor (reclaiming a frame) page faults: 13016455
	Voluntary context switches: 910
	Involuntary context switches: 3163
	Swaps: 0
	File system inputs: 0
	File system outputs: 168
	Socket messages sent: 0
	Socket messages received: 0
	Signals delivered: 0
	Page size (bytes): 4096
	Exit status: 1
