[goal2081] setup count=32768 output_capacity=262144 page_limit=32768 partner=cupy
[goal2081] timing v1_8_native_optix_rows iterations=5
[goal2081] v1_8_native_optix_rows iter=1 elapsed_s=1.154779
[goal2081] v1_8_native_optix_rows iter=2 elapsed_s=0.168822
[goal2081] v1_8_native_optix_rows iter=3 elapsed_s=0.146499
[goal2081] v1_8_native_optix_rows iter=4 elapsed_s=0.133683
[goal2081] v1_8_native_optix_rows iter=5 elapsed_s=0.132269
[goal2081] timing v2_0_partner_columns_full_python_rows iterations=5
[goal2081] v2_0_partner_columns_full_python_rows iter=1 elapsed_s=1.035517
[goal2081] v2_0_partner_columns_full_python_rows iter=2 elapsed_s=0.996627
[goal2081] v2_0_partner_columns_full_python_rows iter=3 elapsed_s=0.982433
[goal2081] v2_0_partner_columns_full_python_rows iter=4 elapsed_s=0.952734
[goal2081] v2_0_partner_columns_full_python_rows iter=5 elapsed_s=0.996326
[goal2081] timing v2_0_streaming_exact_witness_page_columns iterations=5
[goal2081] v2_0_streaming_exact_witness_page_columns iter=1 elapsed_s=1.553561
[goal2081] v2_0_streaming_exact_witness_page_columns iter=2 elapsed_s=0.002223
[goal2081] v2_0_streaming_exact_witness_page_columns iter=3 elapsed_s=0.001353
[goal2081] v2_0_streaming_exact_witness_page_columns iter=4 elapsed_s=0.001339
[goal2081] v2_0_streaming_exact_witness_page_columns iter=5 elapsed_s=0.001343
{
  "claim_boundary": {
    "requires_pod_review_before_table_update": true,
    "v2_0_release_authorized": false,
    "whole_app_speedup_claim_authorized": false
  },
  "column_build_s": 0.06497542792931199,
  "count": 32768,
  "git_commit": "2efd4b84e8ac8e0f15c6dc32884e49e0dec6d669",
  "goal": "Goal2081",
  "gpu": "NVIDIA GeForce RTX 3090, 580.126.20",
  "iterations": 5,
  "output_capacity": 262144,
  "page_limit": 32768,
  "partner": "cupy",
  "status": "pass",
  "v1_8_native_optix_rows": {
    "query_summary": {
      "max_s": 1.1547793662175536,
      "median_s": 0.1464985408820212,
      "min_s": 0.13226899085566401
    },
    "row_count": 32768
  },
  "v2_0_partner_columns_full_python_rows": {
    "query_summary": {
      "max_s": 1.0355169689282775,
      "median_s": 0.9963257377967238,
      "min_s": 0.9527343469671905
    },
    "ratio_vs_v1_8": 6.800926014676754,
    "row_count": 32768
  },
  "v2_0_streaming_exact_witness_page_columns": {
    "metadata": {
      "adapter": "segment_polygon_exact_witness_pair_page_optix_prepared_partner_columns",
      "app_exact_filter": "cupy_rawkernel_segment_triangle_filter_from_generic_witness_candidates",
      "app_exact_filter_device_materialization": true,
      "app_exact_filter_host_materialization": false,
      "app_exact_row_semantics_authorized": true,
      "app_row_host_materialization": false,
      "app_row_materialization": "not_performed_exact_witness_columns_only",
      "backend": "optix",
      "direct_device_handoff_authorized": true,
      "direct_device_pointer_observed": true,
      "emitted_count": 97664,
      "exact_row_semantics_authorized": true,
      "exact_witness_count": 32768,
      "full_python_row_table_materialization_avoided": true,
      "input_contract": "caller_supplied_partner_device_columns",
      "limit": 32768,
      "native_engine_row_contract": "generic_ray_primitive_candidate_witness_pairs",
      "native_exact_row_semantics_authorized": false,
      "native_symbol": "rtdl_optix_write_prepared_ray_anyhit_2d_device_all_witnesses",
      "offset": 0,
      "overflowed": false,
      "page_limit": 32768,
      "page_offset": 0,
      "page_row_count": 32768,
      "partner": "cupy",
      "partner_tensor_handoff_authorized": true,
      "prepared_scene_reused": true,
      "ray_columns_true_zero_copy_authorized": true,
      "ray_count": 32768,
      "row_count": 32768,
      "rt_core_speedup_claim_authorized": false,
      "source_devices": [
        "cuda:0"
      ],
      "source_protocols": [
        "cupy"
      ],
      "source_row_count": 32768,
      "streaming_witness_page_authorized": true,
      "transfer_mode": "device_ray_triangle_columns_bounded_all_witness_rows_zero_copy",
      "triangle_scene_true_zero_copy_authorized": true,
      "true_zero_copy_authorized": true,
      "v2_0_release_authorized": false,
      "whole_app_speedup_claim_authorized": false,
      "whole_app_true_zero_copy_authorized": true,
      "witness_contract": "bounded all-hit witness rows; overflow must be false for exact row semantics",
      "witness_output_columns_reused": true,
      "witness_outputs_true_zero_copy_authorized": true,
      "witness_row_capacity": 262144
    },
    "query_summary": {
      "max_s": 1.5535610117949545,
      "median_s": 0.0013530370779335499,
      "min_s": 0.001338547095656395
    },
    "ratio_vs_old_v2_full_rows": 0.0013580268245660882,
    "ratio_vs_v1_8": 0.009235839959820373
  }
}
