{
  "app": "hausdorff_xhd",
  "baseline": {
    "elapsed_runs_sec": [
      0.006473027169704437,
      0.006492972373962402,
      0.006464511156082153,
      0.0064415112137794495,
      0.006448879837989807,
      0.006441205739974976,
      0.006472840905189514,
      0.00645165890455246,
      0.006439775228500366
    ],
    "elapsed_sec": 0.00645165890455246,
    "exact_value": true,
    "median_elapsed_sec": 0.00645165890455246,
    "method": "cupy_grouped_grid_rawkernel",
    "result": {
      "direction": "a_to_b",
      "distance": 0.12003618286664636,
      "elapsed_sec": 0.00645165890455246,
      "method": "cupy_grouped_grid_rawkernel",
      "source_index": 8034,
      "target_index": 3950
    },
    "uses_rt_cores": false,
    "uses_rtdl": false,
    "warmup_elapsed_sec": 0.6611902043223381,
    "wrapper_elapsed_sec": 0.11181230843067169
  },
  "benchmark_track": "canonical_exact_hausdorff_entrypoint",
  "claim_boundary": {
    "broad_rt_core_speedup_claim_authorized": false,
    "canonical_entrypoint": true,
    "native_engine_customization": false,
    "paper_reproduction_claim_authorized": false,
    "public_speedup_claim_authorized": false,
    "rtdl_beats_cupy_grid_claim_authorized": false,
    "rtdl_beats_xhd_claim_authorized": false,
    "triton_speedup_claim_authorized": false,
    "whole_app_speedup_claim_authorized": false
  },
  "distance_error": 0.0,
  "elapsed_sec": 1.8349990844726562,
  "entrypoint_version": "rtdl.goal2801.hausdorff_xhd_v2_5_canonical_entrypoint.v3.reduced_target8192",
  "goal": "Goal2801",
  "gpu": "NVIDIA RTX 4000 Ada Generation, 565.57.01",
  "matches_exact_baseline": true,
  "rtdl": {
    "adaptive_growth_factor": null,
    "adaptive_target_points_per_group": null,
    "elapsed_runs_sec": [
      0.0073839277029037476,
      0.007297337055206299,
      0.006876029074192047,
      0.0064688026905059814,
      0.006407111883163452,
      0.00635925680398941,
      0.0063528865575790405,
      0.006467297673225403,
      0.006504476070404053
    ],
    "elapsed_sec": 0.0064688026905059814,
    "exact_value": true,
    "median_elapsed_sec": 0.0064688026905059814,
    "method": "rtdl_rt_grouped_reduced_nearest_witness",
    "reduced_seed_with_threshold": false,
    "reduced_target_points_per_group": 8192,
    "result": {
      "backend": "optix",
      "direction": "a_to_b",
      "distance": 0.12003618286664636,
      "elapsed_sec": 0.0064688026905059814,
      "exact_value": true,
      "method": "rtdl_rt_grouped_reduced_nearest_witness",
      "radius_strategy": "bbox_upper_bound",
      "rt_core_accelerated": true,
      "source_index": 8034,
      "target_index": 3950,
      "threshold_iterations": 0,
      "witness_radius": 3.5219852211130083
    },
    "uses_rt_cores": true,
    "uses_rtdl": true,
    "warmup_elapsed_sec": 0.9054129496216774,
    "wrapper_elapsed_sec": 0.0609058141708374
  },
  "rtdl_over_cupy_grid_elapsed_ratio": 1.0026572678759296,
  "scenario": {
    "exact_tolerance": 1e-09,
    "offset_x": 0.08,
    "offset_y": -0.06,
    "points_a": 8192,
    "points_b": 8192,
    "repeat": 9,
    "rtdl_warmup": 1,
    "seed_a": 11,
    "seed_b": 29
  },
  "source_commit": "b353be863887fa3b826fc639ea5811d939e93dff",
  "source_dirty": [],
  "status": "pass"
}
