{
  "app": "rt_dbscan",
  "benchmark_track": "live_grouped_stream_continuation",
  "claim_boundary": {
    "broad_dbscan_speedup_claim_authorized": false,
    "canonical_live_harness": true,
    "native_engine_customization": false,
    "paper_reproduction_claim_authorized": false,
    "paper_speedup_claim_authorized": false,
    "public_speedup_claim_authorized": false,
    "pure_triton_components_claim_authorized": false,
    "whole_app_speedup_claim_authorized": false
  },
  "cuda_nvcc": null,
  "dataset": "clustered3d",
  "elapsed_sec": 33.42460533231497,
  "entrypoint_version": "rtdl.goal2802.rt_dbscan_v2_5_live_grouped_stream_harness.v1",
  "goal": "Goal2802",
  "gpu": "NVIDIA RTX 4000 Ada Generation, 565.57.01",
  "grouped_stream_avoids_neighbor_rows_and_full_adjacency_stream": true,
  "grouped_stream_rt_core_accelerated": true,
  "max_grouped_stream_speedup_vs_prepared_cupy_grid": 4.881209425767675,
  "min_grouped_stream_speedup_vs_prepared_cupy_grid": 3.779793443373345,
  "point_counts": [
    32768,
    65536,
    131072
  ],
  "raw_artifacts_retained": true,
  "repeat_count": 3,
  "rows": [
    {
      "dataset": "clustered3d",
      "grouped_stream_materializes_directed_adjacency_stream": false,
      "grouped_stream_materializes_neighbor_rows": false,
      "grouped_stream_native_tail_median_sec": 0.031803034245967865,
      "grouped_stream_rt_core_accelerated": true,
      "grouped_stream_signature_match": true,
      "grouped_stream_speedup_vs_prepared_cupy_grid": 3.779793443373345,
      "grouped_stream_tail_median_sec": 0.04495670646429062,
      "planned_continuation_estimated_directed_edges": 135291470,
      "planned_continuation_full_stream_fits_budget": true,
      "planned_continuation_mode": "optix_rt_core_adjacency_cupy_components_3d",
      "planned_high_level_mode": "partner_cupy_prepared_grid_components_3d",
      "point_count": 32768,
      "prepared_cupy_grid_tail_median_sec": 0.16992706432938576,
      "prepared_cupy_signature_match": true,
      "rt_count_prepared_grid_tail_median_sec": 0.15036558732390404,
      "rt_count_signature_match": true,
      "rt_count_speedup_vs_prepared_cupy_grid": 1.1300927782321906
    },
    {
      "dataset": "clustered3d",
      "grouped_stream_materializes_directed_adjacency_stream": false,
      "grouped_stream_materializes_neighbor_rows": false,
      "grouped_stream_native_tail_median_sec": 0.08216224238276482,
      "grouped_stream_rt_core_accelerated": true,
      "grouped_stream_signature_match": true,
      "grouped_stream_speedup_vs_prepared_cupy_grid": 4.881209425767675,
      "grouped_stream_tail_median_sec": 0.10863397642970085,
      "planned_continuation_estimated_directed_edges": 541165879,
      "planned_continuation_full_stream_fits_budget": false,
      "planned_continuation_mode": "optix_rt_core_grouped_stream_cupy_components_3d",
      "planned_high_level_mode": "optix_rt_core_flags_cupy_prepared_grid_components_3d",
      "point_count": 65536,
      "prepared_cupy_grid_tail_median_sec": 0.5302651897072792,
      "prepared_cupy_signature_match": true,
      "rt_count_prepared_grid_tail_median_sec": 0.39626215398311615,
      "rt_count_signature_match": true,
      "rt_count_speedup_vs_prepared_cupy_grid": 1.338167635685624
    },
    {
      "dataset": "clustered3d",
      "grouped_stream_materializes_directed_adjacency_stream": false,
      "grouped_stream_materializes_neighbor_rows": false,
      "grouped_stream_native_tail_median_sec": 0.3066958971321583,
      "grouped_stream_rt_core_accelerated": true,
      "grouped_stream_signature_match": true,
      "grouped_stream_speedup_vs_prepared_cupy_grid": 4.554805588108071,
      "grouped_stream_tail_median_sec": 0.35835426300764084,
      "planned_continuation_estimated_directed_edges": 2164663517,
      "planned_continuation_full_stream_fits_budget": false,
      "planned_continuation_mode": "optix_rt_core_grouped_stream_cupy_components_3d",
      "planned_high_level_mode": "optix_rt_core_flags_cupy_prepared_grid_components_3d",
      "point_count": 131072,
      "prepared_cupy_grid_tail_median_sec": 1.6322339996695518,
      "prepared_cupy_signature_match": true,
      "rt_count_prepared_grid_tail_median_sec": 1.0026461705565453,
      "rt_count_signature_match": true,
      "rt_count_speedup_vs_prepared_cupy_grid": 1.6279262292135792
    }
  ],
  "signatures_match": true,
  "source_commit": "b353be863887fa3b826fc639ea5811d939e93dff",
  "source_dirty": [],
  "status": "pass"
}
