{
  "app": "hausdorff_xhd",
  "baseline": {
    "elapsed_runs_sec": [
      0.008461218094453216,
      0.008342335000634193,
      0.008283228380605578,
      0.008303050184622407,
      0.008340045111253858,
      0.008340185042470694,
      0.008284806972369552,
      0.00829471298493445,
      0.008357471087947488
    ],
    "elapsed_sec": 0.008340045111253858,
    "exact_value": true,
    "median_elapsed_sec": 0.008340045111253858,
    "method": "cupy_grouped_grid_rawkernel",
    "result": {
      "direction": "a_to_b",
      "distance": 0.12003618286664636,
      "elapsed_sec": 0.008340045111253858,
      "method": "cupy_grouped_grid_rawkernel",
      "source_index": 8034,
      "target_index": 3950
    },
    "uses_rt_cores": false,
    "uses_rtdl": false,
    "warmup_elapsed_sec": 0.5682809741701931,
    "wrapper_elapsed_sec": 0.14333415986038744
  },
  "benchmark_track": "canonical_exact_hausdorff_entrypoint",
  "claim_boundary": {
    "broad_rt_core_speedup_claim_authorized": false,
    "canonical_entrypoint": true,
    "native_engine_customization": false,
    "paper_reproduction_claim_authorized": false,
    "public_speedup_claim_authorized": false,
    "rtdl_beats_cupy_grid_claim_authorized": false,
    "rtdl_beats_xhd_claim_authorized": false,
    "triton_speedup_claim_authorized": false,
    "whole_app_speedup_claim_authorized": false
  },
  "distance_error": 0.0,
  "elapsed_sec": 1.7580644071567804,
  "entrypoint_version": "rtdl.goal2801.hausdorff_xhd_v2_5_canonical_entrypoint.v1",
  "goal": "Goal2801",
  "gpu": "NVIDIA RTX A5000, 570.211.01",
  "matches_exact_baseline": true,
  "rtdl": {
    "adaptive_growth_factor": null,
    "adaptive_target_points_per_group": null,
    "elapsed_runs_sec": [
      0.007978844223544002,
      0.007720632012933493,
      0.007714662002399564,
      0.0077550390269607306,
      0.007747599156573415,
      0.008058091159909964,
      0.008049385854974389,
      0.007911239983513951,
      0.008001958951354027
    ],
    "elapsed_sec": 0.007911239983513951,
    "exact_value": true,
    "median_elapsed_sec": 0.007911239983513951,
    "method": "rtdl_rt_grouped_reduced_nearest_witness",
    "reduced_seed_with_threshold": false,
    "reduced_target_points_per_group": 4096,
    "result": {
      "backend": "optix",
      "direction": "a_to_b",
      "distance": 0.12003618286664636,
      "elapsed_sec": 0.007911239983513951,
      "exact_value": true,
      "method": "rtdl_rt_grouped_reduced_nearest_witness",
      "radius_strategy": "bbox_upper_bound",
      "rt_core_accelerated": true,
      "source_index": 8034,
      "target_index": 3045,
      "threshold_iterations": 0,
      "witness_radius": 3.5219852211130083
    },
    "uses_rt_cores": true,
    "uses_rtdl": true,
    "warmup_elapsed_sec": 0.8740973460953683,
    "wrapper_elapsed_sec": 0.07251238101162016
  },
  "rtdl_over_cupy_grid_elapsed_ratio": 0.9485847951636033,
  "scenario": {
    "exact_tolerance": 1e-09,
    "offset_x": 0.08,
    "offset_y": -0.06,
    "points_a": 8192,
    "points_b": 8192,
    "repeat": 9,
    "rtdl_warmup": 1,
    "seed_a": 11,
    "seed_b": 29
  },
  "source_commit": "cc8c7322e8b0f21cd2edd0019e27c3df370cda70",
  "source_dirty": [],
  "status": "pass"
}
