{
  "app": "librts_spatial_index",
  "backend": "optix",
  "box_count": 4096,
  "box_query_prepare_sec": 0.003905877936631441,
  "claim_boundary": {
    "canonical_harness": true,
    "native_engine_customization": false,
    "paper_reproduction_claim_authorized": false,
    "public_speedup_claim_authorized": false,
    "tier_c_no_regression_harness": true,
    "triton_speedup_claim_authorized": false,
    "true_zero_copy_claim_authorized": false,
    "whole_app_speedup_claim_authorized": false
  },
  "cpu_counts": {
    "point_contains": 371793,
    "range_contains": 255739,
    "range_intersects": 553819
  },
  "cpu_reference_sec": 2.2060056910850108,
  "elapsed_sec": 0.4221523799933493,
  "fixture": {
    "box_count": 4096,
    "box_query_count": 2048,
    "dataset": "uniform",
    "paper_equivalent_dataset": false,
    "point_query_count": 2048,
    "seed": 2798
  },
  "generic_primitive": "AABB_INDEX_QUERY_2D",
  "goal": "Goal2798",
  "gpu": "NVIDIA RTX A5000, 570.211.01",
  "harness_version": "rtdl.goal2798.librts_v2_5_warm_median_harness.v1",
  "operations": [
    "point_contains",
    "range_contains",
    "range_intersects"
  ],
  "point_query_prepare_sec": 0.0023556379601359367,
  "query_count": 2048,
  "row_count": 3,
  "rows": [
    {
      "expected_count": 371793,
      "generic_primitive": "AABB_INDEX_QUERY_2D",
      "matches_cpu_reference": true,
      "observed_count": 371793,
      "operation": "point_contains",
      "primitive_contract": "generic_prepared_aabb_index_query_2d",
      "query_max_ms": 0.8722490165382624,
      "query_median_ms": 0.8522102143615484,
      "query_min_ms": 0.8450120221823454,
      "query_times_ms": [
        0.8569280616939068,
        0.8668128866702318,
        0.8722490165382624,
        0.8522102143615484,
        0.8516209200024605,
        0.8491929620504379,
        0.8450120221823454,
        0.8496269583702087,
        0.8621669840067625
      ],
      "repeat": 9,
      "rt_core_accelerated": true,
      "status": "pass",
      "warmup": 3
    },
    {
      "expected_count": 255739,
      "generic_primitive": "AABB_INDEX_QUERY_2D",
      "matches_cpu_reference": true,
      "observed_count": 255739,
      "operation": "range_contains",
      "primitive_contract": "generic_prepared_aabb_index_query_2d",
      "query_max_ms": 0.8798218332231045,
      "query_median_ms": 0.8719221223145723,
      "query_min_ms": 0.869144918397069,
      "query_times_ms": [
        0.8798218332231045,
        0.8716359734535217,
        0.8719221223145723,
        0.8741081692278385,
        0.8732490241527557,
        0.869144918397069,
        0.8706869557499886,
        0.869713956490159,
        0.8784090168774128
      ],
      "repeat": 9,
      "rt_core_accelerated": true,
      "status": "pass",
      "warmup": 3
    },
    {
      "expected_count": 553819,
      "generic_primitive": "AABB_INDEX_QUERY_2D",
      "matches_cpu_reference": true,
      "observed_count": 553819,
      "operation": "range_intersects",
      "primitive_contract": "generic_prepared_aabb_index_query_2d",
      "query_max_ms": 1.7183099407702684,
      "query_median_ms": 1.5841329004615545,
      "query_min_ms": 1.5695488546043634,
      "query_times_ms": [
        1.5922579914331436,
        1.5898039564490318,
        1.7183099407702684,
        1.5841329004615545,
        1.5740969683974981,
        1.5695488546043634,
        1.578702824190259,
        1.5743807889521122,
        1.5853371005505323
      ],
      "repeat": 9,
      "rt_core_accelerated": true,
      "status": "pass",
      "warmup": 3
    }
  ],
  "scene_prepare_sec": 0.466178648872301,
  "seed": 2798,
  "source_commit": "cf3a479d7f40c36df1b3f44f68de20ef1b098221",
  "source_dirty": [],
  "status": "pass"
}
