[goal2803] starting Barnes-Hut consolidated harness: cases=((512, 16), (2048, 32), (8192, 32)), repeats=3, validate_all_cases=False
[goal2803] membership case 1/3: bodies=512, bucket=16, repeats=3, validate=True
[goal2803] membership case 1/3 progress: backend=embree repeat=1/3 start
[goal2803] membership case 1/3 progress: backend=embree repeat=1/3 done sec=0.785
[goal2803] membership case 1/3 progress: backend=embree repeat=2/3 start
[goal2803] membership case 1/3 progress: backend=embree repeat=2/3 done sec=0.770
[goal2803] membership case 1/3 progress: backend=embree repeat=3/3 start
[goal2803] membership case 1/3 progress: backend=embree repeat=3/3 done sec=0.769
[goal2803] membership case 1/3 progress: backend=optix repeat=1/3 start
[goal2803] membership case 1/3 progress: backend=optix repeat=1/3 done sec=1.470
[goal2803] membership case 1/3 progress: backend=optix repeat=2/3 start
[goal2803] membership case 1/3 progress: backend=optix repeat=2/3 done sec=0.689
[goal2803] membership case 1/3 progress: backend=optix repeat=3/3 start
[goal2803] membership case 1/3 progress: backend=optix repeat=3/3 done sec=0.656
[goal2803] membership case done: bodies=512, rows_match=True, rt_core=True, membership_speedup=8.224x, elapsed=5.32s
[goal2803] membership case 2/3: bodies=2048, bucket=32, repeats=3, validate=False
[goal2803] membership case 2/3 progress: backend=embree repeat=1/3 start
[goal2803] membership case 2/3 progress: backend=embree repeat=1/3 done sec=6.237
[goal2803] membership case 2/3 progress: backend=embree repeat=2/3 start
[goal2803] membership case 2/3 progress: backend=embree repeat=2/3 done sec=6.296
[goal2803] membership case 2/3 progress: backend=embree repeat=3/3 start
[goal2803] membership case 2/3 progress: backend=embree repeat=3/3 done sec=6.271
[goal2803] membership case 2/3 progress: backend=optix repeat=1/3 start
[goal2803] membership case 2/3 progress: backend=optix repeat=1/3 done sec=3.882
[goal2803] membership case 2/3 progress: backend=optix repeat=2/3 start
[goal2803] membership case 2/3 progress: backend=optix repeat=2/3 done sec=4.376
[goal2803] membership case 2/3 progress: backend=optix repeat=3/3 start
[goal2803] membership case 2/3 progress: backend=optix repeat=3/3 done sec=4.506
[goal2803] membership case done: bodies=2048, rows_match=True, rt_core=True, membership_speedup=25.452x, elapsed=31.68s
[goal2803] membership case 3/3: bodies=8192, bucket=32, repeats=3, validate=False
[goal2803] membership case 3/3 progress: backend=embree repeat=1/3 start
[goal2803] membership case 3/3 progress: backend=embree repeat=1/3 done sec=100.217
[goal2803] membership case 3/3 progress: backend=embree repeat=2/3 start
[goal2803] membership case 3/3 progress: backend=embree repeat=2/3 done sec=99.691
[goal2803] membership case 3/3 progress: backend=embree repeat=3/3 start
[goal2803] membership case 3/3 progress: backend=embree repeat=3/3 done sec=96.842
[goal2803] membership case 3/3 progress: backend=optix repeat=1/3 start
[goal2803] membership case 3/3 progress: backend=optix repeat=1/3 done sec=19.424
[goal2803] membership case 3/3 progress: backend=optix repeat=2/3 start
[goal2803] membership case 3/3 progress: backend=optix repeat=2/3 done sec=22.537
[goal2803] membership case 3/3 progress: backend=optix repeat=3/3 start
[goal2803] membership case 3/3 progress: backend=optix repeat=3/3 done sec=20.704
[goal2803] membership case done: bodies=8192, rows_match=True, rt_core=True, membership_speedup=154.306x, elapsed=359.67s
[goal2803] vector-sum probe: groups=8192, rows_per_group=16, repeats=3, warmups=2
[goal2803] vector-sum warmup 1/2
[goal2803] vector-sum warmup 2/2
[goal2803] vector-sum timed repeat 1/3: torch
[goal2803] vector-sum timed repeat 1/3: triton
[goal2803] vector-sum timed repeat 2/3: torch
[goal2803] vector-sum timed repeat 2/3: triton
[goal2803] vector-sum timed repeat 3/3: torch
[goal2803] vector-sum timed repeat 3/3: triton
[goal2803] vector-sum probe done: matches=True, torch=0.000843s, triton=0.003595s, ratio=4.265x
{
  "app": "barnes_hut",
  "benchmark_track": "consolidated_membership_and_vector_sum",
  "cases": [
    {
      "body_count": 512,
      "bucket_size": 16
    },
    {
      "body_count": 2048,
      "bucket_size": 32
    },
    {
      "body_count": 8192,
      "bucket_size": 32
    }
  ],
  "claim_boundary": {
    "authors_code_comparison_authorized": false,
    "canonical_consolidated_harness": true,
    "native_engine_customization": false,
    "paper_reproduction_claim_authorized": false,
    "paper_speedup_claim_authorized": false,
    "public_speedup_claim_authorized": false,
    "triton_vector_sum_auto_selection_authorized": false,
    "whole_app_speedup_claim_authorized": false
  },
  "elapsed_sec": 398.6961718010716,
  "entrypoint_version": "rtdl.goal2803.barnes_hut_v2_5_consolidated_harness.v1",
  "goal": "Goal2803",
  "gpu": "NVIDIA RTX A5000, 570.211.01",
  "max_optix_membership_speedup_vs_embree": 154.30590483925985,
  "membership_rows": [
    {
      "body_count": 512,
      "bucket_size": 16,
      "case_elapsed_sec": 5.317755036987364,
      "embree_frontier_lowering_sec_median": 0.29471486201509833,
      "embree_membership_wrapper_sec_median": 0.16131437895819545,
      "embree_total_sec_median": 0.75351258716546,
      "frontier_row_count": 54178,
      "near_zone_candidate_row_count": 13106,
      "optix_frontier_lowering_sec_median": 0.17987155495211482,
      "optix_frontier_lowering_speedup_vs_embree": 1.6384739771308308,
      "optix_membership_wrapper_sec_median": 0.019614076940342784,
      "optix_membership_wrapper_speedup_vs_embree": 8.224418587162749,
      "optix_rt_core_accelerated": true,
      "optix_total_sec_median": 0.6671009678393602,
      "optix_total_speedup_vs_embree": 1.1295330444594827,
      "rows_match_between_backends": true,
      "validation_skipped": false
    },
    {
      "body_count": 2048,
      "bucket_size": 32,
      "case_elapsed_sec": 31.680670335888863,
      "embree_frontier_lowering_sec_median": 3.51751317596063,
      "embree_membership_wrapper_sec_median": 2.4877067131455988,
      "embree_total_sec_median": 6.154251792933792,
      "frontier_row_count": 514055,
      "near_zone_candidate_row_count": 65400,
      "optix_frontier_lowering_sec_median": 1.1093948278576136,
      "optix_frontier_lowering_speedup_vs_embree": 3.1706594330833577,
      "optix_membership_wrapper_sec_median": 0.0977428569458425,
      "optix_membership_wrapper_speedup_vs_embree": 25.45154490955785,
      "optix_rt_core_accelerated": true,
      "optix_total_sec_median": 4.232492319075391,
      "optix_total_speedup_vs_embree": 1.4540491344065143,
      "rows_match_between_backends": true,
      "validation_skipped": true
    },
    {
      "body_count": 8192,
      "bucket_size": 32,
      "case_elapsed_sec": 359.6742766620591,
      "embree_frontier_lowering_sec_median": 85.01163048506714,
      "embree_membership_wrapper_sec_median": 79.673533994006,
      "embree_total_sec_median": 99.1141593430657,
      "frontier_row_count": 2469712,
      "near_zone_candidate_row_count": 381692,
      "optix_frontier_lowering_sec_median": 5.84211240708828,
      "optix_frontier_lowering_speedup_vs_embree": 14.551522559189701,
      "optix_membership_wrapper_sec_median": 0.5163349651265889,
      "optix_membership_wrapper_speedup_vs_embree": 154.30590483925985,
      "optix_rt_core_accelerated": true,
      "optix_total_sec_median": 20.12240485008806,
      "optix_total_speedup_vs_embree": 4.925562331215692,
      "rows_match_between_backends": true,
      "validation_skipped": true
    }
  ],
  "membership_validation_policy": "first_case_reference_validation_plus_all_case_embree_optix_shape_parity",
  "min_optix_membership_speedup_vs_embree": 8.224418587162749,
  "repeats": 3,
  "source_commit": "cf3a479d7f40c36df1b3f44f68de20ef1b098221",
  "source_dirty": [],
  "status": "pass",
  "triton_vector_sum_auto_selection_allowed": false,
  "vector_sum": {
    "group_count": 8192,
    "matches_torch": true,
    "row_count": 131072,
    "rows_per_group": 16,
    "selected_partner": "torch",
    "selected_partner_median_sec": 0.0008429849985986948,
    "selected_partner_reason": "torch_scatter_add_wins_same_contract_timing",
    "status": "pass",
    "torch_faster": true,
    "torch_median_sec": 0.0008429849985986948,
    "torch_metadata": {
      "adapter": "grouped_vector_sum_2d_partner_columns",
      "claim_boundary": "Generic grouped vector-sum adapter over partner-owned columns. It does not call native RT traversal, does not authorize true zero-copy wording, and is preview integration evidence only.",
      "direct_device_handoff_authorized": false,
      "group_count": 8192,
      "input_contract": "caller_supplied_grouped_vector_rows_2d",
      "native_engine_row_contract": "not_called_partner_continuation_only",
      "partner": "torch",
      "partner_reference_contract": "generic_grouped_vector_sum_f64x2",
      "row_count": 131072,
      "rt_core_speedup_claim_authorized": false,
      "v2_5_partner_continuation_operation": null,
      "v2_5_release_authorized": false,
      "v2_5_triton_adapter_kernel": null,
      "v2_5_triton_global_atomic_add_used": null,
      "v2_5_triton_offset_groups_per_program": null,
      "v2_5_triton_offset_program_count": null,
      "v2_5_triton_presegmented_offsets_used": false,
      "v2_5_triton_preview_kernel_status": null,
      "v2_5_triton_preview_kernel_used": false,
      "whole_app_speedup_claim_authorized": false
    },
    "triton_median_sec": 0.0035950930323451757,
    "triton_metadata": {
      "adapter": "grouped_vector_sum_2d_partner_columns",
      "claim_boundary": "Generic grouped vector-sum adapter over partner-owned columns. It does not call native RT traversal, does not authorize true zero-copy wording, and is preview integration evidence only.",
      "direct_device_handoff_authorized": false,
      "group_count": 8192,
      "input_contract": "caller_supplied_grouped_vector_rows_2d",
      "native_engine_row_contract": "not_called_partner_continuation_only",
      "partner": "triton",
      "partner_reference_contract": "generic_grouped_vector_sum_f64x2",
      "row_count": 131072,
      "rt_core_speedup_claim_authorized": false,
      "v2_5_partner_continuation_operation": "grouped_vector_sum_f64x2",
      "v2_5_release_authorized": false,
      "v2_5_triton_adapter_kernel": "grouped_vector_sum_f64x2_offsets_kernel",
      "v2_5_triton_global_atomic_add_used": false,
      "v2_5_triton_offset_groups_per_program": 1,
      "v2_5_triton_offset_program_count": 8192,
      "v2_5_triton_presegmented_offsets_used": true,
      "v2_5_triton_preview_kernel_status": "preview_not_promoted",
      "v2_5_triton_preview_kernel_used": true,
      "whole_app_speedup_claim_authorized": false
    },
    "triton_over_torch_ratio": 4.264717685749268,
    "triton_preview_promoted": false,
    "warmups": 2
  },
  "vector_warmups": 2
}
