{
  "app": "hausdorff_xhd",
  "baseline": {
    "elapsed_runs_sec": [
      0.008313574129715562,
      0.008298471104353666,
      0.008280901005491614,
      0.00830725790001452,
      0.008300536777824163,
      0.008291540900245309,
      0.008276077918708324,
      0.008314344100654125,
      0.012246049009263515
    ],
    "elapsed_sec": 0.008300536777824163,
    "exact_value": true,
    "median_elapsed_sec": 0.008300536777824163,
    "method": "cupy_grouped_grid_rawkernel",
    "result": {
      "direction": "a_to_b",
      "distance": 0.12003618286664636,
      "elapsed_sec": 0.008300536777824163,
      "method": "cupy_grouped_grid_rawkernel",
      "source_index": 8034,
      "target_index": 3950
    },
    "uses_rt_cores": false,
    "uses_rtdl": false,
    "warmup_elapsed_sec": 0.5030539240688086,
    "wrapper_elapsed_sec": 0.14726403402164578
  },
  "benchmark_track": "canonical_exact_hausdorff_entrypoint",
  "claim_boundary": {
    "broad_rt_core_speedup_claim_authorized": false,
    "canonical_entrypoint": true,
    "native_engine_customization": false,
    "paper_reproduction_claim_authorized": false,
    "public_speedup_claim_authorized": false,
    "rtdl_beats_cupy_grid_claim_authorized": false,
    "rtdl_beats_xhd_claim_authorized": false,
    "triton_speedup_claim_authorized": false,
    "whole_app_speedup_claim_authorized": false
  },
  "distance_error": 0.0,
  "elapsed_sec": 1.6536701039876789,
  "entrypoint_version": "rtdl.goal2801.hausdorff_xhd_v2_5_canonical_entrypoint.v1",
  "goal": "Goal2801",
  "gpu": "NVIDIA RTX A5000, 570.211.01",
  "matches_exact_baseline": true,
  "rtdl": {
    "adaptive_growth_factor": null,
    "adaptive_target_points_per_group": null,
    "elapsed_runs_sec": [
      0.007989875040948391,
      0.009287344058975577,
      0.009332927875220776,
      0.007801339961588383,
      0.007850029040127993,
      0.007724007125943899,
      0.007752271834760904,
      0.007694371975958347,
      0.007670428138226271
    ],
    "elapsed_sec": 0.007801339961588383,
    "exact_value": true,
    "median_elapsed_sec": 0.007801339961588383,
    "method": "rtdl_rt_grouped_reduced_nearest_witness",
    "reduced_seed_with_threshold": false,
    "reduced_target_points_per_group": 2048,
    "result": {
      "backend": "optix",
      "direction": "a_to_b",
      "distance": 0.12003618286664636,
      "elapsed_sec": 0.007801339961588383,
      "exact_value": true,
      "method": "rtdl_rt_grouped_reduced_nearest_witness",
      "radius_strategy": "bbox_upper_bound",
      "rt_core_accelerated": true,
      "source_index": 8034,
      "target_index": 3045,
      "threshold_iterations": 0,
      "witness_radius": 3.5219852211130083
    },
    "uses_rt_cores": true,
    "uses_rtdl": true,
    "warmup_elapsed_sec": 0.8497060139197856,
    "wrapper_elapsed_sec": 0.07452526013366878
  },
  "rtdl_over_cupy_grid_elapsed_ratio": 0.9398596946682481,
  "scenario": {
    "exact_tolerance": 1e-09,
    "offset_x": 0.08,
    "offset_y": -0.06,
    "points_a": 8192,
    "points_b": 8192,
    "repeat": 9,
    "rtdl_warmup": 1,
    "seed_a": 11,
    "seed_b": 29
  },
  "source_commit": "cf3a479d7f40c36df1b3f44f68de20ef1b098221",
  "source_dirty": [],
  "status": "pass"
}
