{
  "app": "hausdorff_xhd",
  "baseline": {
    "elapsed_runs_sec": [
      0.007598749129101634,
      0.0083331021014601,
      0.008292953949421644,
      0.008301005931571126,
      0.008294019848108292,
      0.008298494154587388,
      0.008303289068862796,
      0.008316327817738056,
      0.011653733672574162
    ],
    "elapsed_sec": 0.008301005931571126,
    "exact_value": true,
    "median_elapsed_sec": 0.008301005931571126,
    "method": "cupy_grouped_grid_rawkernel",
    "result": {
      "direction": "a_to_b",
      "distance": 0.12003618286664636,
      "elapsed_sec": 0.008301005931571126,
      "method": "cupy_grouped_grid_rawkernel",
      "source_index": 8034,
      "target_index": 3950
    },
    "uses_rt_cores": false,
    "uses_rtdl": false,
    "warmup_elapsed_sec": 0.4908405188471079,
    "wrapper_elapsed_sec": 0.14382280805148184
  },
  "benchmark_track": "canonical_exact_hausdorff_entrypoint",
  "claim_boundary": {
    "broad_rt_core_speedup_claim_authorized": false,
    "canonical_entrypoint": true,
    "native_engine_customization": false,
    "paper_reproduction_claim_authorized": false,
    "public_speedup_claim_authorized": false,
    "rtdl_beats_cupy_grid_claim_authorized": false,
    "rtdl_beats_xhd_claim_authorized": false,
    "triton_speedup_claim_authorized": false,
    "whole_app_speedup_claim_authorized": false
  },
  "distance_error": 0.0,
  "elapsed_sec": 1.6725469389930367,
  "entrypoint_version": "rtdl.goal2801.hausdorff_xhd_v2_5_canonical_entrypoint.v2.reduced_target4096",
  "goal": "Goal2801",
  "gpu": "NVIDIA RTX A5000, 570.211.01",
  "matches_exact_baseline": true,
  "rtdl": {
    "adaptive_growth_factor": null,
    "adaptive_target_points_per_group": null,
    "elapsed_runs_sec": [
      0.009526556823402643,
      0.007564377970993519,
      0.0076407811138778925,
      0.007640789030119777,
      0.007754475111141801,
      0.007876274175941944,
      0.009214592166244984,
      0.008373815100640059,
      0.007730389945209026
    ],
    "elapsed_sec": 0.007754475111141801,
    "exact_value": true,
    "median_elapsed_sec": 0.007754475111141801,
    "method": "rtdl_rt_grouped_reduced_nearest_witness",
    "reduced_seed_with_threshold": false,
    "reduced_target_points_per_group": 4096,
    "result": {
      "backend": "optix",
      "direction": "a_to_b",
      "distance": 0.12003618286664636,
      "elapsed_sec": 0.007754475111141801,
      "exact_value": true,
      "method": "rtdl_rt_grouped_reduced_nearest_witness",
      "radius_strategy": "bbox_upper_bound",
      "rt_core_accelerated": true,
      "source_index": 8034,
      "target_index": 3045,
      "threshold_iterations": 0,
      "witness_radius": 3.5219852211130083
    },
    "uses_rt_cores": true,
    "uses_rtdl": true,
    "warmup_elapsed_sec": 0.8741727659944445,
    "wrapper_elapsed_sec": 0.07468854496255517
  },
  "rtdl_over_cupy_grid_elapsed_ratio": 0.934160892675584,
  "scenario": {
    "exact_tolerance": 1e-09,
    "offset_x": 0.08,
    "offset_y": -0.06,
    "points_a": 8192,
    "points_b": 8192,
    "repeat": 9,
    "rtdl_warmup": 1,
    "seed_a": 11,
    "seed_b": 29
  },
  "source_commit": "5b6741fa7bf08a4934b283bd755a67af2b04ed7b",
  "source_dirty": [],
  "status": "pass"
}
