{
  "app": "spatial_rayjoin",
  "backend": "optix",
  "benchmark_track": "primitive_first_rt_count_or_parity",
  "claim_boundary": {
    "canonical_harness": true,
    "native_engine_customization": false,
    "paper_reproduction_claim_authorized": false,
    "public_speedup_claim_authorized": false,
    "row_overlay_continuation_deferred_tier_b": true,
    "rtdl_beats_rayjoin_claim_authorized": false,
    "tier_a_count_or_parity_only": true,
    "triton_speedup_claim_authorized": false,
    "true_zero_copy_claim_authorized": false,
    "whole_app_speedup_claim_authorized": false
  },
  "elapsed_sec": 1.4691645929124206,
  "execution_route": "prepared_optix",
  "goal": "Goal2799",
  "gpu": "NVIDIA RTX A5000, 570.211.01",
  "harness_version": "rtdl.goal2799.spatial_rayjoin_v2_5_prepared_count_harness.v1",
  "include_rows": false,
  "repeat": 7,
  "result_mode": "count",
  "row_count": 3,
  "rows": [
    {
      "backend": "optix",
      "cpu_output_contract": "point_to_polygon_positive_hit_rows",
      "dataset": "tests/fixtures/rayjoin/br_county_subset.cdb",
      "dataset_note": "County subset probe points against deterministic chain-derived polygons.",
      "elapsed_sec": 0.7826666429173201,
      "execution_route": "prepared_optix",
      "expected_count": 6,
      "generic_primitive": "POINT_CLOSED_SHAPE_MEMBERSHIP_2D",
      "include_rows": false,
      "matches_cpu_reference": true,
      "native_engine_boundary": "The native engine sees generic prepared point/shape, segment-pair, or shape-pair contracts; RayJoin workload interpretation stays in Python.",
      "observed_count": 6,
      "observed_counts": [
        6,
        6,
        6,
        6,
        6,
        6,
        6
      ],
      "phase_max_ms": {
        "prepare_static_scene_sec": 0.2061440609395504,
        "prepared_query_sec": 0.16215210780501366,
        "query_pack_sec": 0.00872509554028511,
        "static_shape_pack_sec": 0.023427186533808708
      },
      "phase_medians_ms": {
        "prepare_static_scene_sec": 0.18922705203294754,
        "prepared_query_sec": 0.15258998610079288,
        "query_pack_sec": 0.008113915100693703,
        "static_shape_pack_sec": 0.022016000002622604
      },
      "phase_min_ms": {
        "prepare_static_scene_sec": 0.18163700588047504,
        "prepared_query_sec": 0.14684186317026615,
        "query_pack_sec": 0.007617054507136345,
        "static_shape_pack_sec": 0.020277919247746468
      },
      "prepared_output_contract": "point_to_shape_positive_hit_count",
      "prepared_query_times_ms": [
        0.16198400408029556,
        0.15258998610079288,
        0.15177205204963684,
        0.15343003906309605,
        0.14684186317026615,
        0.15206215903162956,
        0.16215210780501366
      ],
      "repeat": 7,
      "result_mode": "count",
      "status": "pass",
      "uses_prepared_optix_rt_backend": true,
      "warmup": 2,
      "workload": "pip"
    },
    {
      "backend": "optix",
      "cpu_output_contract": "segment_segment_intersection_rows",
      "dataset": "tests/fixtures/rayjoin/br_county_subset.cdb",
      "dataset_note": "Deterministic county-subset segment slice chosen to preserve CPU/Embree parity.",
      "elapsed_sec": 0.3494317389559001,
      "execution_route": "prepared_optix",
      "expected_count": 1,
      "generic_primitive": "SEGMENT_PAIR_INTERSECTION_2D",
      "include_rows": false,
      "matches_cpu_reference": true,
      "native_engine_boundary": "The native engine sees generic prepared point/shape, segment-pair, or shape-pair contracts; RayJoin workload interpretation stays in Python.",
      "observed_count": 1,
      "observed_counts": [
        1,
        1,
        1,
        1,
        1,
        1,
        1
      ],
      "phase_max_ms": {
        "prepare_static_scene_sec": 0.2081331331282854,
        "prepared_query_sec": 0.19467109814286232,
        "query_pack_sec": 0.03490201197564602
      },
      "phase_medians_ms": {
        "prepare_static_scene_sec": 0.2001388929784298,
        "prepared_query_sec": 0.19195699132978916,
        "query_pack_sec": 0.027178088203072548
      },
      "phase_min_ms": {
        "prepare_static_scene_sec": 0.1938329078257084,
        "prepared_query_sec": 0.18299813382327557,
        "query_pack_sec": 0.025458168238401413
      },
      "prepared_output_contract": "segment_segment_intersection_count",
      "prepared_query_times_ms": [
        0.1922540832310915,
        0.1924110110849142,
        0.18906197510659695,
        0.18299813382327557,
        0.19195699132978916,
        0.1897900365293026,
        0.19467109814286232
      ],
      "repeat": 7,
      "result_mode": "count",
      "status": "pass",
      "uses_prepared_optix_rt_backend": true,
      "warmup": 2,
      "workload": "lsi"
    },
    {
      "backend": "optix",
      "cpu_output_contract": "overlay_pair_dependency_rows_with_lsi_pip_flags",
      "dataset": "tests/fixtures/rayjoin/br_county_subset.cdb + tests/fixtures/rayjoin/br_soil_subset.cdb",
      "dataset_note": "County and soil subset chain-derived polygons for overlay seed generation.",
      "elapsed_sec": 0.33702939306385815,
      "execution_route": "prepared_optix",
      "expected_count": 0,
      "generic_primitive": "SHAPE_PAIR_RELATION_FLAGS_2D",
      "include_rows": false,
      "matches_cpu_reference": true,
      "native_engine_boundary": "The native engine sees generic prepared point/shape, segment-pair, or shape-pair contracts; RayJoin workload interpretation stays in Python.",
      "observed_count": 0,
      "observed_counts": [
        0,
        0,
        0,
        0,
        0,
        0,
        0
      ],
      "phase_max_ms": {
        "prepare_static_scene_sec": 0.013445969671010971,
        "prepared_query_sec": 0.008976086974143982,
        "query_pack_sec": 0.02198689617216587,
        "static_shape_pack_sec": 0.007815193384885788
      },
      "phase_medians_ms": {
        "prepare_static_scene_sec": 0.008563976734876633,
        "prepared_query_sec": 0.007043126970529556,
        "query_pack_sec": 0.02044299617409706,
        "static_shape_pack_sec": 0.0035078264772892
      },
      "phase_min_ms": {
        "prepare_static_scene_sec": 0.00781891867518425,
        "prepared_query_sec": 0.006483867764472961,
        "query_pack_sec": 0.0185410026460886,
        "static_shape_pack_sec": 0.00317208468914032
      },
      "prepared_output_contract": "overlay_pair_dependency_count",
      "prepared_query_times_ms": [
        0.008555129170417786,
        0.008976086974143982,
        0.007116934284567833,
        0.007043126970529556,
        0.007024034857749939,
        0.006594927981495857,
        0.006483867764472961
      ],
      "repeat": 7,
      "result_mode": "count",
      "status": "pass",
      "uses_prepared_optix_rt_backend": true,
      "warmup": 2,
      "workload": "overlay_seed"
    }
  ],
  "source_commit": "5b6741fa7bf08a4934b283bd755a67af2b04ed7b",
  "source_dirty": [],
  "status": "pass",
  "warmup": 2,
  "workloads": [
    "pip",
    "lsi",
    "overlay_seed"
  ]
}
