[goal2803] starting Barnes-Hut consolidated harness: cases=((512, 16), (2048, 32), (8192, 32)), repeats=3, validate_all_cases=False
[goal2803] membership case 1/3: bodies=512, bucket=16, repeats=3, validate=True
[goal2803] membership case 1/3 progress: backend=embree repeat=1/3 start
[goal2803] membership case 1/3 progress: backend=embree repeat=1/3 done sec=0.829
[goal2803] membership case 1/3 progress: backend=embree repeat=2/3 start
[goal2803] membership case 1/3 progress: backend=embree repeat=2/3 done sec=0.770
[goal2803] membership case 1/3 progress: backend=embree repeat=3/3 start
[goal2803] membership case 1/3 progress: backend=embree repeat=3/3 done sec=0.806
[goal2803] membership case 1/3 progress: backend=optix repeat=1/3 start
[goal2803] membership case 1/3 progress: backend=optix repeat=1/3 done sec=1.654
[goal2803] membership case 1/3 progress: backend=optix repeat=2/3 start
[goal2803] membership case 1/3 progress: backend=optix repeat=2/3 done sec=0.654
[goal2803] membership case 1/3 progress: backend=optix repeat=3/3 start
[goal2803] membership case 1/3 progress: backend=optix repeat=3/3 done sec=0.645
[goal2803] membership case done: bodies=512, rows_match=True, rt_core=True, membership_speedup=9.031x, elapsed=5.56s
[goal2803] membership case 2/3: bodies=2048, bucket=32, repeats=3, validate=False
[goal2803] membership case 2/3 progress: backend=embree repeat=1/3 start
[goal2803] membership case 2/3 progress: backend=embree repeat=1/3 done sec=7.584
[goal2803] membership case 2/3 progress: backend=embree repeat=2/3 start
[goal2803] membership case 2/3 progress: backend=embree repeat=2/3 done sec=7.673
[goal2803] membership case 2/3 progress: backend=embree repeat=3/3 start
[goal2803] membership case 2/3 progress: backend=embree repeat=3/3 done sec=6.323
[goal2803] membership case 2/3 progress: backend=optix repeat=1/3 start
[goal2803] membership case 2/3 progress: backend=optix repeat=1/3 done sec=4.253
[goal2803] membership case 2/3 progress: backend=optix repeat=2/3 start
[goal2803] membership case 2/3 progress: backend=optix repeat=2/3 done sec=5.183
[goal2803] membership case 2/3 progress: backend=optix repeat=3/3 start
[goal2803] membership case 2/3 progress: backend=optix repeat=3/3 done sec=4.026
[goal2803] membership case done: bodies=2048, rows_match=True, rt_core=True, membership_speedup=30.201x, elapsed=35.17s
[goal2803] membership case 3/3: bodies=8192, bucket=32, repeats=3, validate=False
[goal2803] membership case 3/3 progress: backend=embree repeat=1/3 start
[goal2803] membership case 3/3 progress: backend=embree repeat=1/3 done sec=111.985
[goal2803] membership case 3/3 progress: backend=embree repeat=2/3 start
[goal2803] membership case 3/3 progress: backend=embree repeat=2/3 done sec=113.036
[goal2803] membership case 3/3 progress: backend=embree repeat=3/3 start
[goal2803] membership case 3/3 progress: backend=embree repeat=3/3 done sec=116.610
[goal2803] membership case 3/3 progress: backend=optix repeat=1/3 start
[goal2803] membership case 3/3 progress: backend=optix repeat=1/3 done sec=24.120
[goal2803] membership case 3/3 progress: backend=optix repeat=2/3 start
[goal2803] membership case 3/3 progress: backend=optix repeat=2/3 done sec=20.877
[goal2803] membership case 3/3 progress: backend=optix repeat=3/3 start
[goal2803] membership case 3/3 progress: backend=optix repeat=3/3 done sec=22.807
[goal2803] membership case done: bodies=8192, rows_match=True, rt_core=True, membership_speedup=143.497x, elapsed=409.70s
[goal2803] vector-sum probe: groups=8192, rows_per_group=16, repeats=3, warmups=2, cupy_available=True
[goal2803] vector-sum warmup 1/2
[goal2803] vector-sum warmup 2/2
[goal2803] vector-sum timed repeat 1/3: torch
[goal2803] vector-sum timed repeat 1/3: triton
[goal2803] vector-sum timed repeat 1/3: cupy
[goal2803] vector-sum timed repeat 2/3: torch
[goal2803] vector-sum timed repeat 2/3: triton
[goal2803] vector-sum timed repeat 2/3: cupy
[goal2803] vector-sum timed repeat 3/3: torch
[goal2803] vector-sum timed repeat 3/3: triton
[goal2803] vector-sum timed repeat 3/3: cupy
[goal2803] vector-sum probe done: matches=True, torch=0.000954s, triton=0.003887s, cupy=0.0007718862034380436, selected=cupy
{
  "app": "barnes_hut",
  "benchmark_track": "consolidated_membership_and_vector_sum",
  "cases": [
    {
      "body_count": 512,
      "bucket_size": 16
    },
    {
      "body_count": 2048,
      "bucket_size": 32
    },
    {
      "body_count": 8192,
      "bucket_size": 32
    }
  ],
  "claim_boundary": {
    "authors_code_comparison_authorized": false,
    "canonical_consolidated_harness": true,
    "native_engine_customization": false,
    "paper_reproduction_claim_authorized": false,
    "paper_speedup_claim_authorized": false,
    "public_speedup_claim_authorized": false,
    "triton_vector_sum_auto_selection_authorized": false,
    "whole_app_speedup_claim_authorized": false
  },
  "elapsed_sec": 452.7869189789053,
  "entrypoint_version": "rtdl.goal2803.barnes_hut_v2_5_consolidated_harness.v1",
  "goal": "Goal2803",
  "gpu": "NVIDIA RTX A5000, 570.211.01",
  "max_optix_membership_speedup_vs_embree": 143.49671062610258,
  "membership_rows": [
    {
      "body_count": 512,
      "bucket_size": 16,
      "case_elapsed_sec": 5.564103842945769,
      "embree_frontier_lowering_sec_median": 0.32092731702141464,
      "embree_membership_wrapper_sec_median": 0.17498885304667056,
      "embree_total_sec_median": 0.7893711279612035,
      "frontier_row_count": 54178,
      "near_zone_candidate_row_count": 13106,
      "optix_frontier_lowering_sec_median": 0.15595203591510653,
      "optix_frontier_lowering_speedup_vs_embree": 2.05785910480908,
      "optix_membership_wrapper_sec_median": 0.019375707022845745,
      "optix_membership_wrapper_speedup_vs_embree": 9.031353170252965,
      "optix_rt_core_accelerated": true,
      "optix_total_sec_median": 0.6351241359952837,
      "optix_total_speedup_vs_embree": 1.2428611718939069,
      "rows_match_between_backends": true,
      "validation_skipped": false
    },
    {
      "body_count": 2048,
      "bucket_size": 32,
      "case_elapsed_sec": 35.16700648004189,
      "embree_frontier_lowering_sec_median": 4.249066832009703,
      "embree_membership_wrapper_sec_median": 2.9860662899445742,
      "embree_total_sec_median": 7.457000309135765,
      "frontier_row_count": 514055,
      "near_zone_candidate_row_count": 65400,
      "optix_frontier_lowering_sec_median": 1.1354892540257424,
      "optix_frontier_lowering_speedup_vs_embree": 3.7420581629858147,
      "optix_membership_wrapper_sec_median": 0.09887298499234021,
      "optix_membership_wrapper_speedup_vs_embree": 30.20103307466552,
      "optix_rt_core_accelerated": true,
      "optix_total_sec_median": 4.093865306116641,
      "optix_total_speedup_vs_embree": 1.821506022192344,
      "rows_match_between_backends": true,
      "validation_skipped": true
    },
    {
      "body_count": 8192,
      "bucket_size": 32,
      "case_elapsed_sec": 409.70327088586055,
      "embree_frontier_lowering_sec_median": 99.29878643201664,
      "embree_membership_wrapper_sec_median": 93.50679311505519,
      "embree_total_sec_median": 112.45501094590873,
      "frontier_row_count": 2469712,
      "near_zone_candidate_row_count": 381692,
      "optix_frontier_lowering_sec_median": 7.641332428902388,
      "optix_frontier_lowering_speedup_vs_embree": 12.994957012527207,
      "optix_membership_wrapper_sec_median": 0.6516302200034261,
      "optix_membership_wrapper_speedup_vs_embree": 143.49671062610258,
      "optix_rt_core_accelerated": true,
      "optix_total_sec_median": 22.153573899064213,
      "optix_total_speedup_vs_embree": 5.076156626387895,
      "rows_match_between_backends": true,
      "validation_skipped": true
    }
  ],
  "membership_validation_policy": "first_case_reference_validation_plus_all_case_embree_optix_shape_parity",
  "min_optix_membership_speedup_vs_embree": 9.031353170252965,
  "repeats": 3,
  "source_commit": "5b6741fa7bf08a4934b283bd755a67af2b04ed7b",
  "source_dirty": [],
  "status": "pass",
  "triton_vector_sum_auto_selection_allowed": false,
  "vector_sum": {
    "cupy_available": true,
    "cupy_matches_torch": true,
    "cupy_median_sec": 0.0007718862034380436,
    "cupy_metadata": {
      "adapter": "grouped_vector_sum_2d_partner_columns",
      "claim_boundary": "Generic grouped vector-sum adapter over partner-owned columns. It does not call native RT traversal, does not authorize true zero-copy wording, and is preview integration evidence only.",
      "direct_device_handoff_authorized": false,
      "group_count": 8192,
      "input_contract": "caller_supplied_grouped_vector_rows_2d",
      "native_engine_row_contract": "not_called_partner_continuation_only",
      "partner": "cupy",
      "partner_reference_contract": "generic_grouped_vector_sum_f64x2",
      "row_count": 131072,
      "rt_core_speedup_claim_authorized": false,
      "v2_5_cupy_adapter_kernel": null,
      "v2_5_cupy_global_atomic_add_used": null,
      "v2_5_cupy_offset_program_count": null,
      "v2_5_cupy_presegmented_offsets_used": false,
      "v2_5_cupy_rawkernel_used": false,
      "v2_5_partner_continuation_operation": null,
      "v2_5_release_authorized": false,
      "v2_5_triton_adapter_kernel": null,
      "v2_5_triton_global_atomic_add_used": null,
      "v2_5_triton_offset_groups_per_program": null,
      "v2_5_triton_offset_program_count": null,
      "v2_5_triton_presegmented_offsets_used": false,
      "v2_5_triton_preview_kernel_status": null,
      "v2_5_triton_preview_kernel_used": false,
      "whole_app_speedup_claim_authorized": false
    },
    "cupy_over_torch_ratio": 0.808748131040955,
    "group_count": 8192,
    "matches_torch": true,
    "row_count": 131072,
    "rows_per_group": 16,
    "selected_partner": "cupy",
    "selected_partner_median_sec": 0.0007718862034380436,
    "selected_partner_reason": "cupy_wins_same_contract_timing",
    "status": "pass",
    "torch_faster": true,
    "torch_median_sec": 0.000954421004280448,
    "torch_metadata": {
      "adapter": "grouped_vector_sum_2d_partner_columns",
      "claim_boundary": "Generic grouped vector-sum adapter over partner-owned columns. It does not call native RT traversal, does not authorize true zero-copy wording, and is preview integration evidence only.",
      "direct_device_handoff_authorized": false,
      "group_count": 8192,
      "input_contract": "caller_supplied_grouped_vector_rows_2d",
      "native_engine_row_contract": "not_called_partner_continuation_only",
      "partner": "torch",
      "partner_reference_contract": "generic_grouped_vector_sum_f64x2",
      "row_count": 131072,
      "rt_core_speedup_claim_authorized": false,
      "v2_5_cupy_adapter_kernel": null,
      "v2_5_cupy_global_atomic_add_used": null,
      "v2_5_cupy_offset_program_count": null,
      "v2_5_cupy_presegmented_offsets_used": false,
      "v2_5_cupy_rawkernel_used": false,
      "v2_5_partner_continuation_operation": null,
      "v2_5_release_authorized": false,
      "v2_5_triton_adapter_kernel": null,
      "v2_5_triton_global_atomic_add_used": null,
      "v2_5_triton_offset_groups_per_program": null,
      "v2_5_triton_offset_program_count": null,
      "v2_5_triton_presegmented_offsets_used": false,
      "v2_5_triton_preview_kernel_status": null,
      "v2_5_triton_preview_kernel_used": false,
      "whole_app_speedup_claim_authorized": false
    },
    "triton_median_sec": 0.0038866661489009857,
    "triton_metadata": {
      "adapter": "grouped_vector_sum_2d_partner_columns",
      "claim_boundary": "Generic grouped vector-sum adapter over partner-owned columns. It does not call native RT traversal, does not authorize true zero-copy wording, and is preview integration evidence only.",
      "direct_device_handoff_authorized": false,
      "group_count": 8192,
      "input_contract": "caller_supplied_grouped_vector_rows_2d",
      "native_engine_row_contract": "not_called_partner_continuation_only",
      "partner": "triton",
      "partner_reference_contract": "generic_grouped_vector_sum_f64x2",
      "row_count": 131072,
      "rt_core_speedup_claim_authorized": false,
      "v2_5_cupy_adapter_kernel": null,
      "v2_5_cupy_global_atomic_add_used": null,
      "v2_5_cupy_offset_program_count": null,
      "v2_5_cupy_presegmented_offsets_used": false,
      "v2_5_cupy_rawkernel_used": false,
      "v2_5_partner_continuation_operation": "grouped_vector_sum_f64x2",
      "v2_5_release_authorized": false,
      "v2_5_triton_adapter_kernel": "grouped_vector_sum_f64x2_offsets_kernel",
      "v2_5_triton_global_atomic_add_used": false,
      "v2_5_triton_offset_groups_per_program": 1,
      "v2_5_triton_offset_program_count": 8192,
      "v2_5_triton_presegmented_offsets_used": true,
      "v2_5_triton_preview_kernel_status": "preview_not_promoted",
      "v2_5_triton_preview_kernel_used": true,
      "whole_app_speedup_claim_authorized": false
    },
    "triton_over_torch_ratio": 4.072276418341401,
    "triton_preview_promoted": false,
    "warmups": 2
  },
  "vector_warmups": 2
}
