[goal1928] start robot_collision_screening partner=cupy pose_count=4194304 obstacle_count=16384
[goal1928] timing robot_collision_screening:v2_prepared_partner:cupy repeat=3
[goal1928] robot_collision_screening:v2_prepared_partner:cupy iter=1 elapsed_s=0.085017
[goal1928] robot_collision_screening:v2_prepared_partner:cupy iter=2 elapsed_s=0.005143
[goal1928] robot_collision_screening:v2_prepared_partner:cupy iter=3 elapsed_s=0.004991
[goal1928] start robot_collision_screening partner=torch pose_count=4194304 obstacle_count=16384
[goal1928] timing robot_collision_screening:v2_prepared_partner:torch repeat=3
[goal1928] robot_collision_screening:v2_prepared_partner:torch iter=1 elapsed_s=0.013342
[goal1928] robot_collision_screening:v2_prepared_partner:torch iter=2 elapsed_s=0.005685
[goal1928] robot_collision_screening:v2_prepared_partner:torch iter=3 elapsed_s=0.005593
{
  "claim_boundary": {
    "broad_rt_core_speedup_claim_authorized": false,
    "package_install_claim_authorized": false,
    "v2_0_release_authorized": false,
    "whole_app_speedup_claim_authorized": false
  },
  "git_commit": "35666fb829a88f77ebdc6d18b9a66a45861d0e67",
  "goal": "Goal1928",
  "gpu": "NVIDIA RTX A5000, 570.195.03",
  "results": [
    {
      "app": "robot_collision_screening",
      "metadata": {
        "adapter": "robot_collision_pose_flags_optix_prepared_partner_device_columns",
        "app": "robot_collision_screening",
        "app_flag_host_materialization": false,
        "app_flag_materialization": "partner_gpu_pose_flags_from_native_any_hit_ray_flags",
        "backend": "optix",
        "direct_device_handoff_authorized": true,
        "direct_device_pointer_observed": true,
        "input_contract": "caller_supplied_partner_device_ray_columns_and_pose_indices",
        "native_engine_row_contract": "generic_ray_primitive_any_hit_flags",
        "native_symbol": "rtdl_optix_write_prepared_ray_anyhit_2d_device_flags",
        "output_columns_reused": true,
        "output_flags_true_zero_copy_authorized": true,
        "partner": "cupy",
        "partner_tensor_handoff_authorized": true,
        "pose_count": 4194304,
        "ray_columns_true_zero_copy_authorized": true,
        "ray_count": 16777216,
        "rt_core_speedup_claim_authorized": false,
        "source_devices": [
          "cuda:0"
        ],
        "source_protocols": [
          "cupy"
        ],
        "transfer_mode": "device_ray_triangle_columns_output_flags_zero_copy",
        "triangle_scene_true_zero_copy_authorized": true,
        "true_zero_copy_authorized": true,
        "v2_0_release_authorized": false,
        "whole_app_speedup_claim_authorized": false
      },
      "obstacle_count": 16384,
      "parity": {
        "colliding_pose_count_match": true,
        "pose_collision_flags_match": true,
        "v1_colliding_pose_count": 4161536,
        "v2_colliding_pose_count": 4161536
      },
      "partner": "cupy",
      "pose_count": 4194304,
      "ray_count": 16777216,
      "status": "pass",
      "triangle_count": 32768,
      "v1_8_prepared_optix_pose_flags": {
        "max_s": 0.3193632084876299,
        "median_s": 0.2508625853806734,
        "min_s": 0.24759433045983315
      },
      "v2_prepared_native_optix_partner_pose_flags": {
        "max_s": 0.08501742221415043,
        "median_s": 0.005143068730831146,
        "min_s": 0.0049911979585886
      },
      "v2_vs_v1_8_prepared_ratio": 0.020501537616806252
    },
    {
      "app": "robot_collision_screening",
      "metadata": {
        "adapter": "robot_collision_pose_flags_optix_prepared_partner_device_columns",
        "app": "robot_collision_screening",
        "app_flag_host_materialization": false,
        "app_flag_materialization": "partner_gpu_pose_flags_from_native_any_hit_ray_flags",
        "backend": "optix",
        "direct_device_handoff_authorized": true,
        "direct_device_pointer_observed": true,
        "input_contract": "caller_supplied_partner_device_ray_columns_and_pose_indices",
        "native_engine_row_contract": "generic_ray_primitive_any_hit_flags",
        "native_symbol": "rtdl_optix_write_prepared_ray_anyhit_2d_device_flags",
        "output_columns_reused": true,
        "output_flags_true_zero_copy_authorized": true,
        "partner": "torch",
        "partner_tensor_handoff_authorized": true,
        "pose_count": 4194304,
        "ray_columns_true_zero_copy_authorized": true,
        "ray_count": 16777216,
        "rt_core_speedup_claim_authorized": false,
        "source_devices": [
          "cuda:0"
        ],
        "source_protocols": [
          "torch"
        ],
        "transfer_mode": "device_ray_triangle_columns_output_flags_zero_copy",
        "triangle_scene_true_zero_copy_authorized": true,
        "true_zero_copy_authorized": true,
        "v2_0_release_authorized": false,
        "whole_app_speedup_claim_authorized": false
      },
      "obstacle_count": 16384,
      "parity": {
        "colliding_pose_count_match": true,
        "pose_collision_flags_match": true,
        "v1_colliding_pose_count": 4161536,
        "v2_colliding_pose_count": 4161536
      },
      "partner": "torch",
      "pose_count": 4194304,
      "ray_count": 16777216,
      "status": "pass",
      "triangle_count": 32768,
      "v1_8_prepared_optix_pose_flags": {
        "max_s": 0.26127083599567413,
        "median_s": 0.25946749560534954,
        "min_s": 0.2353497352451086
      },
      "v2_prepared_native_optix_partner_pose_flags": {
        "max_s": 0.013342265039682388,
        "median_s": 0.005684984847903252,
        "min_s": 0.005592776462435722
      },
      "v2_vs_v1_8_prepared_ratio": 0.02191020048441876
    }
  ],
  "source_commit_label": "35666fb829a88f77ebdc6d18b9a66a45861d0e67",
  "status": "pass"
}
