Running robot Embree baseline chunk 0
Terminated
Command exited with non-zero status 143
	Command being timed: "env RTDL_GOAL1085_START_CHUNK=0 RTDL_GOAL1085_END_CHUNK=0 RTDL_GOAL1085_SKIP_EXISTING=1 bash scripts/goal1085_robot_chunked_embree_baseline_runner.sh"
	User time (seconds): 2.38
	System time (seconds): 0.32
	Percent of CPU this job got: 0%
	Elapsed (wall clock) time (h:mm:ss or m:ss): 12:17.12
	Average shared text size (kbytes): 0
	Average unshared data size (kbytes): 0
	Average stack size (kbytes): 0
	Average total size (kbytes): 0
	Maximum resident set size (kbytes): 567848
	Average resident set size (kbytes): 0
	Major (requiring I/O) page faults: 2
	Minor (reclaiming a frame) page faults: 153596
	Voluntary context switches: 31
	Involuntary context switches: 36
	Swaps: 0
	File system inputs: 480
	File system outputs: 0
	Socket messages sent: 0
	Socket messages received: 0
	Signals delivered: 0
	Page size (bytes): 4096
	Exit status: 143
