Goal1116 current-source RTX rerun packet
source_commit=2ba7ae0
git_head=
utc_start=2026-04-29T15:26:23Z
Wed Apr 29 15:26:23 2026       
+-----------------------------------------------------------------------------------------+
| NVIDIA-SMI 570.211.01             Driver Version: 570.211.01     CUDA Version: 12.8     |
|-----------------------------------------+------------------------+----------------------+
| GPU  Name                 Persistence-M | Bus-Id          Disp.A | Volatile Uncorr. ECC |
| Fan  Temp   Perf          Pwr:Usage/Cap |           Memory-Usage | GPU-Util  Compute M. |
|                                         |                        |               MIG M. |
|=========================================+========================+======================|
|   0  NVIDIA RTX A5000               On  |   00000000:56:00.0 Off |                  Off |
| 30%   32C    P8             26W /  230W |       1MiB /  24564MiB |      0%      Default |
|                                         |                        |                  N/A |
+-----------------------------------------+------------------------+----------------------+
                                                                                         
+-----------------------------------------------------------------------------------------+
| Processes:                                                                              |
|  GPU   GI   CI              PID   Type   Process name                        GPU Memory |
|        ID   ID                                                               Usage      |
|=========================================================================================|
|  No running processes found                                                             |
+-----------------------------------------------------------------------------------------+
Running 1/5: facility_knn_assignment:coverage_threshold_prepared_recentered:same_scale_validation_and_timing
{"mode": "optix", "output_json": "docs/reports/goal1116_current_source_rtx_rerun_packet/facility_recentered_coverage_threshold_2_5m_optix_validation.json", "scenario": "facility_service_coverage_recentered"}
Completed docs/reports/goal1116_current_source_rtx_rerun_packet/facility_recentered_coverage_threshold_2_5m_optix_validation.json
Running 2/5: robot_collision_screening:prepared_pose_flags:correctness_validation
{
  "boundary": "This is a phase profiler, not a speedup claim. dry-run mode is schema/logic validation only. optix mode can support future RTX claim review only on RTX-class hardware with exported prepared OptiX any-hit symbols, and only for prepared ray/triangle pose-flag summary timing. packed_arrays input mode avoids per-ray Python object construction but remains app-specific. pose_count result mode returns only a scalar colliding-pose count for clean native summary timing.",
  "cloud_claim_contract": {
    "claim_scope": "prepared OptiX ray/triangle any-hit compact pose summary",
    "cloud_policy": "include in the single active RTX batch only after local pre-cloud readiness passes",
    "non_claim": "not continuous collision detection, full robot planning, full kinematics, witness-row speedup, or mesh-engine replacement",
    "required_phase_groups": [
      "python_input_construction_sec",
      "optix_prepare_scene_sec",
      "optix_prepare_rays_sec",
      "optix_prepare_pose_indices_sec",
      "prepared_pose_flags_warm_query_sec",
      "oracle_validate_sec",
      "close_sec",
      "total_sec"
    ],
    "result_mode": "pose_flags"
  },
  "date": "2026-04-22",
  "edge_ray_count": 16384,
  "generated_at": "2026-04-29T15:29:38",
  "host": {
    "hostname": "812b49ce658e",
    "machine": "x86_64",
    "platform": "Linux-5.15.0-124-generic-x86_64-with-glibc2.35",
    "python": "3.11.10"
  },
  "input_mode": "python_objects",
  "iterations": 3,
  "matches_oracle": true,
  "mode": "optix",
  "obstacle_count": 256,
  "obstacle_triangle_count": 512,
  "phases": {
    "close_sec": 4.0403567254543304e-05,
    "optix_prepare_pose_indices_sec": 0.0,
    "optix_prepare_rays_sec": 0.03314060065895319,
    "optix_prepare_scene_sec": 0.9354021158069372,
    "oracle_validate_sec": 53.12327165249735,
    "prepared_pose_flags_warm_query_sec": {
      "max_sec": 0.531714123673737,
      "median_sec": 0.0062142955139279366,
      "min_sec": 0.005992750637233257
    },
    "python_input_construction_sec": 0.054424655623734,
    "total_sec": 54.71137627027929
  },
  "pose_count": 4096,
  "result": {
    "colliding_pose_count": 3840,
    "colliding_pose_ids_sample": [
      2,
      3,
      4,
      5,
      6,
      7,
      8,
      9,
      10,
      11
    ],
    "oracle_colliding_pose_count": 3840,
    "pose_collision_flags_sample": [
      {
        "collides": false,
        "pose_id": 1
      },
      {
        "collides": true,
        "pose_id": 2
      },
      {
        "collides": true,
        "pose_id": 3
      },
      {
        "collides": true,
        "pose_id": 4
      },
      {
        "collides": true,
        "pose_id": 5
      },
      {
        "collides": true,
        "pose_id": 6
      },
      {
        "collides": true,
        "pose_id": 7
      },
      {
        "collides": true,
        "pose_id": 8
      },
      {
        "collides": true,
        "pose_id": 9
      },
      {
        "collides": true,
        "pose_id": 10
      }
    ]
  },
  "result_mode": "pose_flags",
  "schema_version": "goal825_tier1_phase_contract_v1",
  "source_commit": "2ba7ae0",
  "suite": "Goal760 OptiX robot pose-flags phase profiler",
  "validated": true
}
Completed docs/reports/goal1116_current_source_rtx_rerun_packet/robot_prepared_pose_flags_validation.json
Running 3/5: robot_collision_screening:prepared_pose_flags:large_timing_repeat
{
  "boundary": "This is a phase profiler, not a speedup claim. dry-run mode is schema/logic validation only. optix mode can support future RTX claim review only on RTX-class hardware with exported prepared OptiX any-hit symbols, and only for prepared ray/triangle pose-flag summary timing. packed_arrays input mode avoids per-ray Python object construction but remains app-specific. pose_count result mode returns only a scalar colliding-pose count for clean native summary timing.",
  "cloud_claim_contract": {
    "claim_scope": "prepared OptiX ray/triangle any-hit compact pose summary",
    "cloud_policy": "include in the single active RTX batch only after local pre-cloud readiness passes",
    "non_claim": "not continuous collision detection, full robot planning, full kinematics, witness-row speedup, or mesh-engine replacement",
    "required_phase_groups": [
      "python_input_construction_sec",
      "optix_prepare_scene_sec",
      "optix_prepare_rays_sec",
      "optix_prepare_pose_indices_sec",
      "prepared_pose_flags_warm_query_sec",
      "oracle_validate_sec",
      "close_sec",
      "total_sec"
    ],
    "result_mode": "pose_count"
  },
  "date": "2026-04-22",
  "edge_ray_count": 32000000,
  "generated_at": "2026-04-29T15:29:54",
  "host": {
    "hostname": "812b49ce658e",
    "machine": "x86_64",
    "platform": "Linux-5.15.0-124-generic-x86_64-with-glibc2.35",
    "python": "3.11.10"
  },
  "input_mode": "packed_arrays",
  "iterations": 7,
  "matches_oracle": null,
  "mode": "optix",
  "obstacle_count": 4096,
  "obstacle_triangle_count": 8192,
  "phases": {
    "close_sec": 0.003537026233971119,
    "optix_prepare_pose_indices_sec": 0.014889965765178204,
    "optix_prepare_rays_sec": 0.7919741179794073,
    "optix_prepare_scene_sec": 1.142176117748022,
    "oracle_validate_sec": 0.0,
    "prepared_pose_flags_warm_query_sec": {
      "max_sec": 0.6391031527891755,
      "median_sec": 0.013836648315191269,
      "min_sec": 0.013751793652772903
    },
    "python_input_construction_sec": 9.324892562814057,
    "total_sec": 15.15966095495969
  },
  "pose_count": 8000000,
  "result": {
    "colliding_pose_count": 7875000,
    "colliding_pose_ids_sample": [],
    "oracle_colliding_pose_count": null,
    "pose_collision_flags_sample": []
  },
  "result_mode": "pose_count",
  "schema_version": "goal825_tier1_phase_contract_v1",
  "source_commit": "2ba7ae0",
  "suite": "Goal760 OptiX robot pose-flags phase profiler",
  "validated": false
}
Completed docs/reports/goal1116_current_source_rtx_rerun_packet/robot_prepared_pose_flags_8m_timing.json
Running 4/5: barnes_hut_force_app:node_coverage_prepared_rich:correctness_validation
{"mode": "optix", "output_json": "docs/reports/goal1116_current_source_rtx_rerun_packet/barnes_hut_depth8_4096_validation.json", "scenario": "barnes_hut_node_coverage"}
Completed docs/reports/goal1116_current_source_rtx_rerun_packet/barnes_hut_depth8_4096_validation.json
Running 5/5: barnes_hut_force_app:node_coverage_prepared_rich:large_timing_repeat
{"mode": "optix", "output_json": "docs/reports/goal1116_current_source_rtx_rerun_packet/barnes_hut_depth8_20m_timing.json", "scenario": "barnes_hut_node_coverage"}
Completed docs/reports/goal1116_current_source_rtx_rerun_packet/barnes_hut_depth8_20m_timing.json
utc_end=2026-04-29T15:34:06Z
Goal1116 complete. Copy back docs/reports/goal1116_current_source_rtx_rerun_packet before stopping the pod.
